TN:
SF:/home/griest/graycoreio/daffodil/libs/geography/src/comparators/address.ts
FN:9,daffCompareAddresses
FNF:1
FNH:1
FNDA:4,daffCompareAddresses
DA:10,4
LF:1
LH:1
BRDA:10,0,0,4
BRDA:10,0,1,3
BRDA:10,0,2,3
BRDA:10,0,3,2
BRDA:10,0,4,2
BRDA:10,0,5,2
BRDA:10,0,6,2
BRDA:10,0,7,2
BRDA:10,0,8,2
BRF:9
BRH:9
end_of_record
TN:
SF:/home/griest/graycoreio/daffodil/libs/geography/src/comparators/personal-address.ts
FN:10,daffComparePersonalAddresses
FNF:1
FNH:1
FNDA:3,daffComparePersonalAddresses
DA:11,3
LF:1
LH:1
BRDA:11,0,0,3
BRDA:11,0,1,2
BRDA:11,0,2,2
BRDA:11,0,3,1
BRDA:11,0,4,1
BRDA:11,0,5,1
BRDA:11,0,6,1
BRDA:11,0,7,1
BRDA:11,0,8,1
BRDA:11,0,9,1
BRF:10
BRH:10
end_of_record
