TN:
SF:/home/griest/graycoreio/daffodil/apps/daffio/src/polyfills.ts
FNF:0
FNH:0
LF:0
LH:0
BRF:0
BRH:0
end_of_record
TN:
SF:/home/griest/graycoreio/daffodil/apps/daffio/src/test.ts
FNF:0
FNH:0
DA:13,1
DA:18,1
DA:20,1
LF:3
LH:3
BRF:0
BRH:0
end_of_record
TN:
SF:/home/griest/graycoreio/daffodil/apps/daffio/src/app/app.component.ts
FNF:0
FNH:0
DA:9,1
LF:1
LH:1
BRF:0
BRH:0
end_of_record
TN:
SF:/home/griest/graycoreio/daffodil/apps/daffio/src/app/content/homepage/component/homepage.component.ts
FNF:0
FNH:0
DA:8,1
LF:1
LH:1
BRF:0
BRH:0
end_of_record
TN:
SF:/home/griest/graycoreio/daffodil/apps/daffio/src/app/content/not-found/component/not-found.component.ts
FNF:0
FNH:0
DA:8,1
LF:1
LH:1
BRF:0
BRH:0
end_of_record
TN:
SF:/home/griest/graycoreio/daffodil/apps/daffio/src/app/content/pwa/components/feature-comparison/feature-comparison.component.ts
FN:4,(anonymous_2)
FNF:1
FNH:1
FNDA:1,(anonymous_2)
DA:9,1
DA:10,1
DA:11,1
LF:3
LH:3
BRF:0
BRH:0
end_of_record
TN:
SF:/home/griest/graycoreio/daffodil/apps/daffio/src/app/content/pwa/pages/pwa/pwa.component.ts
FNF:0
FNH:0
DA:8,1
LF:1
LH:1
BRF:0
BRH:0
end_of_record
TN:
SF:/home/griest/graycoreio/daffodil/apps/daffio/src/app/content/support/component/support.component.ts
FNF:0
FNH:0
DA:8,1
LF:1
LH:1
BRF:0
BRH:0
end_of_record
TN:
SF:/home/griest/graycoreio/daffodil/apps/daffio/src/app/core/footer/simple-footer/simple-footer.component.ts
FN:4,(anonymous_2)
FNF:1
FNH:1
FNDA:5,(anonymous_2)
DA:10,1
DA:11,5
DA:12,5
DA:14,5
LF:4
LH:4
BRF:0
BRH:0
end_of_record
TN:
SF:/home/griest/graycoreio/daffodil/apps/daffio/src/app/core/footer/sub-footer/sub-footer.component.ts
FNF:0
FNH:0
DA:10,1
LF:1
LH:1
BRF:0
BRH:0
end_of_record
TN:
SF:/home/griest/graycoreio/daffodil/apps/daffio/src/app/core/header/component/header.component.ts
FNF:0
FNH:0
DA:11,1
LF:1
LH:1
BRF:0
BRH:0
end_of_record
TN:
SF:/home/griest/graycoreio/daffodil/apps/daffio/src/app/core/header/containers/header.component.ts
FN:21,(anonymous_3)
FN:23,(anonymous_4)
FNF:2
FNH:2
FNDA:3,(anonymous_3)
FNDA:1,(anonymous_4)
DA:13,1
DA:14,3
DA:16,3
DA:21,3
DA:24,1
LF:5
LH:5
BRF:0
BRH:0
end_of_record
TN:
SF:/home/griest/graycoreio/daffodil/apps/daffio/src/app/core/header/header-item/header-item.directive.ts
FNF:0
FNH:0
DA:9,1
LF:1
LH:1
BRF:0
BRH:0
end_of_record
TN:
SF:/home/griest/graycoreio/daffodil/apps/daffio/src/app/core/sidebar/actions/sidebar.actions.ts
FN:4,(anonymous_1)
FN:13,(anonymous_2)
FN:17,(anonymous_3)
FN:21,(anonymous_4)
FN:28,(anonymous_5)
FN:34,(anonymous_6)
FN:38,(anonymous_7)
FNF:7
FNH:7
FNDA:1,(anonymous_1)
FNDA:3,(anonymous_2)
FNDA:3,(anonymous_3)
FNDA:5,(anonymous_4)
FNDA:3,(anonymous_5)
FNDA:3,(anonymous_6)
FNDA:5,(anonymous_7)
DA:4,1
DA:5,1
DA:6,1
DA:7,1
DA:8,1
DA:9,1
DA:10,1
DA:14,3
DA:18,3
DA:22,5
DA:26,3
DA:28,3
DA:32,3
DA:34,3
DA:39,5
LF:15
LH:15
BRDA:4,0,0,1
BRDA:4,0,1,1
BRF:2
BRH:2
end_of_record
TN:
SF:/home/griest/graycoreio/daffodil/apps/daffio/src/app/core/sidebar/containers/sidebar-viewport/sidebar-viewport.component.ts
FN:28,(anonymous_3)
FN:22,(anonymous_4)
FN:31,(anonymous_5)
FN:35,(anonymous_6)
FN:39,(anonymous_7)
FNF:5
FNH:5
FNDA:8,(anonymous_3)
FNDA:9,(anonymous_4)
FNDA:1,(anonymous_5)
FNDA:1,(anonymous_6)
FNDA:1,(anonymous_7)
DA:16,1
DA:23,9
DA:24,9
DA:25,9
DA:28,8
DA:29,8
DA:32,1
DA:36,1
DA:40,1
LF:9
LH:9
BRF:0
BRH:0
end_of_record
TN:
SF:/home/griest/graycoreio/daffodil/apps/daffio/src/app/core/sidebar/effects/sidebar-routing-mode.effects.ts
FN:18,(anonymous_3)
FN:24,(anonymous_4)
FN:28,(anonymous_5)
FNF:3
FNH:3
FNDA:3,(anonymous_3)
FNDA:3,(anonymous_4)
FNDA:3,(anonymous_5)
DA:17,1
DA:19,3
DA:20,3
DA:24,4
DA:29,3
DA:30,3
DA:31,1
DA:34,2
LF:8
LH:8
BRDA:30,0,0,1
BRDA:30,0,1,2
BRDA:30,1,0,3
BRDA:30,1,1,1
BRF:4
BRH:4
end_of_record
TN:
SF:/home/griest/graycoreio/daffodil/apps/daffio/src/app/core/sidebar/effects/sidebar.effects.ts
FN:18,(anonymous_3)
FN:25,(anonymous_4)
FN:28,(anonymous_5)
FNF:3
FNH:3
FNDA:2,(anonymous_3)
FNDA:1,(anonymous_4)
FNDA:1,(anonymous_5)
DA:17,1
DA:19,2
DA:20,2
DA:24,2
DA:25,1
DA:29,1
LF:6
LH:6
BRDA:25,0,0,0
BRDA:25,1,0,0
BRF:2
BRH:0
end_of_record
TN:
SF:/home/griest/graycoreio/daffodil/apps/daffio/src/app/core/sidebar/helpers/computeDeepestSidebarMode.ts
FN:5,(anonymous_1)
FNF:1
FNH:1
FNDA:7,(anonymous_1)
DA:5,1
DA:6,7
DA:7,2
DA:8,2
DA:11,6
DA:12,5
DA:15,1
LF:7
LH:7
BRDA:6,0,0,2
BRDA:6,0,1,5
BRDA:8,1,0,1
BRDA:8,1,1,1
BRDA:11,2,0,5
BRDA:11,2,1,1
BRF:6
BRH:6
end_of_record
TN:
SF:/home/griest/graycoreio/daffodil/apps/daffio/src/app/core/sidebar/reducers/index.ts
FN:29,(anonymous_1)
FNF:1
FNH:1
FNDA:11,(anonymous_1)
DA:14,1
DA:22,1
DA:27,1
DA:29,11
DA:32,1
DA:37,1
LF:6
LH:6
BRF:0
BRH:0
end_of_record
TN:
SF:/home/griest/graycoreio/daffodil/apps/daffio/src/app/core/sidebar/reducers/sidebar.reducer.ts
FN:14,reducer
FN:33,(anonymous_2)
FN:34,(anonymous_3)
FNF:3
FNH:3
FNDA:18,reducer
FNDA:2,(anonymous_2)
FNDA:1,(anonymous_3)
DA:9,1
DA:15,18
DA:17,1
DA:19,1
DA:21,1
DA:23,1
DA:25,1
DA:27,1
DA:29,12
DA:33,2
DA:34,1
LF:11
LH:11
BRDA:14,0,0,11
BRDA:16,1,0,1
BRDA:16,1,1,1
BRDA:16,1,2,1
BRDA:16,1,3,1
BRDA:16,1,4,1
BRDA:16,1,5,1
BRDA:16,1,6,12
BRF:8
BRH:8
end_of_record
TN:
SF:/home/griest/graycoreio/daffodil/apps/daffio/src/app/core/template/template.component.ts
FNF:0
FNH:0
DA:7,1
LF:1
LH:1
BRF:0
BRH:0
end_of_record
TN:
SF:/home/griest/graycoreio/daffodil/apps/daffio/src/app/design/device/iphone/iphone.component.ts
FNF:0
FNH:0
DA:8,1
LF:1
LH:1
BRF:0
BRH:0
end_of_record
TN:
SF:/home/griest/graycoreio/daffodil/apps/daffio/src/app/docs/api-docs/components/api-doc/api-doc.component.ts
FNF:0
FNH:0
DA:12,1
DA:17,1
LF:2
LH:2
BRF:0
BRH:0
end_of_record
TN:
SF:/home/griest/graycoreio/daffodil/apps/daffio/src/app/docs/api-docs/components/api-doc/api-doc.module.ts
FNF:0
FNH:0
DA:19,1
LF:1
LH:1
BRF:0
BRH:0
end_of_record
TN:
SF:/home/griest/graycoreio/daffodil/apps/daffio/src/app/docs/api-docs/components/api-docs-list/api-docs-list.component.ts
FN:5,(anonymous_3)
FNF:1
FNH:1
FNDA:4,(anonymous_3)
DA:11,1
DA:16,4
LF:2
LH:2
BRF:0
BRH:0
end_of_record
TN:
SF:/home/griest/graycoreio/daffodil/apps/daffio/src/app/docs/api-docs/resolvers/api-list-resolver.service.ts
FN:13,(anonymous_3)
FN:15,(anonymous_4)
FN:20,(anonymous_5)
FNF:3
FNH:3
FNDA:4,(anonymous_3)
FNDA:3,(anonymous_4)
FNDA:2,(anonymous_5)
DA:11,1
DA:13,4
DA:16,3
DA:21,2
DA:22,2
LF:5
LH:5
BRF:0
BRH:0
end_of_record
TN:
SF:/home/griest/graycoreio/daffodil/apps/daffio/src/app/docs/api-docs/services/api-doc.service.ts
FN:13,(anonymous_3)
FN:15,(anonymous_4)
FNF:2
FNH:2
FNDA:2,(anonymous_3)
FNDA:1,(anonymous_4)
DA:8,1
DA:11,1
DA:13,2
DA:16,1
LF:4
LH:4
BRF:0
BRH:0
end_of_record
TN:
SF:/home/griest/graycoreio/daffodil/apps/daffio/src/app/docs/api-docs/views/api-doc-view/doc-view.component.ts
FN:18,(anonymous_3)
FN:20,(anonymous_4)
FN:21,(anonymous_5)
FNF:3
FNH:3
FNDA:3,(anonymous_3)
FNDA:3,(anonymous_4)
FNDA:4,(anonymous_5)
DA:14,1
DA:18,3
DA:21,4
LF:3
LH:3
BRF:0
BRH:0
end_of_record
TN:
SF:/home/griest/graycoreio/daffodil/apps/daffio/src/app/docs/api-docs/views/api-docs-list/api-docs-list-view.component.ts
FN:16,(anonymous_3)
FN:18,(anonymous_4)
FN:20,(anonymous_5)
FNF:3
FNH:3
FNDA:3,(anonymous_3)
FNDA:3,(anonymous_4)
FNDA:6,(anonymous_5)
DA:10,1
DA:16,3
DA:19,3
DA:20,6
LF:4
LH:4
BRF:0
BRH:0
end_of_record
TN:
SF:/home/griest/graycoreio/daffodil/apps/daffio/src/app/docs/shared/components/doc-viewer/doc-viewer.component.ts
FNF:0
FNH:0
DA:9,1
DA:14,1
LF:2
LH:2
BRF:0
BRH:0
end_of_record
TN:
SF:/home/griest/graycoreio/daffodil/apps/daffio/src/app/docs/shared/components/doc-viewer/doc-viewer.module.ts
FNF:0
FNH:0
DA:16,1
LF:1
LH:1
BRF:0
BRH:0
end_of_record
TN:
SF:/home/griest/graycoreio/daffodil/apps/daffio/src/app/docs/shared/components/docs-template/docs-template.component.ts
FNF:0
FNH:0
DA:8,1
LF:1
LH:1
BRF:0
BRH:0
end_of_record
TN:
SF:/home/griest/graycoreio/daffodil/apps/daffio/src/app/docs/shared/components/guides-viewer/guides-viewer.component.ts
FNF:0
FNH:0
DA:9,1
DA:14,1
LF:2
LH:2
BRF:0
BRH:0
end_of_record
TN:
SF:/home/griest/graycoreio/daffodil/apps/daffio/src/app/docs/shared/components/guides-viewer/guides-viewer.module.ts
FNF:0
FNH:0
DA:21,1
LF:1
LH:1
BRF:0
BRH:0
end_of_record
TN:
SF:/home/griest/graycoreio/daffodil/apps/daffio/src/app/docs/shared/resolvers/doc-resolver.service.ts
FN:14,(anonymous_3)
FN:16,(anonymous_4)
FN:21,(anonymous_5)
FNF:3
FNH:3
FNDA:4,(anonymous_3)
FNDA:3,(anonymous_4)
FNDA:2,(anonymous_5)
DA:12,1
DA:14,4
DA:17,3
DA:22,2
DA:23,2
LF:5
LH:5
BRF:0
BRH:0
end_of_record
TN:
SF:/home/griest/graycoreio/daffodil/apps/daffio/src/app/docs/shared/services/docs.service.ts
FN:15,(anonymous_3)
FN:17,(anonymous_4)
FN:20,(anonymous_5)
FNF:3
FNH:3
FNDA:11,(anonymous_3)
FNDA:1,(anonymous_4)
FNDA:10,(anonymous_5)
DA:8,1
DA:13,1
DA:15,11
DA:18,1
DA:21,10
LF:5
LH:5
BRF:0
BRH:0
end_of_record
TN:
SF:/home/griest/graycoreio/daffodil/apps/daffio/src/app/docs/shared/views/doc/doc-view.component.ts
FN:14,(anonymous_3)
FN:16,(anonymous_4)
FN:17,(anonymous_5)
FNF:3
FNH:3
FNDA:3,(anonymous_3)
FNDA:3,(anonymous_4)
FNDA:5,(anonymous_5)
DA:10,1
DA:14,3
DA:17,5
LF:3
LH:3
BRF:0
BRH:0
end_of_record
TN:
SF:/home/griest/graycoreio/daffodil/apps/daffio/src/app/docs/testing/factories/doc.factory.ts
FN:6,(anonymous_3)
FN:16,(anonymous_4)
FNF:2
FNH:2
FNDA:10,(anonymous_3)
FNDA:7,(anonymous_4)
DA:7,10
DA:8,10
DA:9,10
DA:15,1
DA:17,7
LF:5
LH:5
BRF:0
BRH:0
end_of_record
TN:
SF:/home/griest/graycoreio/daffodil/apps/daffio/src/app/docs/testing/factories/guide-list.factory.ts
FNF:0
FNH:0
DA:1,1
LF:1
LH:1
BRF:0
BRH:0
end_of_record
TN:
SF:/home/griest/graycoreio/daffodil/apps/daffio/src/app/newsletter/newsletter.component.ts
FNF:0
FNH:0
DA:8,1
LF:1
LH:1
BRF:0
BRH:0
end_of_record
