TN:
SF:/home/griest/graycoreio/daffodil/libs/newsletter/src/index.ts
FNF:0
FNH:0
LF:0
LH:0
BRF:0
BRH:0
end_of_record
TN:
SF:/home/griest/graycoreio/daffodil/libs/newsletter/src/newsletter.module.ts
FNF:0
FNH:0
DA:18,1
LF:1
LH:1
BRF:0
BRH:0
end_of_record
TN:
SF:/home/griest/graycoreio/daffodil/libs/newsletter/src/actions/newsletter.actions.ts
FN:5,(anonymous_1)
FN:17,(anonymous_2)
FN:22,(anonymous_3)
FN:25,(anonymous_4)
FN:32,(anonymous_5)
FN:34,(anonymous_6)
FN:37,(anonymous_7)
FNF:7
FNH:7
FNDA:1,(anonymous_1)
FNDA:4,(anonymous_2)
FNDA:2,(anonymous_3)
FNDA:2,(anonymous_4)
FNDA:6,(anonymous_5)
FNDA:6,(anonymous_6)
FNDA:1,(anonymous_7)
DA:5,1
DA:6,1
DA:7,1
DA:8,1
DA:9,1
DA:10,1
DA:11,1
DA:15,4
DA:17,4
DA:20,2
DA:22,2
DA:26,2
DA:30,6
DA:32,6
DA:35,6
DA:38,1
LF:16
LH:16
BRDA:5,0,0,1
BRDA:5,0,1,1
BRF:2
BRH:2
end_of_record
TN:
SF:/home/griest/graycoreio/daffodil/libs/newsletter/src/driver/public_api.ts
FNF:0
FNH:0
LF:0
LH:0
BRF:0
BRH:0
end_of_record
TN:
SF:/home/griest/graycoreio/daffodil/libs/newsletter/src/driver/hubspot/hubspot-driver.module.ts
FN:17,(anonymous_2)
FNF:1
FNH:1
FNDA:2,(anonymous_2)
DA:16,1
DA:20,2
LF:2
LH:2
BRF:0
BRH:0
end_of_record
TN:
SF:/home/griest/graycoreio/daffodil/libs/newsletter/src/driver/hubspot/newsletter.service.ts
FN:12,(anonymous_3)
FN:14,(anonymous_4)
FNF:2
FNH:2
FNDA:4,(anonymous_3)
FNDA:2,(anonymous_4)
DA:10,1
DA:12,4
DA:15,2
LF:3
LH:3
BRF:0
BRH:0
end_of_record
TN:
SF:/home/griest/graycoreio/daffodil/libs/newsletter/src/driver/hubspot/public_api.ts
FNF:0
FNH:0
LF:0
LH:0
BRF:0
BRH:0
end_of_record
TN:
SF:/home/griest/graycoreio/daffodil/libs/newsletter/src/driver/hubspot/config/newsletter-config.interface.ts
FNF:0
FNH:0
DA:4,1
LF:1
LH:1
BRF:0
BRH:0
end_of_record
TN:
SF:/home/griest/graycoreio/daffodil/libs/newsletter/src/driver/interfaces/newsletter-service.interface.ts
FNF:0
FNH:0
DA:5,1
LF:1
LH:1
BRF:0
BRH:0
end_of_record
TN:
SF:/home/griest/graycoreio/daffodil/libs/newsletter/src/effects/newsletter.effects.ts
FN:16,(anonymous_5)
FN:20,(anonymous_6)
FN:24,(anonymous_7)
FN:30,(anonymous_8)
FN:33,(anonymous_9)
FNF:5
FNH:5
FNDA:7,(anonymous_5)
FNDA:7,(anonymous_6)
FNDA:7,(anonymous_7)
FNDA:2,(anonymous_8)
FNDA:2,(anonymous_9)
DA:14,1
DA:17,7
DA:18,7
DA:20,7
DA:25,7
DA:26,2
DA:28,5
DA:29,5
DA:31,2
DA:34,2
LF:10
LH:10
BRDA:25,0,0,2
BRDA:25,0,1,5
BRDA:28,1,0,5
BRDA:28,1,1,0
BRDA:28,2,0,5
BRDA:28,2,1,2
BRF:6
BRH:5
end_of_record
TN:
SF:/home/griest/graycoreio/daffodil/libs/newsletter/src/facades/newsletter.facade.ts
FN:15,(anonymous_3)
FN:18,(anonymous_4)
FNF:2
FNH:2
FNDA:8,(anonymous_3)
FNDA:1,(anonymous_4)
DA:10,1
DA:11,8
DA:12,8
DA:13,8
DA:15,8
DA:19,1
LF:6
LH:6
BRF:0
BRH:0
end_of_record
TN:
SF:/home/griest/graycoreio/daffodil/libs/newsletter/src/reducers/newsletter.reducer.ts
FN:16,reducer
FNF:1
FNH:1
FNDA:22,reducer
DA:10,1
DA:17,22
DA:20,3
DA:22,2
DA:24,1
DA:26,2
DA:28,1
DA:30,13
LF:8
LH:8
BRDA:16,0,0,15
BRDA:18,1,0,1
BRDA:18,1,1,3
BRDA:18,1,2,2
BRDA:18,1,3,1
BRDA:18,1,4,2
BRDA:18,1,5,1
BRDA:18,1,6,13
BRF:8
BRH:8
end_of_record
TN:
SF:/home/griest/graycoreio/daffodil/libs/newsletter/src/selectors/newsletter.selector.ts
FN:20,(anonymous_1)
FN:25,(anonymous_2)
FN:30,(anonymous_3)
FNF:3
FNH:3
FNDA:2,(anonymous_1)
FNDA:2,(anonymous_2)
FNDA:3,(anonymous_3)
DA:12,1
DA:18,1
DA:20,2
DA:23,1
DA:25,2
DA:28,1
DA:30,3
LF:7
LH:7
BRF:0
BRH:0
end_of_record
