TN:
SF:/home/griest/graycoreio/daffodil/libs/auth/src/auth-state.module.ts
FNF:0
FNH:0
DA:14,1
LF:1
LH:1
BRF:0
BRH:0
end_of_record
TN:
SF:/home/griest/graycoreio/daffodil/libs/auth/src/auth.module.ts
FNF:0
FNH:0
DA:12,1
LF:1
LH:1
BRF:0
BRH:0
end_of_record
TN:
SF:/home/griest/graycoreio/daffodil/libs/auth/src/index.ts
FNF:0
FNH:0
LF:0
LH:0
BRF:0
BRH:0
end_of_record
TN:
SF:/home/griest/graycoreio/daffodil/libs/auth/src/actions/auth.actions.ts
FN:7,(anonymous_1)
FN:28,(anonymous_2)
FN:38,(anonymous_3)
FN:47,(anonymous_4)
FN:56,(anonymous_5)
FN:67,(anonymous_6)
FN:78,(anonymous_7)
FN:84,(anonymous_8)
FN:93,(anonymous_9)
FN:105,(anonymous_10)
FN:112,(anonymous_11)
FN:121,(anonymous_12)
FN:133,(anonymous_13)
FN:144,(anonymous_14)
FN:155,(anonymous_15)
FN:166,(anonymous_16)
FNF:16
FNH:16
FNDA:1,(anonymous_1)
FNDA:5,(anonymous_2)
FNDA:7,(anonymous_3)
FNDA:2,(anonymous_4)
FNDA:5,(anonymous_5)
FNDA:13,(anonymous_6)
FNDA:5,(anonymous_7)
FNDA:2,(anonymous_8)
FNDA:5,(anonymous_9)
FNDA:4,(anonymous_10)
FNDA:3,(anonymous_11)
FNDA:4,(anonymous_12)
FNDA:5,(anonymous_13)
FNDA:3,(anonymous_14)
FNDA:4,(anonymous_15)
FNDA:5,(anonymous_16)
DA:7,1
DA:8,1
DA:9,1
DA:10,1
DA:11,1
DA:12,1
DA:13,1
DA:14,1
DA:15,1
DA:16,1
DA:17,1
DA:18,1
DA:19,1
DA:20,1
DA:21,1
DA:22,1
DA:29,5
DA:36,7
DA:38,7
DA:45,2
DA:47,2
DA:54,5
DA:56,5
DA:65,13
DA:67,13
DA:76,5
DA:78,5
DA:85,2
DA:94,5
DA:103,4
DA:105,4
DA:113,3
DA:122,4
DA:131,5
DA:133,5
DA:142,3
DA:144,3
DA:153,4
DA:155,4
DA:164,5
DA:166,5
LF:41
LH:41
BRDA:7,0,0,1
BRDA:7,0,1,1
BRF:2
BRH:2
end_of_record
TN:
SF:/home/griest/graycoreio/daffodil/libs/auth/src/drivers/interfaces/auth-service.interface.ts
FNF:0
FNH:0
DA:11,1
LF:1
LH:1
BRF:0
BRH:0
end_of_record
TN:
SF:/home/griest/graycoreio/daffodil/libs/auth/src/drivers/interfaces/login-service.interface.ts
FNF:0
FNH:0
DA:24,1
LF:1
LH:1
BRF:0
BRH:0
end_of_record
TN:
SF:/home/griest/graycoreio/daffodil/libs/auth/src/drivers/interfaces/register-service.interface.ts
FNF:0
FNH:0
DA:21,1
LF:1
LH:1
BRF:0
BRH:0
end_of_record
TN:
SF:/home/griest/graycoreio/daffodil/libs/auth/src/drivers/magento/auth-driver.module.ts
FN:19,(anonymous_2)
FNF:1
FNH:0
FNDA:0,(anonymous_2)
DA:18,1
DA:20,0
LF:2
LH:1
BRF:0
BRH:0
end_of_record
TN:
SF:/home/griest/graycoreio/daffodil/libs/auth/src/drivers/magento/auth.service.ts
FN:18,(anonymous_3)
FN:20,(anonymous_4)
FN:24,(anonymous_5)
FNF:3
FNH:3
FNDA:4,(anonymous_3)
FNDA:3,(anonymous_4)
FNDA:2,(anonymous_5)
DA:17,1
DA:18,4
DA:21,3
DA:24,2
LF:4
LH:4
BRF:0
BRH:0
end_of_record
TN:
SF:/home/griest/graycoreio/daffodil/libs/auth/src/drivers/magento/login.service.ts
FN:23,(anonymous_3)
FN:28,(anonymous_4)
FN:37,(anonymous_5)
FN:38,(anonymous_6)
FN:42,(anonymous_7)
FN:46,(anonymous_8)
FNF:6
FNH:6
FNDA:8,(anonymous_3)
FNDA:4,(anonymous_4)
FNDA:2,(anonymous_5)
FNDA:2,(anonymous_6)
FNDA:3,(anonymous_7)
FNDA:2,(anonymous_8)
DA:22,1
DA:24,8
DA:25,8
DA:29,4
DA:37,2
DA:38,2
DA:43,3
DA:46,2
LF:8
LH:8
BRF:0
BRH:0
end_of_record
TN:
SF:/home/griest/graycoreio/daffodil/libs/auth/src/drivers/magento/public_api.ts
FNF:0
FNH:0
LF:0
LH:0
BRF:0
BRH:0
end_of_record
TN:
SF:/home/griest/graycoreio/daffodil/libs/auth/src/drivers/magento/register.service.ts
FN:17,(anonymous_3)
FN:22,(anonymous_4)
FN:33,(anonymous_5)
FNF:3
FNH:3
FNDA:3,(anonymous_3)
FNDA:2,(anonymous_4)
FNDA:1,(anonymous_5)
DA:16,1
DA:18,3
DA:19,3
DA:23,2
DA:33,1
LF:5
LH:5
BRF:0
BRH:0
end_of_record
TN:
SF:/home/griest/graycoreio/daffodil/libs/auth/src/drivers/magento/errors/codes.ts
FN:1,(anonymous_1)
FNF:1
FNH:1
FNDA:1,(anonymous_1)
DA:1,1
DA:2,1
DA:3,1
DA:4,1
LF:4
LH:4
BRDA:1,0,0,1
BRDA:1,0,1,1
BRF:2
BRH:2
end_of_record
TN:
SF:/home/griest/graycoreio/daffodil/libs/auth/src/drivers/magento/errors/map.ts
FNF:0
FNH:0
DA:10,1
LF:1
LH:1
BRF:0
BRH:0
end_of_record
TN:
SF:/home/griest/graycoreio/daffodil/libs/auth/src/drivers/magento/errors/transform.ts
FN:5,(anonymous_1)
FNF:1
FNH:1
FNDA:12,(anonymous_1)
DA:5,1
DA:6,12
LF:2
LH:2
BRF:0
BRH:0
end_of_record
TN:
SF:/home/griest/graycoreio/daffodil/libs/auth/src/drivers/magento/queries/check-token.ts
FNF:0
FNH:0
DA:3,1
LF:1
LH:1
BRF:0
BRH:0
end_of_record
TN:
SF:/home/griest/graycoreio/daffodil/libs/auth/src/drivers/magento/queries/create-customer.ts
FNF:0
FNH:0
DA:3,1
LF:1
LH:1
BRF:0
BRH:0
end_of_record
TN:
SF:/home/griest/graycoreio/daffodil/libs/auth/src/drivers/magento/queries/generate-token.ts
FNF:0
FNH:0
DA:3,1
LF:1
LH:1
BRF:0
BRH:0
end_of_record
TN:
SF:/home/griest/graycoreio/daffodil/libs/auth/src/drivers/magento/queries/public_api.ts
FNF:0
FNH:0
LF:0
LH:0
BRF:0
BRH:0
end_of_record
TN:
SF:/home/griest/graycoreio/daffodil/libs/auth/src/drivers/magento/queries/revoke-customer-token.ts
FNF:0
FNH:0
DA:3,1
LF:1
LH:1
BRF:0
BRH:0
end_of_record
TN:
SF:/home/griest/graycoreio/daffodil/libs/auth/src/drivers/magento/transforms/auth-transformer.service.ts
FN:18,(anonymous_2)
FNF:1
FNH:1
FNDA:1,(anonymous_2)
DA:12,1
DA:19,1
LF:2
LH:2
BRF:0
BRH:0
end_of_record
TN:
SF:/home/griest/graycoreio/daffodil/libs/auth/src/drivers/magento/transforms/login-info-transformer.service.ts
FN:13,(anonymous_2)
FNF:1
FNH:1
FNDA:3,(anonymous_2)
DA:12,1
DA:14,3
LF:2
LH:2
BRF:0
BRH:0
end_of_record
TN:
SF:/home/griest/graycoreio/daffodil/libs/auth/src/drivers/magento/validators/check-token.ts
FN:6,(anonymous_1)
FNF:1
FNH:1
FNDA:2,(anonymous_1)
DA:6,1
DA:7,2
DA:8,1
DA:10,1
LF:4
LH:4
BRDA:7,0,0,1
BRDA:7,0,1,1
BRF:2
BRH:2
end_of_record
TN:
SF:/home/griest/graycoreio/daffodil/libs/auth/src/drivers/magento/validators/generate-token.ts
FN:6,(anonymous_1)
FNF:1
FNH:1
FNDA:2,(anonymous_1)
DA:6,1
DA:7,2
DA:8,1
DA:10,1
LF:4
LH:4
BRDA:7,0,0,1
BRDA:7,0,1,1
BRF:2
BRH:2
end_of_record
TN:
SF:/home/griest/graycoreio/daffodil/libs/auth/src/drivers/magento/validators/public_api.ts
FNF:0
FNH:0
LF:0
LH:0
BRF:0
BRH:0
end_of_record
TN:
SF:/home/griest/graycoreio/daffodil/libs/auth/src/drivers/magento/validators/revoke-token.ts
FN:6,(anonymous_1)
FNF:1
FNH:1
FNDA:2,(anonymous_1)
DA:6,1
DA:7,2
DA:8,1
DA:10,1
LF:4
LH:4
BRDA:7,0,0,1
BRDA:7,0,1,1
BRF:2
BRH:2
end_of_record
TN:
SF:/home/griest/graycoreio/daffodil/libs/auth/src/effects/auth.effects.ts
FN:38,(anonymous_5)
FN:49,(anonymous_6)
FN:52,(anonymous_7)
FN:62,(anonymous_8)
FN:64,(anonymous_9)
FN:67,(anonymous_10)
FN:79,(anonymous_11)
FN:83,(anonymous_12)
FN:89,(anonymous_13)
FN:92,(anonymous_14)
FN:102,(anonymous_15)
FN:108,(anonymous_16)
FN:110,(anonymous_17)
FN:113,(anonymous_18)
FN:123,(anonymous_19)
FN:126,(anonymous_20)
FN:133,(anonymous_21)
FNF:17
FNH:17
FNDA:14,(anonymous_5)
FNDA:2,(anonymous_6)
FNDA:1,(anonymous_7)
FNDA:2,(anonymous_8)
FNDA:1,(anonymous_9)
FNDA:1,(anonymous_10)
FNDA:2,(anonymous_11)
FNDA:1,(anonymous_12)
FNDA:2,(anonymous_13)
FNDA:1,(anonymous_14)
FNDA:1,(anonymous_15)
FNDA:2,(anonymous_16)
FNDA:1,(anonymous_17)
FNDA:1,(anonymous_18)
FNDA:2,(anonymous_19)
FNDA:1,(anonymous_20)
FNDA:4,(anonymous_21)
DA:33,1
DA:39,14
DA:40,14
DA:41,14
DA:42,14
DA:43,14
DA:47,15
DA:50,2
DA:53,1
DA:60,15
DA:63,2
DA:65,1
DA:68,1
DA:77,15
DA:80,2
DA:83,1
DA:87,15
DA:90,2
DA:93,1
DA:100,15
DA:102,1
DA:106,15
DA:109,2
DA:111,1
DA:114,1
DA:121,15
DA:124,2
DA:127,1
DA:134,4
LF:29
LH:29
BRF:0
BRH:0
end_of_record
TN:
SF:/home/griest/graycoreio/daffodil/libs/auth/src/errors/authentication-failed.ts
FN:6,(anonymous_1)
FNF:1
FNH:1
FNDA:1,(anonymous_1)
DA:4,1
DA:6,1
DA:7,1
LF:3
LH:3
BRF:0
BRH:0
end_of_record
TN:
SF:/home/griest/graycoreio/daffodil/libs/auth/src/errors/invalid-api-response.ts
FN:6,(anonymous_1)
FNF:1
FNH:1
FNDA:6,(anonymous_1)
DA:4,6
DA:6,6
DA:7,6
LF:3
LH:3
BRF:0
BRH:0
end_of_record
TN:
SF:/home/griest/graycoreio/daffodil/libs/auth/src/errors/public_api.ts
FNF:0
FNH:0
LF:0
LH:0
BRF:0
BRH:0
end_of_record
TN:
SF:/home/griest/graycoreio/daffodil/libs/auth/src/errors/unauthorized.ts
FN:6,(anonymous_1)
FNF:1
FNH:1
FNDA:3,(anonymous_1)
DA:4,3
DA:6,3
DA:7,3
LF:3
LH:3
BRF:0
BRH:0
end_of_record
TN:
SF:/home/griest/graycoreio/daffodil/libs/auth/src/facades/auth.facade.ts
FN:28,(anonymous_3)
FN:53,(anonymous_4)
FNF:2
FNH:2
FNDA:18,(anonymous_3)
FNDA:1,(anonymous_4)
DA:15,1
DA:28,18
DA:38,18
DA:40,18
DA:41,18
DA:43,18
DA:44,18
DA:46,18
DA:47,18
DA:49,18
DA:50,18
DA:54,1
LF:12
LH:12
BRF:0
BRH:0
end_of_record
TN:
SF:/home/griest/graycoreio/daffodil/libs/auth/src/guards/guest-only.guard.ts
FN:18,(anonymous_3)
FN:23,(anonymous_4)
FN:31,(anonymous_5)
FN:33,(anonymous_6)
FNF:4
FNH:4
FNDA:3,(anonymous_3)
FNDA:1,(anonymous_4)
FNDA:3,(anonymous_5)
FNDA:2,(anonymous_6)
DA:17,1
DA:19,3
DA:20,3
DA:24,1
DA:26,1
DA:28,1
DA:32,3
DA:33,2
LF:8
LH:8
BRF:0
BRH:0
end_of_record
TN:
SF:/home/griest/graycoreio/daffodil/libs/auth/src/guards/member-only.guard.ts
FN:22,(anonymous_3)
FN:27,(anonymous_4)
FN:35,(anonymous_5)
FN:38,(anonymous_6)
FNF:4
FNH:4
FNDA:3,(anonymous_3)
FNDA:1,(anonymous_4)
FNDA:5,(anonymous_5)
FNDA:2,(anonymous_6)
DA:21,1
DA:23,3
DA:24,3
DA:28,1
DA:30,1
DA:32,1
DA:36,5
DA:38,2
LF:8
LH:8
BRF:0
BRH:0
end_of_record
TN:
SF:/home/griest/graycoreio/daffodil/libs/auth/src/guards/public_api.ts
FNF:0
FNH:0
LF:0
LH:0
BRF:0
BRH:0
end_of_record
TN:
SF:/home/griest/graycoreio/daffodil/libs/auth/src/reducers/auth-reducers.ts
FNF:0
FNH:0
DA:5,1
LF:1
LH:1
BRF:0
BRH:0
end_of_record
TN:
SF:/home/griest/graycoreio/daffodil/libs/auth/src/reducers/auth-store-feature-key.ts
FNF:0
FNH:0
DA:1,1
LF:1
LH:1
BRF:0
BRH:0
end_of_record
TN:
SF:/home/griest/graycoreio/daffodil/libs/auth/src/reducers/public_api.ts
FNF:0
FNH:0
LF:0
LH:0
BRF:0
BRH:0
end_of_record
TN:
SF:/home/griest/graycoreio/daffodil/libs/auth/src/reducers/auth/auth-initial-state.ts
FNF:0
FNH:0
DA:3,1
LF:1
LH:1
BRF:0
BRH:0
end_of_record
TN:
SF:/home/griest/graycoreio/daffodil/libs/auth/src/reducers/auth/auth.reducer.ts
FN:8,daffAuthReducer
FNF:1
FNH:1
FNDA:47,daffAuthReducer
DA:20,47
DA:22,2
DA:28,1
DA:34,3
DA:41,41
LF:5
LH:5
BRDA:13,0,0,29
BRDA:21,1,0,2
BRDA:21,1,1,1
BRDA:21,1,2,3
BRDA:21,1,3,41
BRF:5
BRH:5
end_of_record
TN:
SF:/home/griest/graycoreio/daffodil/libs/auth/src/reducers/auth/public_api.ts
FNF:0
FNH:0
LF:0
LH:0
BRF:0
BRH:0
end_of_record
TN:
SF:/home/griest/graycoreio/daffodil/libs/auth/src/reducers/login/login-initial-state.ts
FNF:0
FNH:0
DA:3,1
LF:1
LH:1
BRF:0
BRH:0
end_of_record
TN:
SF:/home/griest/graycoreio/daffodil/libs/auth/src/reducers/login/login.reducer.ts
FN:8,daffAuthLoginReducer
FNF:1
FNH:1
FNDA:53,daffAuthLoginReducer
DA:20,53
DA:23,3
DA:29,9
DA:36,2
DA:44,5
DA:51,34
LF:6
LH:6
BRDA:13,0,0,29
BRDA:21,1,0,2
BRDA:21,1,1,3
BRDA:21,1,2,9
BRDA:21,1,3,2
BRDA:21,1,4,3
BRDA:21,1,5,5
BRDA:21,1,6,34
BRF:8
BRH:8
end_of_record
TN:
SF:/home/griest/graycoreio/daffodil/libs/auth/src/reducers/login/public_api.ts
FNF:0
FNH:0
LF:0
LH:0
BRF:0
BRH:0
end_of_record
TN:
SF:/home/griest/graycoreio/daffodil/libs/auth/src/reducers/register/public_api.ts
FNF:0
FNH:0
LF:0
LH:0
BRF:0
BRH:0
end_of_record
TN:
SF:/home/griest/graycoreio/daffodil/libs/auth/src/reducers/register/register-initial-state.ts
FNF:0
FNH:0
DA:3,1
LF:1
LH:1
BRF:0
BRH:0
end_of_record
TN:
SF:/home/griest/graycoreio/daffodil/libs/auth/src/reducers/register/register.reducer.ts
FN:8,daffAuthRegisterReducer
FNF:1
FNH:1
FNDA:47,daffAuthRegisterReducer
DA:20,47
DA:22,2
DA:28,1
DA:34,3
DA:41,41
LF:5
LH:5
BRDA:13,0,0,29
BRDA:21,1,0,2
BRDA:21,1,1,1
BRDA:21,1,2,3
BRDA:21,1,3,41
BRF:5
BRH:5
end_of_record
TN:
SF:/home/griest/graycoreio/daffodil/libs/auth/src/selectors/auth-all.selector.ts
FN:17,(anonymous_1)
FN:19,(anonymous_2)
FNF:2
FNH:2
FNDA:1,(anonymous_1)
FNDA:18,(anonymous_2)
DA:17,1
DA:19,1
DA:20,18
LF:3
LH:3
BRDA:20,0,0,18
BRDA:20,0,1,1
BRF:2
BRH:2
end_of_record
TN:
SF:/home/griest/graycoreio/daffodil/libs/auth/src/selectors/auth-feature.selector.ts
FN:9,(anonymous_1)
FN:11,(anonymous_2)
FNF:2
FNH:2
FNDA:1,(anonymous_1)
FNDA:4,(anonymous_2)
DA:9,1
DA:11,1
DA:12,4
LF:3
LH:3
BRDA:12,0,0,4
BRDA:12,0,1,1
BRF:2
BRH:2
end_of_record
TN:
SF:/home/griest/graycoreio/daffodil/libs/auth/src/selectors/public_api.ts
FNF:0
FNH:0
LF:0
LH:0
BRF:0
BRH:0
end_of_record
TN:
SF:/home/griest/graycoreio/daffodil/libs/auth/src/selectors/auth/auth.selector.ts
FN:16,(anonymous_1)
FN:19,(anonymous_2)
FN:24,(anonymous_3)
FN:29,(anonymous_4)
FN:39,(anonymous_5)
FN:41,(anonymous_6)
FNF:6
FNH:6
FNDA:1,(anonymous_1)
FNDA:7,(anonymous_2)
FNDA:3,(anonymous_3)
FNDA:2,(anonymous_4)
FNDA:1,(anonymous_5)
FNDA:2,(anonymous_6)
DA:16,1
DA:17,1
DA:19,7
DA:22,1
DA:24,3
DA:27,1
DA:29,2
DA:32,1
DA:39,1
DA:41,1
DA:42,2
LF:11
LH:11
BRDA:42,0,0,2
BRDA:42,0,1,1
BRF:2
BRH:2
end_of_record
TN:
SF:/home/griest/graycoreio/daffodil/libs/auth/src/selectors/login/login.selector.ts
FN:16,(anonymous_1)
FN:19,(anonymous_2)
FN:24,(anonymous_3)
FN:29,(anonymous_4)
FN:34,(anonymous_5)
FN:39,(anonymous_6)
FN:51,(anonymous_7)
FN:53,(anonymous_8)
FNF:8
FNH:8
FNDA:1,(anonymous_1)
FNDA:13,(anonymous_2)
FNDA:3,(anonymous_3)
FNDA:3,(anonymous_4)
FNDA:6,(anonymous_5)
FNDA:3,(anonymous_6)
FNDA:1,(anonymous_7)
FNDA:2,(anonymous_8)
DA:16,1
DA:17,1
DA:19,13
DA:22,1
DA:24,3
DA:27,1
DA:29,3
DA:32,1
DA:34,6
DA:37,1
DA:39,3
DA:42,1
DA:51,1
DA:53,1
DA:54,2
LF:15
LH:15
BRDA:39,0,0,2
BRDA:39,0,1,1
BRDA:54,1,0,2
BRDA:54,1,1,1
BRF:4
BRH:4
end_of_record
TN:
SF:/home/griest/graycoreio/daffodil/libs/auth/src/selectors/register/register.selector.ts
FN:15,(anonymous_1)
FN:18,(anonymous_2)
FN:23,(anonymous_3)
FN:28,(anonymous_4)
FN:38,(anonymous_5)
FN:40,(anonymous_6)
FNF:6
FNH:6
FNDA:1,(anonymous_1)
FNDA:7,(anonymous_2)
FNDA:3,(anonymous_3)
FNDA:2,(anonymous_4)
FNDA:1,(anonymous_5)
FNDA:2,(anonymous_6)
DA:15,1
DA:16,1
DA:18,7
DA:21,1
DA:23,3
DA:26,1
DA:28,2
DA:31,1
DA:38,1
DA:40,1
DA:41,2
LF:11
LH:11
BRDA:41,0,0,2
BRDA:41,0,1,1
BRF:2
BRH:2
end_of_record
TN:
SF:/home/griest/graycoreio/daffodil/libs/auth/src/storage/auth-storage.service.ts
FN:11,(anonymous_5)
FN:13,(anonymous_6)
FN:17,(anonymous_7)
FN:21,(anonymous_8)
FNF:4
FNH:4
FNDA:4,(anonymous_5)
FNDA:5,(anonymous_6)
FNDA:4,(anonymous_7)
FNDA:5,(anonymous_8)
DA:8,1
DA:9,4
DA:11,4
DA:14,5
DA:18,4
DA:22,5
LF:6
LH:6
BRF:0
BRH:0
end_of_record
