TN:
SF:/home/griest/graycoreio/daffodil/libs/product/src/index.ts
FNF:0
FNH:0
LF:0
LH:0
BRF:0
BRH:0
end_of_record
TN:
SF:/home/griest/graycoreio/daffodil/libs/product/src/product-state.module.ts
FNF:0
FNH:0
DA:20,1
LF:1
LH:1
BRF:0
BRH:0
end_of_record
TN:
SF:/home/griest/graycoreio/daffodil/libs/product/src/product.module.ts
FNF:0
FNH:0
DA:16,1
LF:1
LH:1
BRF:0
BRH:0
end_of_record
TN:
SF:/home/griest/graycoreio/daffodil/libs/product/src/actions/best-sellers.actions.ts
FN:8,(anonymous_1)
FN:21,(anonymous_2)
FN:32,(anonymous_3)
FN:43,(anonymous_4)
FN:52,(anonymous_5)
FNF:5
FNH:5
FNDA:1,(anonymous_1)
FNDA:3,(anonymous_2)
FNDA:15,(anonymous_3)
FNDA:4,(anonymous_4)
FNDA:3,(anonymous_5)
DA:8,1
DA:9,1
DA:10,1
DA:11,1
DA:12,1
DA:19,3
DA:30,15
DA:32,15
DA:41,4
DA:43,4
DA:50,3
LF:11
LH:11
BRDA:8,0,0,1
BRDA:8,0,1,1
BRF:2
BRH:2
end_of_record
TN:
SF:/home/griest/graycoreio/daffodil/libs/product/src/actions/composite-product.actions.ts
FN:9,(anonymous_1)
FN:23,(anonymous_2)
FNF:2
FNH:2
FNDA:1,(anonymous_1)
FNDA:4,(anonymous_2)
DA:9,1
DA:10,1
DA:21,4
DA:23,4
LF:4
LH:4
BRDA:9,0,0,1
BRDA:9,0,1,1
BRF:2
BRH:2
end_of_record
TN:
SF:/home/griest/graycoreio/daffodil/libs/product/src/actions/configurable-product.actions.ts
FN:8,(anonymous_1)
FN:24,(anonymous_2)
FN:36,(anonymous_3)
FN:51,(anonymous_4)
FNF:4
FNH:4
FNDA:1,(anonymous_1)
FNDA:43,(anonymous_2)
FNDA:1,(anonymous_3)
FNDA:3,(anonymous_4)
DA:8,1
DA:9,1
DA:10,1
DA:11,1
DA:22,43
DA:24,43
DA:34,1
DA:36,1
DA:49,3
DA:51,3
LF:10
LH:10
BRDA:8,0,0,1
BRDA:8,0,1,1
BRF:2
BRH:2
end_of_record
TN:
SF:/home/griest/graycoreio/daffodil/libs/product/src/actions/product-grid.actions.ts
FN:8,(anonymous_1)
FN:21,(anonymous_2)
FN:32,(anonymous_3)
FN:43,(anonymous_4)
FN:52,(anonymous_5)
FNF:5
FNH:5
FNDA:1,(anonymous_1)
FNDA:4,(anonymous_2)
FNDA:48,(anonymous_3)
FNDA:4,(anonymous_4)
FNDA:3,(anonymous_5)
DA:8,1
DA:9,1
DA:10,1
DA:11,1
DA:12,1
DA:19,4
DA:30,48
DA:32,48
DA:41,4
DA:43,4
DA:50,3
LF:11
LH:11
BRDA:8,0,0,1
BRDA:8,0,1,1
BRF:2
BRH:2
end_of_record
TN:
SF:/home/griest/graycoreio/daffodil/libs/product/src/actions/product.actions.ts
FN:7,(anonymous_1)
FN:23,(anonymous_2)
FN:34,(anonymous_3)
FN:45,(anonymous_4)
FN:56,(anonymous_5)
FNF:5
FNH:5
FNDA:1,(anonymous_1)
FNDA:27,(anonymous_2)
FNDA:95,(anonymous_3)
FNDA:5,(anonymous_4)
FNDA:1,(anonymous_5)
DA:7,1
DA:8,1
DA:9,1
DA:10,1
DA:11,1
DA:12,1
DA:21,27
DA:23,27
DA:32,95
DA:34,95
DA:43,5
DA:45,5
DA:54,1
DA:56,1
LF:14
LH:14
BRDA:7,0,0,1
BRDA:7,0,1,1
BRF:2
BRH:2
end_of_record
TN:
SF:/home/griest/graycoreio/daffodil/libs/product/src/drivers/injection-tokens/product-driver.token.ts
FNF:0
FNH:0
DA:8,1
LF:1
LH:1
BRF:0
BRH:0
end_of_record
TN:
SF:/home/griest/graycoreio/daffodil/libs/product/src/drivers/magento/product-driver.module.ts
FN:13,(anonymous_2)
FNF:1
FNH:0
FNDA:0,(anonymous_2)
DA:12,1
DA:14,0
LF:2
LH:1
BRF:0
BRH:0
end_of_record
TN:
SF:/home/griest/graycoreio/daffodil/libs/product/src/drivers/magento/product.service.ts
FN:21,(anonymous_3)
FN:27,(anonymous_4)
FN:34,(anonymous_5)
FN:41,(anonymous_6)
FN:45,(anonymous_7)
FN:51,(anonymous_8)
FNF:6
FNH:3
FNDA:3,(anonymous_3)
FNDA:2,(anonymous_4)
FNDA:2,(anonymous_5)
FNDA:0,(anonymous_6)
FNDA:0,(anonymous_7)
FNDA:0,(anonymous_8)
DA:20,1
DA:21,3
DA:28,2
DA:34,2
DA:42,0
DA:45,0
DA:52,0
LF:7
LH:4
BRF:0
BRH:0
end_of_record
TN:
SF:/home/griest/graycoreio/daffodil/libs/product/src/drivers/magento/public_api.ts
FNF:0
FNH:0
LF:0
LH:0
BRF:0
BRH:0
end_of_record
TN:
SF:/home/griest/graycoreio/daffodil/libs/product/src/drivers/magento/models/bundled-product.ts
FN:4,(anonymous_1)
FNF:1
FNH:1
FNDA:1,(anonymous_1)
DA:4,1
DA:5,1
DA:6,1
DA:7,1
LF:4
LH:4
BRDA:4,0,0,1
BRDA:4,0,1,1
BRF:2
BRH:2
end_of_record
TN:
SF:/home/griest/graycoreio/daffodil/libs/product/src/drivers/magento/models/magento-product.ts
FN:1,(anonymous_1)
FN:7,(anonymous_2)
FNF:2
FNH:2
FNDA:1,(anonymous_1)
FNDA:1,(anonymous_2)
DA:1,1
DA:2,1
DA:3,1
DA:4,1
DA:7,1
DA:8,1
DA:9,1
LF:7
LH:7
BRDA:1,0,0,1
BRDA:1,0,1,1
BRDA:7,1,0,1
BRDA:7,1,1,1
BRF:4
BRH:4
end_of_record
TN:
SF:/home/griest/graycoreio/daffodil/libs/product/src/drivers/magento/queries/get-all-products.ts
FNF:0
FNH:0
DA:4,1
LF:1
LH:1
BRF:0
BRH:0
end_of_record
TN:
SF:/home/griest/graycoreio/daffodil/libs/product/src/drivers/magento/queries/get-product.ts
FNF:0
FNH:0
DA:4,1
LF:1
LH:1
BRF:0
BRH:0
end_of_record
TN:
SF:/home/griest/graycoreio/daffodil/libs/product/src/drivers/magento/queries/fragments/bundled-product.ts
FNF:0
FNH:0
DA:3,1
LF:1
LH:1
BRF:0
BRH:0
end_of_record
TN:
SF:/home/griest/graycoreio/daffodil/libs/product/src/drivers/magento/queries/fragments/configurable-product.ts
FNF:0
FNH:0
DA:3,1
LF:1
LH:1
BRF:0
BRH:0
end_of_record
TN:
SF:/home/griest/graycoreio/daffodil/libs/product/src/drivers/magento/queries/fragments/product.ts
FNF:0
FNH:0
DA:6,1
LF:1
LH:1
BRF:0
BRH:0
end_of_record
TN:
SF:/home/griest/graycoreio/daffodil/libs/product/src/drivers/magento/queries/fragments/simple-product.ts
FNF:0
FNH:0
DA:3,1
LF:1
LH:1
BRF:0
BRH:0
end_of_record
TN:
SF:/home/griest/graycoreio/daffodil/libs/product/src/drivers/magento/transforms/bundled-product-transformers.ts
FN:16,transformMagentoBundledProduct
FN:29,transformMagentoBundledProductItem
FN:39,transformMagentoBundledProductItemOption
FN:56,getPrice
FN:65,getDiscount
FNF:5
FNH:5
FNDA:2,transformMagentoBundledProduct
FNDA:1,transformMagentoBundledProductItem
FNDA:2,transformMagentoBundledProductItemOption
FNDA:2,getPrice
FNDA:2,getDiscount
DA:17,2
DA:30,1
DA:40,2
DA:57,2
DA:66,2
LF:5
LH:5
BRDA:61,0,0,2
BRDA:61,0,1,0
BRDA:57,1,0,2
BRDA:57,1,1,2
BRDA:57,1,2,2
BRDA:57,1,3,2
BRDA:69,2,0,2
BRDA:69,2,1,0
BRDA:66,3,0,2
BRDA:66,3,1,2
BRDA:66,3,2,2
BRF:11
BRH:9
end_of_record
TN:
SF:/home/griest/graycoreio/daffodil/libs/product/src/drivers/magento/transforms/configurable-product-transformers.ts
FN:23,transformMagentoConfigurableProduct
FN:32,transformOption
FN:41,transformOptionValue
FN:48,transformVariant
FN:63,transformVariantAttributes
FN:65,(anonymous_6)
FN:78,getPrice
FN:86,getDiscount
FNF:8
FNH:8
FNDA:2,transformMagentoConfigurableProduct
FNDA:5,transformOption
FNDA:16,transformOptionValue
FNDA:14,transformVariant
FNDA:15,transformVariantAttributes
FNDA:39,(anonymous_6)
FNDA:14,getPrice
FNDA:14,getDiscount
DA:24,2
DA:33,5
DA:42,16
DA:49,14
DA:64,15
DA:65,15
DA:66,39
DA:72,15
DA:79,14
DA:87,14
LF:10
LH:10
BRDA:83,0,0,14
BRDA:83,0,1,0
BRDA:79,1,0,14
BRDA:79,1,1,14
BRDA:79,1,2,14
BRDA:79,1,3,14
BRDA:90,2,0,14
BRDA:90,2,1,0
BRDA:87,3,0,14
BRDA:87,3,1,14
BRDA:87,3,2,14
BRF:11
BRH:9
end_of_record
TN:
SF:/home/griest/graycoreio/daffodil/libs/product/src/drivers/magento/transforms/product-transformers.ts
FN:13,transformMagentoProduct
FN:27,transformManyMagentoProducts
FN:28,(anonymous_3)
FNF:3
FNH:3
FNDA:7,transformMagentoProduct
FNDA:1,transformManyMagentoProducts
FNDA:2,(anonymous_3)
DA:14,7
DA:16,1
DA:18,1
DA:20,5
DA:28,2
LF:5
LH:5
BRDA:15,0,0,1
BRDA:15,0,1,1
BRDA:15,0,2,5
BRF:3
BRH:3
end_of_record
TN:
SF:/home/griest/graycoreio/daffodil/libs/product/src/drivers/magento/transforms/simple-product-transformers.ts
FN:8,transformMagentoSimpleProduct
FN:28,getPrice
FN:36,getDiscount
FN:46,transformMediaGalleryEntries
FN:47,(anonymous_5)
FNF:5
FNH:4
FNDA:10,transformMagentoSimpleProduct
FNDA:10,getPrice
FNDA:10,getDiscount
FNDA:10,transformMediaGalleryEntries
FNDA:0,(anonymous_5)
DA:9,10
DA:29,10
DA:37,10
DA:47,10
DA:48,0
LF:5
LH:4
BRDA:33,0,0,10
BRDA:33,0,1,0
BRDA:29,1,0,10
BRDA:29,1,1,10
BRDA:29,1,2,10
BRDA:29,1,3,10
BRDA:40,2,0,9
BRDA:40,2,1,1
BRDA:37,3,0,10
BRDA:37,3,1,10
BRDA:37,3,2,10
BRDA:47,4,0,8
BRDA:47,4,1,2
BRF:13
BRH:12
end_of_record
TN:
SF:/home/griest/graycoreio/daffodil/libs/product/src/drivers/shopify/product-driver.module.ts
FN:13,(anonymous_2)
FNF:1
FNH:0
FNDA:0,(anonymous_2)
DA:12,1
DA:14,0
LF:2
LH:1
BRF:0
BRH:0
end_of_record
TN:
SF:/home/griest/graycoreio/daffodil/libs/product/src/drivers/shopify/product.service.ts
FN:81,(anonymous_3)
FN:101,(anonymous_4)
FN:108,(anonymous_5)
FN:115,(anonymous_6)
FN:116,(anonymous_7)
FN:122,(anonymous_8)
FN:129,(anonymous_9)
FN:130,(anonymous_10)
FN:141,(anonymous_11)
FN:148,(anonymous_12)
FNF:10
FNH:7
FNDA:21,(anonymous_3)
FNDA:3,(anonymous_4)
FNDA:1,(anonymous_5)
FNDA:1,(anonymous_6)
FNDA:20,(anonymous_7)
FNDA:0,(anonymous_8)
FNDA:0,(anonymous_9)
FNDA:0,(anonymous_10)
FNDA:1,(anonymous_11)
FNDA:1,(anonymous_12)
DA:46,1
DA:64,1
DA:81,1
DA:82,21
DA:97,1
DA:99,3
DA:101,3
DA:109,1
DA:116,20
DA:123,0
DA:130,0
DA:142,1
DA:148,1
LF:13
LH:11
BRF:0
BRH:0
end_of_record
TN:
SF:/home/griest/graycoreio/daffodil/libs/product/src/effects/best-seller.effects.ts
FN:24,(anonymous_5)
FN:37,(anonymous_6)
FN:40,(anonymous_7)
FN:43,(anonymous_8)
FNF:4
FNH:4
FNDA:3,(anonymous_5)
FNDA:2,(anonymous_6)
FNDA:1,(anonymous_7)
FNDA:1,(anonymous_8)
DA:22,1
DA:25,3
DA:26,3
DA:35,4
DA:38,2
DA:41,1
DA:44,1
LF:7
LH:7
BRF:0
BRH:0
end_of_record
TN:
SF:/home/griest/graycoreio/daffodil/libs/product/src/effects/product-grid.effects.ts
FN:25,(anonymous_5)
FN:38,(anonymous_6)
FN:41,(anonymous_7)
FN:44,(anonymous_8)
FNF:4
FNH:4
FNDA:3,(anonymous_5)
FNDA:2,(anonymous_6)
FNDA:1,(anonymous_7)
FNDA:1,(anonymous_8)
DA:23,1
DA:26,3
DA:27,3
DA:36,4
DA:39,2
DA:42,1
DA:45,1
LF:7
LH:7
BRF:0
BRH:0
end_of_record
TN:
SF:/home/griest/graycoreio/daffodil/libs/product/src/effects/product.effects.ts
FN:26,(anonymous_5)
FN:39,(anonymous_6)
FN:42,(anonymous_7)
FN:45,(anonymous_8)
FNF:4
FNH:4
FNDA:3,(anonymous_5)
FNDA:2,(anonymous_6)
FNDA:1,(anonymous_7)
FNDA:1,(anonymous_8)
DA:24,1
DA:27,3
DA:28,3
DA:37,4
DA:40,2
DA:43,1
DA:46,1
LF:7
LH:7
BRF:0
BRH:0
end_of_record
TN:
SF:/home/griest/graycoreio/daffodil/libs/product/src/facades/helpers.ts
FN:7,(anonymous_1)
FN:16,(anonymous_2)
FNF:2
FNH:2
FNDA:3,(anonymous_1)
FNDA:3,(anonymous_2)
DA:7,1
DA:8,3
DA:16,1
DA:17,3
LF:4
LH:4
BRDA:8,0,0,3
BRDA:8,0,1,2
BRDA:17,1,0,3
BRDA:17,1,1,1
BRF:4
BRH:4
end_of_record
TN:
SF:/home/griest/graycoreio/daffodil/libs/product/src/facades/best-sellers/best-sellers.facade.ts
FN:28,(anonymous_3)
FN:42,(anonymous_4)
FNF:2
FNH:2
FNDA:6,(anonymous_3)
FNDA:1,(anonymous_4)
DA:18,1
DA:28,6
DA:32,6
DA:34,6
DA:35,6
DA:43,1
LF:6
LH:6
BRF:0
BRH:0
end_of_record
TN:
SF:/home/griest/graycoreio/daffodil/libs/product/src/facades/composite-product/composite-product.facade.ts
FN:28,(anonymous_3)
FN:44,(anonymous_4)
FN:48,(anonymous_5)
FN:52,(anonymous_6)
FN:56,(anonymous_7)
FN:60,(anonymous_8)
FN:67,(anonymous_9)
FNF:7
FNH:7
FNDA:7,(anonymous_3)
FNDA:1,(anonymous_4)
FNDA:1,(anonymous_5)
FNDA:1,(anonymous_6)
FNDA:1,(anonymous_7)
FNDA:1,(anonymous_8)
FNDA:1,(anonymous_9)
DA:26,1
DA:28,7
DA:30,7
DA:36,7
DA:42,7
DA:45,1
DA:49,1
DA:53,1
DA:57,1
DA:61,1
DA:68,1
LF:11
LH:11
BRF:0
BRH:0
end_of_record
TN:
SF:/home/griest/graycoreio/daffodil/libs/product/src/facades/configurable-product/configurable-product.facade.ts
FN:26,(anonymous_3)
FN:28,(anonymous_4)
FN:32,(anonymous_5)
FN:36,(anonymous_6)
FN:40,(anonymous_7)
FN:44,(anonymous_8)
FN:48,(anonymous_9)
FN:52,(anonymous_10)
FN:56,(anonymous_11)
FN:60,(anonymous_12)
FN:64,(anonymous_13)
FN:68,(anonymous_14)
FN:72,(anonymous_15)
FN:76,(anonymous_16)
FN:83,(anonymous_17)
FNF:15
FNH:14
FNDA:15,(anonymous_3)
FNDA:1,(anonymous_4)
FNDA:1,(anonymous_5)
FNDA:1,(anonymous_6)
FNDA:1,(anonymous_7)
FNDA:1,(anonymous_8)
FNDA:1,(anonymous_9)
FNDA:1,(anonymous_10)
FNDA:1,(anonymous_11)
FNDA:1,(anonymous_12)
FNDA:2,(anonymous_13)
FNDA:0,(anonymous_14)
FNDA:1,(anonymous_15)
FNDA:1,(anonymous_16)
FNDA:1,(anonymous_17)
DA:22,1
DA:24,15
DA:26,15
DA:29,1
DA:33,1
DA:37,1
DA:41,1
DA:45,1
DA:49,1
DA:53,1
DA:57,1
DA:61,1
DA:65,2
DA:69,0
DA:73,1
DA:77,1
DA:84,1
LF:17
LH:16
BRF:0
BRH:0
end_of_record
TN:
SF:/home/griest/graycoreio/daffodil/libs/product/src/facades/product/product.facade.ts
FN:26,(anonymous_3)
FN:31,(anonymous_4)
FN:35,(anonymous_5)
FN:39,(anonymous_6)
FN:43,(anonymous_7)
FN:47,(anonymous_8)
FN:51,(anonymous_9)
FN:55,(anonymous_10)
FN:62,(anonymous_11)
FNF:9
FNH:9
FNDA:13,(anonymous_3)
FNDA:1,(anonymous_4)
FNDA:1,(anonymous_5)
FNDA:1,(anonymous_6)
FNDA:1,(anonymous_7)
FNDA:1,(anonymous_8)
FNDA:1,(anonymous_9)
FNDA:1,(anonymous_10)
FNDA:1,(anonymous_11)
DA:20,1
DA:24,13
DA:26,13
DA:27,13
DA:28,13
DA:32,1
DA:36,1
DA:40,1
DA:44,1
DA:48,1
DA:52,1
DA:56,1
DA:63,1
LF:13
LH:13
BRF:0
BRH:0
end_of_record
TN:
SF:/home/griest/graycoreio/daffodil/libs/product/src/facades/product-grid/product-grid.facade.ts
FN:27,(anonymous_3)
FN:40,(anonymous_4)
FNF:2
FNH:2
FNDA:6,(anonymous_3)
FNDA:1,(anonymous_4)
DA:17,1
DA:27,6
DA:31,6
DA:33,6
DA:34,6
DA:41,1
LF:6
LH:6
BRF:0
BRH:0
end_of_record
TN:
SF:/home/griest/graycoreio/daffodil/libs/product/src/models/composite-product-item.ts
FN:6,(anonymous_1)
FNF:1
FNH:1
FNDA:1,(anonymous_1)
DA:6,1
DA:7,1
DA:8,1
LF:3
LH:3
BRDA:6,0,0,1
BRDA:6,0,1,1
BRF:2
BRH:2
end_of_record
TN:
SF:/home/griest/graycoreio/daffodil/libs/product/src/models/product.ts
FN:3,(anonymous_1)
FNF:1
FNH:1
FNDA:1,(anonymous_1)
DA:3,1
DA:4,1
DA:5,1
DA:6,1
LF:4
LH:4
BRDA:3,0,0,1
BRDA:3,0,1,1
BRF:2
BRH:2
end_of_record
TN:
SF:/home/griest/graycoreio/daffodil/libs/product/src/reducers/product-reducers.ts
FNF:0
FNH:0
DA:11,1
LF:1
LH:1
BRF:0
BRH:0
end_of_record
TN:
SF:/home/griest/graycoreio/daffodil/libs/product/src/reducers/public_api.ts
FNF:0
FNH:0
LF:0
LH:0
BRF:0
BRH:0
end_of_record
TN:
SF:/home/griest/graycoreio/daffodil/libs/product/src/reducers/best-sellers/best-sellers.reducer.ts
FN:13,daffBestSellersReducer
FN:33,getIds
FN:36,(anonymous_3)
FNF:3
FNH:3
FNDA:335,daffBestSellersReducer
FNDA:9,getIds
FNDA:9,(anonymous_3)
DA:5,1
DA:11,1
DA:14,335
DA:16,2
DA:18,9
DA:20,2
DA:25,3
DA:29,319
DA:34,9
DA:36,9
DA:37,9
DA:40,9
LF:12
LH:12
BRDA:13,0,0,124
BRDA:15,1,0,2
BRDA:15,1,1,9
BRDA:15,1,2,2
BRDA:15,1,3,3
BRDA:15,1,4,319
BRF:6
BRH:6
end_of_record
TN:
SF:/home/griest/graycoreio/daffodil/libs/product/src/reducers/composite-product-entities/composite-product-entities-reducer-adapter.ts
FN:8,(anonymous_1)
FN:10,(anonymous_2)
FNF:2
FNH:2
FNDA:1,(anonymous_1)
FNDA:464,(anonymous_2)
DA:8,1
DA:10,1
DA:11,464
LF:3
LH:3
BRDA:11,0,0,464
BRDA:11,0,1,1
BRF:2
BRH:2
end_of_record
TN:
SF:/home/griest/graycoreio/daffodil/libs/product/src/reducers/composite-product-entities/composite-product-entities.reducer.ts
FN:21,daffCompositeProductEntitiesReducer
FN:30,(anonymous_2)
FN:31,(anonymous_3)
FN:61,buildCompositeProductAppliedOptionsEntity
FN:64,(anonymous_5)
FN:77,getDefaultOption
FN:78,(anonymous_7)
FNF:7
FNH:7
FNDA:338,daffCompositeProductEntitiesReducer
FNDA:56,(anonymous_2)
FNDA:9,(anonymous_3)
FNDA:37,buildCompositeProductAppliedOptionsEntity
FNDA:74,(anonymous_5)
FNDA:74,getDefaultOption
FNDA:101,(anonymous_7)
DA:24,338
DA:25,338
DA:28,50
DA:30,56
DA:31,9
DA:35,89
DA:36,28
DA:41,61
DA:43,4
DA:57,195
DA:62,37
DA:64,74
DA:78,101
DA:80,74
DA:81,50
DA:86,24
LF:16
LH:16
BRDA:22,0,0,124
BRDA:26,1,0,42
BRDA:26,1,1,50
BRDA:26,1,2,89
BRDA:26,1,3,4
BRDA:26,1,4,195
BRDA:35,2,0,28
BRDA:35,2,1,61
BRDA:50,3,0,4
BRDA:50,3,1,0
BRDA:80,4,0,50
BRDA:80,4,1,24
BRDA:82,5,0,47
BRDA:82,5,1,3
BRF:14
BRH:13
end_of_record
TN:
SF:/home/griest/graycoreio/daffodil/libs/product/src/reducers/configurable-product-entities/configurable-product-entities-reducer-adapter.ts
FN:8,(anonymous_1)
FN:10,(anonymous_2)
FNF:2
FNH:2
FNDA:1,(anonymous_1)
FNDA:464,(anonymous_2)
DA:8,1
DA:10,1
DA:11,464
LF:3
LH:3
BRDA:11,0,0,464
BRDA:11,0,1,1
BRF:2
BRH:2
end_of_record
TN:
SF:/home/griest/graycoreio/daffodil/libs/product/src/reducers/configurable-product-entities/configurable-product-entities.reducer.ts
FN:19,daffConfigurableProductEntitiesReducer
FN:28,(anonymous_2)
FN:71,buildConfigurableProductAppliedAttributesEntity
FN:78,applyAttribute
FN:79,(anonymous_5)
FN:91,removeAttribute
FN:92,(anonymous_7)
FN:97,isAttributeSelected
FN:98,(anonymous_9)
FNF:9
FNH:9
FNDA:338,daffConfigurableProductEntitiesReducer
FNDA:56,(anonymous_2)
FNDA:57,buildConfigurableProductAppliedAttributesEntity
FNDA:45,applyAttribute
FNDA:10,(anonymous_5)
FNDA:2,removeAttribute
FNDA:2,(anonymous_7)
FNDA:3,isAttributeSelected
FNDA:2,(anonymous_9)
DA:22,338
DA:23,338
DA:26,50
DA:28,56
DA:33,85
DA:34,37
DA:39,48
DA:41,43
DA:49,1
DA:57,3
DA:67,156
DA:72,57
DA:79,45
DA:80,45
DA:82,45
DA:92,2
DA:94,2
DA:98,3
DA:100,3
LF:19
LH:19
BRDA:20,0,0,124
BRDA:24,1,0,42
BRDA:24,1,1,50
BRDA:24,1,2,85
BRDA:24,1,3,43
BRDA:24,1,4,1
BRDA:24,1,5,3
BRDA:24,1,6,156
BRDA:33,2,0,37
BRDA:33,2,1,48
BRDA:61,3,0,1
BRDA:61,3,1,2
BRDA:80,4,0,3
BRDA:80,4,1,42
BRDA:94,5,0,2
BRDA:94,5,1,0
BRDA:100,6,0,3
BRDA:100,6,1,2
BRF:18
BRH:17
end_of_record
TN:
SF:/home/griest/graycoreio/daffodil/libs/product/src/reducers/product/product.reducer.ts
FN:22,daffProductReducer
FNF:1
FNH:1
FNDA:335,daffProductReducer
DA:8,1
DA:23,335
DA:25,22
DA:27,84
DA:29,3
DA:34,1
DA:36,225
LF:7
LH:7
BRDA:22,0,0,124
BRDA:24,1,0,22
BRDA:24,1,1,84
BRDA:24,1,2,3
BRDA:24,1,3,1
BRDA:24,1,4,225
BRF:6
BRH:6
end_of_record
TN:
SF:/home/griest/graycoreio/daffodil/libs/product/src/reducers/product-entities/product-entities-reducer-adapter.ts
FN:8,(anonymous_1)
FN:10,(anonymous_2)
FNF:2
FNH:2
FNDA:1,(anonymous_1)
FNDA:461,(anonymous_2)
DA:8,1
DA:10,1
DA:11,461
LF:3
LH:3
BRDA:11,0,0,461
BRDA:11,0,1,1
BRF:2
BRH:2
end_of_record
TN:
SF:/home/griest/graycoreio/daffodil/libs/product/src/reducers/product-entities/product-entities.reducer.ts
FN:16,daffProductEntitiesReducer
FNF:1
FNH:1
FNDA:335,daffProductEntitiesReducer
DA:19,335
DA:20,335
DA:22,43
DA:24,9
DA:26,84
DA:34,3
DA:36,196
LF:7
LH:7
BRDA:17,0,0,124
BRDA:21,1,0,43
BRDA:21,1,1,9
BRDA:21,1,2,84
BRDA:21,1,3,3
BRDA:21,1,4,196
BRF:6
BRH:6
end_of_record
TN:
SF:/home/griest/graycoreio/daffodil/libs/product/src/reducers/product-grid/product-grid.reducer.ts
FN:21,daffProductGridReducer
FNF:1
FNH:1
FNDA:333,daffProductGridReducer
DA:8,1
DA:22,333
DA:24,3
DA:26,42
DA:28,2
DA:33,286
LF:6
LH:6
BRDA:21,0,0,124
BRDA:23,1,0,3
BRDA:23,1,1,42
BRDA:23,1,2,2
BRDA:23,1,3,286
BRF:5
BRH:5
end_of_record
TN:
SF:/home/griest/graycoreio/daffodil/libs/product/src/resolvers/public_api.ts
FNF:0
FNH:0
LF:0
LH:0
BRF:0
BRH:0
end_of_record
TN:
SF:/home/griest/graycoreio/daffodil/libs/product/src/resolvers/product-page/product-page.resolver.ts
FN:20,(anonymous_5)
FN:26,(anonymous_6)
FNF:2
FNH:2
FNDA:6,(anonymous_5)
FNDA:6,(anonymous_6)
DA:19,1
DA:21,6
DA:22,6
DA:23,6
DA:27,6
DA:29,6
LF:6
LH:6
BRDA:29,0,0,2
BRDA:29,0,1,4
BRF:2
BRH:2
end_of_record
TN:
SF:/home/griest/graycoreio/daffodil/libs/product/src/selectors/all-selectors.selectors.ts
FN:23,(anonymous_1)
FNF:1
FNH:1
FNDA:47,(anonymous_1)
DA:23,1
DA:24,47
LF:2
LH:2
BRF:0
BRH:0
end_of_record
TN:
SF:/home/griest/graycoreio/daffodil/libs/product/src/selectors/product-feature.selector.ts
FN:10,(anonymous_1)
FN:12,(anonymous_2)
FNF:2
FNH:2
FNDA:1,(anonymous_1)
FNDA:53,(anonymous_2)
DA:10,1
DA:12,53
LF:2
LH:2
BRDA:13,0,0,52
BRDA:13,0,1,1
BRF:2
BRH:2
end_of_record
TN:
SF:/home/griest/graycoreio/daffodil/libs/product/src/selectors/public_api.ts
FNF:0
FNH:0
LF:0
LH:0
BRF:0
BRH:0
end_of_record
TN:
SF:/home/griest/graycoreio/daffodil/libs/product/src/selectors/best-sellers/best-sellers.selectors.ts
FN:16,(anonymous_1)
FN:28,(anonymous_2)
FN:36,(anonymous_3)
FN:44,(anonymous_4)
FN:53,(anonymous_5)
FN:53,(anonymous_6)
FN:64,(anonymous_7)
FN:66,(anonymous_8)
FNF:8
FNH:8
FNDA:1,(anonymous_1)
FNDA:8,(anonymous_2)
FNDA:3,(anonymous_3)
FNDA:4,(anonymous_4)
FNDA:3,(anonymous_5)
FNDA:2,(anonymous_6)
FNDA:1,(anonymous_7)
FNDA:48,(anonymous_8)
DA:16,1
DA:19,1
DA:22,1
DA:26,1
DA:28,8
DA:34,1
DA:36,3
DA:42,1
DA:44,4
DA:50,1
DA:53,3
DA:56,1
DA:64,1
DA:66,48
LF:14
LH:14
BRDA:67,0,0,47
BRDA:67,0,1,1
BRF:2
BRH:2
end_of_record
TN:
SF:/home/griest/graycoreio/daffodil/libs/product/src/selectors/composite-product/composite-product.selectors.ts
FN:30,(anonymous_1)
FN:43,(anonymous_2)
FN:59,(anonymous_3)
FN:77,(anonymous_4)
FN:90,(anonymous_5)
FN:92,(anonymous_6)
FN:101,getMinimumRequiredCompositeItemPrice
FN:102,(anonymous_8)
FN:109,getMaximumRequiredCompositeItemPrice
FN:110,(anonymous_10)
FN:118,getMinimumRequiredCompositeItemDiscountedPrice
FN:126,getMaximumRequiredCompositeItemDiscountedPrice
FN:135,getMinPricesForConfiguration
FN:137,(anonymous_14)
FN:144,(anonymous_15)
FN:158,getMaxPricesForConfiguration
FN:160,(anonymous_17)
FN:167,(anonymous_18)
FN:176,getDiscountedPrice
FN:184,getMaxPricesForConfigurationIncludingOptionalItems
FN:186,(anonymous_21)
FN:195,(anonymous_22)
FN:200,(anonymous_23)
FN:201,(anonymous_24)
FN:211,getAppliedOptionsForConfiguration
FN:212,(anonymous_26)
FN:215,(anonymous_27)
FN:222,appliedOptionHasId
FN:226,getOptionQty
FN:231,appliedOptionHasQty
FNF:30
FNH:30
FNDA:1,(anonymous_1)
FNDA:11,(anonymous_2)
FNDA:7,(anonymous_3)
FNDA:4,(anonymous_4)
FNDA:1,(anonymous_5)
FNDA:48,(anonymous_6)
FNDA:16,getMinimumRequiredCompositeItemPrice
FNDA:14,(anonymous_8)
FNDA:9,getMaximumRequiredCompositeItemPrice
FNDA:8,(anonymous_10)
FNDA:16,getMinimumRequiredCompositeItemDiscountedPrice
FNDA:9,getMaximumRequiredCompositeItemDiscountedPrice
FNDA:15,getMinPricesForConfiguration
FNDA:30,(anonymous_14)
FNDA:30,(anonymous_15)
FNDA:9,getMaxPricesForConfiguration
FNDA:18,(anonymous_17)
FNDA:18,(anonymous_18)
FNDA:94,getDiscountedPrice
FNDA:6,getMaxPricesForConfigurationIncludingOptionalItems
FNDA:12,(anonymous_21)
FNDA:12,(anonymous_22)
FNDA:4,(anonymous_23)
FNDA:10,(anonymous_24)
FNDA:12,getAppliedOptionsForConfiguration
FNDA:24,(anonymous_26)
FNDA:41,(anonymous_27)
FNDA:120,appliedOptionHasId
FNDA:50,getOptionQty
FNDA:64,appliedOptionHasQty
DA:30,1
DA:35,1
DA:39,1
DA:41,1
DA:44,11
DA:45,11
DA:46,2
DA:49,9
DA:50,9
DA:57,1
DA:60,7
DA:61,7
DA:62,1
DA:65,6
DA:66,6
DA:73,1
DA:77,4
DA:83,1
DA:90,1
DA:92,48
DA:102,16
DA:110,9
DA:119,16
DA:127,9
DA:136,15
DA:137,30
DA:144,30
DA:159,9
DA:160,18
DA:167,18
DA:177,94
DA:185,6
DA:186,12
DA:195,12
DA:200,4
DA:201,10
DA:212,24
DA:215,41
DA:223,120
DA:227,50
DA:232,64
LF:41
LH:41
BRDA:45,0,0,2
BRDA:45,0,1,9
BRDA:49,1,0,8
BRDA:49,1,1,1
BRDA:61,2,0,1
BRDA:61,2,1,6
BRDA:65,3,0,4
BRDA:65,3,1,2
BRDA:79,4,0,3
BRDA:79,4,1,1
BRDA:93,5,0,47
BRDA:93,5,1,1
BRDA:102,6,0,7
BRDA:102,6,1,9
BRDA:110,7,0,4
BRDA:110,7,1,5
BRDA:119,8,0,7
BRDA:119,8,1,9
BRDA:127,9,0,4
BRDA:127,9,1,5
BRDA:140,10,0,14
BRDA:140,10,1,16
BRDA:147,11,0,14
BRDA:147,11,1,16
BRDA:163,12,0,9
BRDA:163,12,1,9
BRDA:170,13,0,9
BRDA:170,13,1,9
BRDA:177,14,0,94
BRDA:177,14,1,0
BRDA:189,15,0,5
BRDA:189,15,1,7
BRDA:191,16,0,2
BRDA:191,16,1,5
BRDA:198,17,0,5
BRDA:198,17,1,7
BRDA:200,18,0,2
BRDA:200,18,1,5
BRDA:214,19,0,21
BRDA:214,19,1,3
BRDA:216,20,0,6
BRDA:216,20,1,15
BRDA:216,21,0,21
BRDA:216,21,1,19
BRDA:223,22,0,120
BRDA:223,22,1,84
BRDA:227,23,0,24
BRDA:227,23,1,26
BRDA:232,24,0,64
BRDA:232,24,1,28
BRF:50
BRH:49
end_of_record
TN:
SF:/home/griest/graycoreio/daffodil/libs/product/src/selectors/composite-product-entities/composite-product-entities.selectors.ts
FN:22,(anonymous_1)
FN:36,(anonymous_2)
FN:69,(anonymous_3)
FN:75,(anonymous_4)
FN:78,(anonymous_5)
FN:87,(anonymous_6)
FN:92,(anonymous_7)
FN:108,(anonymous_8)
FN:110,(anonymous_9)
FNF:9
FNH:9
FNDA:1,(anonymous_1)
FNDA:9,(anonymous_2)
FNDA:2,(anonymous_3)
FNDA:4,(anonymous_4)
FNDA:3,(anonymous_5)
FNDA:2,(anonymous_6)
FNDA:2,(anonymous_7)
FNDA:1,(anonymous_8)
FNDA:49,(anonymous_9)
DA:22,1
DA:25,1
DA:29,1
DA:30,1
DA:34,1
DA:36,9
DA:42,1
DA:50,1
DA:58,1
DA:66,1
DA:70,2
DA:71,2
DA:72,0
DA:75,4
DA:78,3
DA:85,1
DA:88,2
DA:89,2
DA:90,0
DA:92,2
DA:94,2
DA:98,1
DA:108,1
DA:110,49
LF:24
LH:22
BRDA:71,0,0,0
BRDA:71,0,1,2
BRDA:77,1,0,3
BRDA:77,1,1,1
BRDA:89,2,0,0
BRDA:89,2,1,2
BRDA:94,3,0,2
BRDA:94,3,1,0
BRDA:111,4,0,48
BRDA:111,4,1,1
BRF:10
BRH:7
end_of_record
TN:
SF:/home/griest/graycoreio/daffodil/libs/product/src/selectors/configurable-product/configurable-product.selectors.ts
FN:30,(anonymous_1)
FN:47,(anonymous_2)
FN:62,(anonymous_3)
FN:68,(anonymous_4)
FN:78,(anonymous_5)
FN:80,(anonymous_6)
FN:90,(anonymous_7)
FN:92,(anonymous_8)
FN:102,(anonymous_9)
FN:104,(anonymous_10)
FN:114,(anonymous_11)
FN:116,(anonymous_12)
FN:126,(anonymous_13)
FN:137,(anonymous_14)
FN:148,(anonymous_15)
FN:159,(anonymous_16)
FN:170,(anonymous_17)
FN:181,(anonymous_18)
FN:192,(anonymous_19)
FN:201,(anonymous_20)
FN:206,(anonymous_21)
FN:208,(anonymous_22)
FN:220,(anonymous_23)
FN:230,(anonymous_24)
FN:231,(anonymous_25)
FN:236,(anonymous_26)
FN:242,(anonymous_27)
FN:271,getSelectableAttributesFromVariants
FN:272,(anonymous_29)
FN:283,(anonymous_30)
FN:285,(anonymous_31)
FN:290,isVariantAvailable
FN:295,(anonymous_33)
FN:301,getMinimumPrice
FN:303,(anonymous_35)
FN:308,getMaximumPrice
FN:310,(anonymous_37)
FN:315,initializeSelectableAttributes
FN:316,(anonymous_39)
FN:322,isVariantAttributeMarkedAsSelectable
FNF:40
FNH:40
FNDA:1,(anonymous_1)
FNDA:2,(anonymous_2)
FNDA:28,(anonymous_3)
FNDA:280,(anonymous_4)
FNDA:13,(anonymous_5)
FNDA:46,(anonymous_6)
FNDA:5,(anonymous_7)
FNDA:20,(anonymous_8)
FNDA:5,(anonymous_9)
FNDA:20,(anonymous_10)
FNDA:2,(anonymous_11)
FNDA:8,(anonymous_12)
FNDA:6,(anonymous_13)
FNDA:6,(anonymous_14)
FNDA:2,(anonymous_15)
FNDA:2,(anonymous_16)
FNDA:2,(anonymous_17)
FNDA:2,(anonymous_18)
FNDA:4,(anonymous_19)
FNDA:1,(anonymous_20)
FNDA:3,(anonymous_21)
FNDA:9,(anonymous_22)
FNDA:6,(anonymous_23)
FNDA:3,(anonymous_24)
FNDA:30,(anonymous_25)
FNDA:54,(anonymous_26)
FNDA:18,(anonymous_27)
FNDA:18,getSelectableAttributesFromVariants
FNDA:147,(anonymous_29)
FNDA:1,(anonymous_30)
FNDA:49,(anonymous_31)
FNDA:364,isVariantAvailable
FNDA:347,(anonymous_33)
FNDA:10,getMinimumPrice
FNDA:37,(anonymous_35)
FNDA:10,getMaximumPrice
FNDA:37,(anonymous_37)
FNDA:6,initializeSelectableAttributes
FNDA:18,(anonymous_39)
FNDA:147,isVariantAttributeMarkedAsSelectable
DA:30,1
DA:35,1
DA:40,1
DA:45,1
DA:48,2
DA:49,2
DA:50,0
DA:52,2
DA:59,1
DA:63,28
DA:64,28
DA:65,0
DA:67,28
DA:68,280
DA:75,1
DA:79,13
DA:80,46
DA:87,1
DA:91,5
DA:92,20
DA:99,1
DA:103,5
DA:104,20
DA:111,1
DA:115,2
DA:116,8
DA:123,1
DA:126,6
DA:134,1
DA:137,6
DA:145,1
DA:148,2
DA:156,1
DA:159,2
DA:167,1
DA:170,2
DA:178,1
DA:181,2
DA:189,1
DA:193,4
DA:194,4
DA:195,4
DA:199,1
DA:202,1
DA:203,1
DA:204,0
DA:206,3
DA:208,9
DA:217,1
DA:221,6
DA:222,6
DA:223,0
DA:225,6
DA:227,6
DA:230,6
DA:231,30
DA:233,3
DA:235,3
DA:237,54
DA:242,6
DA:243,18
DA:244,15
DA:248,6
DA:252,1
DA:272,18
DA:273,147
DA:283,1
DA:285,49
DA:294,364
DA:296,347
DA:302,10
DA:303,37
DA:309,10
DA:310,37
DA:316,18
DA:323,147
LF:76
LH:72
BRDA:49,0,0,0
BRDA:49,0,1,2
BRDA:49,1,0,2
BRDA:49,1,1,2
BRDA:64,2,0,0
BRDA:64,2,1,28
BRDA:64,3,0,28
BRDA:64,3,1,28
BRDA:92,4,0,20
BRDA:92,4,1,0
BRDA:104,5,0,20
BRDA:104,5,1,20
BRDA:116,6,0,8
BRDA:116,6,1,5
BRDA:116,6,2,5
BRDA:203,7,0,0
BRDA:203,7,1,1
BRDA:222,8,0,0
BRDA:222,8,1,6
BRDA:243,9,0,15
BRDA:243,9,1,3
BRDA:274,10,0,97
BRDA:274,10,1,50
BRDA:286,11,0,48
BRDA:286,11,1,1
BRDA:294,12,0,364
BRDA:294,12,1,362
BRDA:296,13,0,347
BRDA:296,13,1,317
BRDA:303,14,0,9
BRDA:303,14,1,28
BRDA:310,15,0,12
BRDA:310,15,1,25
BRF:33
BRH:28
end_of_record
TN:
SF:/home/griest/graycoreio/daffodil/libs/product/src/selectors/configurable-product-entities/configurable-product-entities.selectors.ts
FN:19,(anonymous_1)
FN:29,(anonymous_2)
FN:61,(anonymous_3)
FN:66,(anonymous_4)
FN:66,(anonymous_5)
FN:82,(anonymous_6)
FN:84,(anonymous_7)
FNF:7
FNH:7
FNDA:1,(anonymous_1)
FNDA:38,(anonymous_2)
FNDA:39,(anonymous_3)
FNDA:4,(anonymous_4)
FNDA:5,(anonymous_5)
FNDA:1,(anonymous_6)
FNDA:50,(anonymous_7)
DA:19,1
DA:22,1
DA:23,1
DA:27,1
DA:29,38
DA:35,1
DA:43,1
DA:51,1
DA:59,1
DA:61,39
DA:64,1
DA:66,5
DA:72,1
DA:82,1
DA:84,50
LF:15
LH:15
BRDA:85,0,0,49
BRDA:85,0,1,1
BRF:2
BRH:2
end_of_record
TN:
SF:/home/griest/graycoreio/daffodil/libs/product/src/selectors/product/product.selectors.ts
FN:16,(anonymous_1)
FN:27,(anonymous_2)
FN:36,(anonymous_3)
FN:45,(anonymous_4)
FN:53,(anonymous_5)
FN:63,(anonymous_6)
FN:75,(anonymous_7)
FN:77,(anonymous_8)
FNF:8
FNH:8
FNDA:1,(anonymous_1)
FNDA:9,(anonymous_2)
FNDA:4,(anonymous_3)
FNDA:1,(anonymous_4)
FNDA:3,(anonymous_5)
FNDA:3,(anonymous_6)
FNDA:1,(anonymous_7)
FNDA:48,(anonymous_8)
DA:16,1
DA:20,1
DA:25,1
DA:27,9
DA:34,1
DA:36,4
DA:43,1
DA:45,1
DA:51,1
DA:53,3
DA:60,1
DA:63,3
DA:66,1
DA:75,1
DA:77,48
LF:15
LH:15
BRDA:78,0,0,47
BRDA:78,0,1,1
BRF:2
BRH:2
end_of_record
TN:
SF:/home/griest/graycoreio/daffodil/libs/product/src/selectors/product-entities/product-entities.selectors.ts
FN:25,(anonymous_1)
FN:35,(anonymous_2)
FN:80,(anonymous_3)
FN:85,(anonymous_4)
FN:95,(anonymous_5)
FN:105,(anonymous_6)
FN:116,(anonymous_7)
FN:125,(anonymous_8)
FN:134,(anonymous_9)
FN:157,(anonymous_10)
FN:159,(anonymous_11)
FNF:11
FNH:11
FNDA:1,(anonymous_1)
FNDA:79,(anonymous_2)
FNDA:76,(anonymous_3)
FNDA:4,(anonymous_4)
FNDA:6,(anonymous_5)
FNDA:2,(anonymous_6)
FNDA:2,(anonymous_7)
FNDA:2,(anonymous_8)
FNDA:3,(anonymous_9)
FNDA:1,(anonymous_10)
FNDA:52,(anonymous_11)
DA:25,1
DA:28,1
DA:29,1
DA:33,1
DA:35,79
DA:49,1
DA:57,1
DA:65,1
DA:73,1
DA:78,1
DA:80,76
DA:83,1
DA:86,4
DA:89,4
DA:93,1
DA:96,6
DA:99,6
DA:103,1
DA:106,2
DA:107,2
DA:109,2
DA:114,1
DA:117,2
DA:119,2
DA:123,1
DA:126,2
DA:128,2
DA:132,1
DA:135,3
DA:137,3
DA:141,1
DA:157,1
DA:159,52
LF:33
LH:33
BRDA:89,0,0,4
BRDA:89,0,1,4
BRDA:89,0,2,0
BRDA:99,1,0,6
BRDA:99,1,1,6
BRDA:99,1,2,0
BRDA:119,2,0,2
BRDA:119,2,1,2
BRDA:119,2,2,0
BRDA:137,3,0,2
BRDA:137,3,1,1
BRDA:160,4,0,51
BRDA:160,4,1,1
BRF:13
BRH:10
end_of_record
TN:
SF:/home/griest/graycoreio/daffodil/libs/product/src/selectors/product-grid/product-grid.selectors.ts
FN:13,(anonymous_1)
FN:22,(anonymous_2)
FN:30,(anonymous_3)
FN:39,(anonymous_4)
FN:41,(anonymous_5)
FNF:5
FNH:5
FNDA:1,(anonymous_1)
FNDA:4,(anonymous_2)
FNDA:3,(anonymous_3)
FNDA:1,(anonymous_4)
FNDA:48,(anonymous_5)
DA:13,1
DA:16,1
DA:20,1
DA:22,4
DA:28,1
DA:30,3
DA:33,1
DA:39,1
DA:41,48
LF:9
LH:9
BRDA:42,0,0,47
BRDA:42,0,1,1
BRF:2
BRH:2
end_of_record
