TN:
SF:/home/griest/graycoreio/daffodil/libs/category/src/category-state.module.ts
FNF:0
FNH:0
DA:19,1
LF:1
LH:1
BRF:0
BRH:0
end_of_record
TN:
SF:/home/griest/graycoreio/daffodil/libs/category/src/category.module.ts
FNF:0
FNH:0
DA:18,1
LF:1
LH:1
BRF:0
BRH:0
end_of_record
TN:
SF:/home/griest/graycoreio/daffodil/libs/category/src/index.ts
FNF:0
FNH:0
LF:0
LH:0
BRF:0
BRH:0
end_of_record
TN:
SF:/home/griest/graycoreio/daffodil/libs/category/src/actions/category.actions.ts
FN:12,(anonymous_1)
FN:34,(anonymous_2)
FN:50,(anonymous_3)
FN:61,(anonymous_4)
FN:73,(anonymous_5)
FN:89,(anonymous_6)
FN:100,(anonymous_7)
FN:111,(anonymous_8)
FN:122,(anonymous_9)
FN:133,(anonymous_10)
FN:149,(anonymous_11)
FN:160,(anonymous_12)
FNF:12
FNH:12
FNDA:1,(anonymous_1)
FNDA:6,(anonymous_2)
FNDA:10,(anonymous_3)
FNDA:6,(anonymous_4)
FNDA:22,(anonymous_5)
FNDA:76,(anonymous_6)
FNDA:10,(anonymous_7)
FNDA:4,(anonymous_8)
FNDA:4,(anonymous_9)
FNDA:5,(anonymous_10)
FNDA:4,(anonymous_11)
FNDA:11,(anonymous_12)
DA:12,1
DA:13,1
DA:14,1
DA:15,1
DA:16,1
DA:17,1
DA:18,1
DA:19,1
DA:20,1
DA:21,1
DA:22,1
DA:23,1
DA:32,6
DA:34,6
DA:48,10
DA:50,10
DA:59,6
DA:61,6
DA:71,22
DA:73,22
DA:87,76
DA:89,76
DA:98,10
DA:100,10
DA:109,4
DA:111,4
DA:120,4
DA:122,4
DA:131,5
DA:134,5
DA:147,4
DA:149,4
DA:158,11
DA:160,11
LF:34
LH:34
BRDA:12,0,0,1
BRDA:12,0,1,1
BRF:2
BRH:2
end_of_record
TN:
SF:/home/griest/graycoreio/daffodil/libs/category/src/drivers/injection-tokens/category-driver.token.ts
FNF:0
FNH:0
DA:3,1
LF:1
LH:1
BRF:0
BRH:0
end_of_record
TN:
SF:/home/griest/graycoreio/daffodil/libs/category/src/drivers/magento/category-driver.module.ts
FN:18,(anonymous_2)
FNF:1
FNH:0
FNDA:0,(anonymous_2)
DA:17,1
DA:19,0
LF:2
LH:1
BRF:0
BRH:0
end_of_record
TN:
SF:/home/griest/graycoreio/daffodil/libs/category/src/drivers/magento/category.service.ts
FN:29,(anonymous_3)
FN:41,(anonymous_4)
FN:51,(anonymous_5)
FN:56,(anonymous_6)
FN:57,(anonymous_7)
FN:60,(anonymous_8)
FN:69,(anonymous_9)
FN:70,(anonymous_10)
FN:74,(anonymous_11)
FN:87,(anonymous_12)
FNF:10
FNH:0
FNDA:0,(anonymous_3)
FNDA:0,(anonymous_4)
FNDA:0,(anonymous_5)
FNDA:0,(anonymous_6)
FNDA:0,(anonymous_7)
FNDA:0,(anonymous_8)
FNDA:0,(anonymous_9)
FNDA:0,(anonymous_10)
FNDA:0,(anonymous_11)
FNDA:0,(anonymous_12)
DA:27,1
DA:30,0
DA:31,0
DA:32,0
DA:33,0
DA:42,0
DA:52,0
DA:56,0
DA:57,0
DA:60,0
DA:69,0
DA:70,0
DA:75,0
DA:78,0
DA:79,0
DA:80,0
DA:81,0
DA:84,0
DA:92,0
LF:19
LH:1
BRDA:78,0,0,0
BRDA:78,0,1,0
BRDA:79,1,0,0
BRDA:79,1,1,0
BRDA:80,2,0,0
BRDA:80,2,1,0
BRDA:80,3,0,0
BRDA:80,3,1,0
BRF:8
BRH:0
end_of_record
TN:
SF:/home/griest/graycoreio/daffodil/libs/category/src/drivers/magento/public_api.ts
FNF:0
FNH:0
LF:0
LH:0
BRF:0
BRH:0
end_of_record
TN:
SF:/home/griest/graycoreio/daffodil/libs/category/src/drivers/magento/models/requests/filters.ts
FN:1,(anonymous_1)
FNF:1
FNH:1
FNDA:1,(anonymous_1)
DA:1,1
DA:2,1
DA:3,1
DA:4,1
DA:5,1
DA:6,1
LF:6
LH:6
BRDA:1,0,0,1
BRDA:1,0,1,1
BRF:2
BRH:2
end_of_record
TN:
SF:/home/griest/graycoreio/daffodil/libs/category/src/drivers/magento/models/requests/sort.ts
FN:1,(anonymous_1)
FNF:1
FNH:1
FNDA:1,(anonymous_1)
DA:1,1
DA:2,1
DA:3,1
LF:3
LH:3
BRDA:1,0,0,1
BRDA:1,0,1,1
BRF:2
BRH:2
end_of_record
TN:
SF:/home/griest/graycoreio/daffodil/libs/category/src/drivers/magento/queries/custom-attribute-metadata.ts
FNF:0
FNH:0
DA:6,1
LF:1
LH:1
BRF:0
BRH:0
end_of_record
TN:
SF:/home/griest/graycoreio/daffodil/libs/category/src/drivers/magento/queries/get-category-aggregations.ts
FNF:0
FNH:0
DA:7,1
LF:1
LH:1
BRF:0
BRH:0
end_of_record
TN:
SF:/home/griest/graycoreio/daffodil/libs/category/src/drivers/magento/queries/get-category.ts
FNF:0
FNH:0
DA:3,1
LF:1
LH:1
BRF:0
BRH:0
end_of_record
TN:
SF:/home/griest/graycoreio/daffodil/libs/category/src/drivers/magento/queries/get-products.ts
FNF:0
FNH:0
DA:8,1
LF:1
LH:1
BRF:0
BRH:0
end_of_record
TN:
SF:/home/griest/graycoreio/daffodil/libs/category/src/drivers/magento/transformers/applied-filter-transformer.service.ts
FN:12,(anonymous_2)
FN:21,(anonymous_3)
FN:45,(anonymous_4)
FN:54,(anonymous_5)
FN:58,(anonymous_6)
FN:62,(anonymous_7)
FNF:6
FNH:6
FNDA:5,(anonymous_2)
FNDA:5,(anonymous_3)
FNDA:2,(anonymous_4)
FNDA:2,(anonymous_5)
FNDA:3,(anonymous_6)
FNDA:3,(anonymous_7)
DA:10,1
DA:13,5
DA:19,5
DA:21,4
DA:24,5
DA:25,3
DA:26,3
DA:32,2
DA:39,4
DA:46,2
DA:55,2
DA:59,3
DA:63,3
LF:13
LH:13
BRDA:19,0,0,1
BRDA:19,0,1,4
BRDA:24,1,0,3
BRDA:24,1,1,2
BRDA:47,2,0,2
BRDA:47,2,1,0
BRDA:55,3,0,2
BRDA:55,3,1,0
BRDA:59,4,0,2
BRDA:59,4,1,1
BRDA:63,5,0,2
BRDA:63,5,1,1
BRF:12
BRH:10
end_of_record
TN:
SF:/home/griest/graycoreio/daffodil/libs/category/src/drivers/magento/transformers/applied-sort-option-transformer.service.ts
FN:11,(anonymous_2)
FN:17,(anonymous_3)
FNF:2
FNH:2
FNDA:1,(anonymous_2)
FNDA:1,(anonymous_3)
DA:9,1
DA:12,1
DA:18,1
DA:19,1
DA:20,0
DA:21,0
LF:6
LH:4
BRDA:18,0,0,1
BRDA:18,0,1,0
BRDA:20,1,0,0
BRDA:20,1,1,0
BRF:4
BRH:1
end_of_record
TN:
SF:/home/griest/graycoreio/daffodil/libs/category/src/drivers/magento/transformers/category-page-config-transformer.service.ts
FN:18,(anonymous_2)
FN:27,(anonymous_3)
FN:31,(anonymous_4)
FN:37,(anonymous_5)
FN:47,(anonymous_6)
FN:55,(anonymous_7)
FNF:6
FNH:6
FNDA:7,(anonymous_2)
FNDA:7,(anonymous_3)
FNDA:7,(anonymous_4)
FNDA:14,(anonymous_5)
FNDA:7,(anonymous_6)
FNDA:4,(anonymous_7)
DA:16,1
DA:19,7
DA:27,7
DA:32,7
DA:33,7
DA:38,14
DA:48,7
DA:49,6
DA:50,5
DA:51,4
DA:52,2
DA:56,4
LF:12
LH:12
BRDA:40,0,0,4
BRDA:40,0,1,10
BRDA:48,1,0,1
BRDA:48,1,1,6
BRDA:49,2,0,1
BRDA:49,2,1,5
BRDA:50,3,0,1
BRDA:50,3,1,4
BRDA:51,4,0,2
BRDA:51,4,1,2
BRF:10
BRH:10
end_of_record
TN:
SF:/home/griest/graycoreio/daffodil/libs/category/src/drivers/magento/transformers/category-response-transform.service.ts
FN:15,(anonymous_3)
FN:20,(anonymous_4)
FNF:2
FNH:2
FNDA:6,(anonymous_3)
FNDA:5,(anonymous_4)
DA:13,1
DA:16,6
DA:17,6
DA:21,5
LF:4
LH:4
BRF:0
BRH:0
end_of_record
TN:
SF:/home/griest/graycoreio/daffodil/libs/category/src/drivers/magento/transformers/category-transformer.service.ts
FN:12,(anonymous_2)
FN:21,(anonymous_3)
FN:22,(anonymous_4)
FN:24,(anonymous_5)
FN:29,(anonymous_6)
FNF:5
FNH:5
FNDA:2,(anonymous_2)
FNDA:4,(anonymous_3)
FNDA:4,(anonymous_4)
FNDA:2,(anonymous_5)
FNDA:4,(anonymous_6)
DA:10,1
DA:13,2
DA:21,4
DA:22,4
DA:24,2
DA:30,4
LF:6
LH:6
BRDA:20,0,0,2
BRDA:20,0,1,0
BRF:2
BRH:1
end_of_record
TN:
SF:/home/griest/graycoreio/daffodil/libs/category/src/drivers/magento/transformers/custom-metadata-attributes-methods.ts
FN:6,buildCustomMetadataAttribute
FN:13,addMetadataTypesToAggregates
FN:23,(anonymous_3)
FN:34,getMatchedAttributeType
FN:37,(anonymous_5)
FNF:5
FNH:5
FNDA:1,buildCustomMetadataAttribute
FNDA:1,addMetadataTypesToAggregates
FNDA:1,(anonymous_3)
FNDA:1,getMatchedAttributeType
FNDA:1,(anonymous_5)
DA:7,1
DA:18,1
DA:24,1
DA:35,1
DA:37,1
LF:5
LH:5
BRDA:35,0,0,0
BRDA:35,0,1,1
BRF:2
BRH:1
end_of_record
TN:
SF:/home/griest/graycoreio/daffodil/libs/category/src/drivers/magento/transformers/pure/sort-default-option-first.ts
FN:3,coerceDefaultSortOptionFirst
FN:4,(anonymous_2)
FNF:2
FNH:2
FNDA:7,coerceDefaultSortOptionFirst
FNDA:7,(anonymous_2)
DA:4,7
DA:6,7
LF:2
LH:2
BRF:0
BRH:0
end_of_record
TN:
SF:/home/griest/graycoreio/daffodil/libs/category/src/effects/category-page.effects.ts
FN:37,(anonymous_5)
FN:48,(anonymous_6)
FN:60,(anonymous_7)
FN:75,(anonymous_8)
FN:90,(anonymous_9)
FN:108,(anonymous_10)
FN:125,(anonymous_11)
FN:135,(anonymous_12)
FN:137,(anonymous_13)
FN:141,(anonymous_14)
FNF:10
FNH:10
FNDA:11,(anonymous_5)
FNDA:5,(anonymous_6)
FNDA:1,(anonymous_7)
FNDA:1,(anonymous_8)
FNDA:1,(anonymous_9)
FNDA:1,(anonymous_10)
FNDA:1,(anonymous_11)
FNDA:10,(anonymous_12)
FNDA:8,(anonymous_13)
FNDA:2,(anonymous_14)
DA:30,1
DA:38,11
DA:39,11
DA:40,11
DA:43,11
DA:46,12
DA:49,5
DA:50,5
DA:55,12
DA:63,1
DA:70,12
DA:78,1
DA:85,12
DA:94,1
DA:95,1
DA:103,12
DA:112,1
DA:113,1
DA:120,12
DA:128,1
DA:136,10
DA:137,8
DA:141,2
LF:23
LH:23
BRF:0
BRH:0
end_of_record
TN:
SF:/home/griest/graycoreio/daffodil/libs/category/src/effects/category.effects.ts
FN:30,(anonymous_5)
FN:38,(anonymous_6)
FN:41,(anonymous_7)
FN:45,(anonymous_8)
FNF:4
FNH:4
FNDA:4,(anonymous_5)
FNDA:3,(anonymous_6)
FNDA:2,(anonymous_7)
FNDA:1,(anonymous_8)
DA:23,1
DA:31,4
DA:32,4
DA:36,5
DA:39,3
DA:40,3
DA:41,2
DA:45,1
LF:8
LH:8
BRF:0
BRH:0
end_of_record
TN:
SF:/home/griest/graycoreio/daffodil/libs/category/src/facades/category.facade.ts
FN:122,(anonymous_3)
FN:102,(anonymous_4)
FN:110,(anonymous_5)
FN:118,(anonymous_6)
FN:145,(anonymous_7)
FNF:5
FNH:5
FNDA:35,(anonymous_3)
FNDA:1,(anonymous_4)
FNDA:1,(anonymous_5)
FNDA:1,(anonymous_6)
FNDA:1,(anonymous_7)
DA:25,1
DA:31,35
DA:103,1
DA:111,1
DA:119,1
DA:122,35
DA:123,35
DA:124,35
DA:125,35
DA:126,35
DA:127,35
DA:128,35
DA:129,35
DA:130,35
DA:131,35
DA:132,35
DA:133,35
DA:134,35
DA:135,35
DA:136,35
DA:137,35
DA:138,35
DA:146,1
LF:23
LH:23
BRF:0
BRH:0
end_of_record
TN:
SF:/home/griest/graycoreio/daffodil/libs/category/src/helpers/public_api.ts
FNF:0
FNH:0
LF:0
LH:0
BRF:0
BRH:0
end_of_record
TN:
SF:/home/griest/graycoreio/daffodil/libs/category/src/helpers/validate-filters.ts
FN:4,daffCategoryValidateFilters
FN:6,(anonymous_2)
FNF:2
FNH:2
FNDA:12,daffCategoryValidateFilters
FNDA:4,(anonymous_2)
DA:5,12
DA:6,4
DA:7,4
DA:9,1
DA:12,3
DA:13,1
DA:14,1
LF:7
LH:7
BRDA:5,0,0,8
BRDA:5,0,1,4
BRDA:7,1,0,1
BRDA:7,1,1,3
BRDA:7,2,0,4
BRDA:7,2,1,1
BRDA:13,3,0,1
BRDA:13,3,1,0
BRF:8
BRH:7
end_of_record
TN:
SF:/home/griest/graycoreio/daffodil/libs/category/src/models/category-filter-base.ts
FN:1,(anonymous_1)
FNF:1
FNH:1
FNDA:1,(anonymous_1)
DA:1,1
DA:2,1
DA:3,1
DA:4,1
LF:4
LH:4
BRDA:1,0,0,1
BRDA:1,0,1,1
BRF:2
BRH:2
end_of_record
TN:
SF:/home/griest/graycoreio/daffodil/libs/category/src/models/requests/category-request.ts
FN:3,(anonymous_1)
FNF:1
FNH:1
FNDA:1,(anonymous_1)
DA:3,1
DA:4,1
DA:5,1
LF:3
LH:3
BRDA:3,0,0,1
BRDA:3,0,1,1
BRF:2
BRH:2
end_of_record
TN:
SF:/home/griest/graycoreio/daffodil/libs/category/src/models/requests/filter-request.ts
FNF:0
FNH:0
DA:7,1
LF:1
LH:1
BRF:0
BRH:0
end_of_record
TN:
SF:/home/griest/graycoreio/daffodil/libs/category/src/reducers/category-reducers.ts
FNF:0
FNH:0
DA:4,1
LF:1
LH:1
BRF:0
BRH:0
end_of_record
TN:
SF:/home/griest/graycoreio/daffodil/libs/category/src/reducers/category/category.reducer.ts
FN:29,daffCategoryReducer
FNF:1
FNH:1
FNDA:225,daffCategoryReducer
DA:10,1
DA:31,225
DA:33,2
DA:44,13
DA:54,3
DA:63,3
DA:72,4
DA:82,3
DA:91,11
DA:103,67
DA:121,10
DA:128,109
LF:12
LH:12
BRDA:30,0,0,85
BRDA:32,1,0,2
BRDA:32,1,1,13
BRDA:32,1,2,3
BRDA:32,1,3,3
BRDA:32,1,4,4
BRDA:32,1,5,3
BRDA:32,1,6,11
BRDA:32,1,7,3
BRDA:32,1,8,67
BRDA:32,1,9,4
BRDA:32,1,10,10
BRDA:32,1,11,109
BRF:13
BRH:13
end_of_record
TN:
SF:/home/griest/graycoreio/daffodil/libs/category/src/reducers/category-entities/category-entities-adapter.ts
FN:5,daffCategoryEntitiesAdapter
FNF:1
FNH:1
FNDA:153,daffCategoryEntitiesAdapter
DA:6,153
LF:1
LH:1
BRF:0
BRH:0
end_of_record
TN:
SF:/home/griest/graycoreio/daffodil/libs/category/src/reducers/category-entities/category-entities.reducer.ts
FN:12,daffCategoryEntitiesReducer
FNF:1
FNH:1
FNDA:185,daffCategoryEntitiesReducer
DA:21,185
DA:24,63
DA:32,122
LF:3
LH:3
BRDA:18,0,0,85
BRDA:22,1,0,1
BRDA:22,1,1,63
BRDA:22,1,2,122
BRF:4
BRH:4
end_of_record
TN:
SF:/home/griest/graycoreio/daffodil/libs/category/src/reducers/category/toggle-filter/core.ts
FN:7,toggleCategoryFilter
FN:16,isFilterApplied
FN:27,removeFilter
FN:39,addFilter
FNF:4
FNH:4
FNDA:11,toggleCategoryFilter
FNDA:11,isFilterApplied
FNDA:3,removeFilter
FNDA:8,addFilter
DA:11,11
DA:17,11
DA:19,5
DA:21,2
DA:23,4
DA:29,3
DA:31,2
DA:33,0
DA:35,1
DA:41,8
DA:43,3
DA:45,2
DA:47,3
LF:13
LH:12
BRDA:12,0,0,3
BRDA:12,0,1,8
BRDA:18,1,0,5
BRDA:18,1,1,2
BRDA:18,1,2,4
BRDA:30,2,0,2
BRDA:30,2,1,0
BRDA:30,2,2,1
BRDA:42,3,0,3
BRDA:42,3,1,2
BRDA:42,3,2,3
BRF:11
BRH:10
end_of_record
TN:
SF:/home/griest/graycoreio/daffodil/libs/category/src/reducers/category/toggle-filter/equal.ts
FN:5,isEqualFilterApplied
FN:8,(anonymous_2)
FN:12,removeEqualFilter
FN:13,(anonymous_4)
FN:15,(anonymous_5)
FN:18,(anonymous_6)
FN:21,addEqualFilter
FN:28,addNewEqualFilter
FNF:8
FNH:8
FNDA:5,isEqualFilterApplied
FNDA:4,(anonymous_2)
FNDA:2,removeEqualFilter
FNDA:2,(anonymous_4)
FNDA:3,(anonymous_5)
FNDA:2,(anonymous_6)
FNDA:3,addEqualFilter
FNDA:2,addNewEqualFilter
DA:6,5
DA:7,5
DA:8,4
DA:9,2
DA:13,2
DA:14,2
DA:15,3
DA:17,2
DA:18,2
DA:23,3
DA:30,2
LF:11
LH:11
BRDA:7,0,0,3
BRDA:7,0,1,2
BRDA:14,1,0,2
BRDA:14,1,1,0
BRDA:18,2,0,2
BRDA:18,2,1,2
BRDA:24,3,0,1
BRDA:24,3,1,2
BRF:8
BRH:7
end_of_record
TN:
SF:/home/griest/graycoreio/daffodil/libs/category/src/reducers/category/toggle-filter/match.ts
FN:5,isMatchFilterApplied
FN:9,removeMatchFilter
FN:10,(anonymous_3)
FN:13,addMatchFilter
FNF:4
FNH:4
FNDA:4,isMatchFilterApplied
FNDA:1,removeMatchFilter
FNDA:1,(anonymous_3)
FNDA:3,addMatchFilter
DA:6,4
DA:10,1
DA:15,3
LF:3
LH:3
BRF:0
BRH:0
end_of_record
TN:
SF:/home/griest/graycoreio/daffodil/libs/category/src/reducers/category/toggle-filter/range.ts
FN:5,isRangeFilterApplied
FN:8,(anonymous_2)
FN:12,removeRangeFilter
FN:13,(anonymous_4)
FN:15,(anonymous_5)
FN:18,(anonymous_6)
FN:21,addRangeFilter
FN:28,addNewRangeFilter
FNF:8
FNH:4
FNDA:2,isRangeFilterApplied
FNDA:1,(anonymous_2)
FNDA:0,removeRangeFilter
FNDA:0,(anonymous_4)
FNDA:0,(anonymous_5)
FNDA:0,(anonymous_6)
FNDA:2,addRangeFilter
FNDA:1,addNewRangeFilter
DA:6,2
DA:7,2
DA:8,1
DA:9,1
DA:13,0
DA:14,0
DA:15,0
DA:17,0
DA:18,0
DA:23,2
DA:30,1
LF:11
LH:6
BRDA:7,0,0,1
BRDA:7,0,1,1
BRDA:14,1,0,0
BRDA:14,1,1,0
BRDA:18,2,0,0
BRDA:18,2,1,0
BRDA:24,3,0,1
BRDA:24,3,1,1
BRF:8
BRH:4
end_of_record
TN:
SF:/home/griest/graycoreio/daffodil/libs/category/src/reducers/category/toggle-filter/util.ts
FN:3,getAppliedFilterByName
FN:4,(anonymous_2)
FN:7,toggledFilterNameExists
FN:8,(anonymous_4)
FN:11,addToExistingFilter
FN:13,(anonymous_6)
FNF:6
FNH:6
FNDA:11,getAppliedFilterByName
FNDA:5,(anonymous_2)
FNDA:5,toggledFilterNameExists
FNDA:2,(anonymous_4)
FNDA:2,addToExistingFilter
FNDA:2,(anonymous_6)
DA:4,11
DA:8,5
DA:13,2
DA:14,2
DA:15,2
DA:18,2
LF:6
LH:6
BRDA:8,0,0,5
BRDA:8,0,1,5
BRDA:14,1,0,2
BRDA:14,1,1,0
BRF:4
BRH:3
end_of_record
TN:
SF:/home/griest/graycoreio/daffodil/libs/category/src/resolvers/public_api.ts
FNF:0
FNH:0
LF:0
LH:0
BRF:0
BRH:0
end_of_record
TN:
SF:/home/griest/graycoreio/daffodil/libs/category/src/resolvers/category-page/category-page.resolver.ts
FN:21,(anonymous_5)
FN:28,(anonymous_6)
FNF:2
FNH:2
FNDA:6,(anonymous_5)
FNDA:6,(anonymous_6)
DA:20,1
DA:22,6
DA:23,6
DA:24,6
DA:25,6
DA:29,6
DA:33,6
LF:7
LH:7
BRDA:33,0,0,2
BRDA:33,0,1,4
BRF:2
BRH:2
end_of_record
TN:
SF:/home/griest/graycoreio/daffodil/libs/category/src/resolvers/category-page/default-category-page-size.token.ts
FNF:0
FNH:0
DA:6,1
LF:1
LH:1
BRF:0
BRH:0
end_of_record
TN:
SF:/home/griest/graycoreio/daffodil/libs/category/src/selectors/category-feature.selector.ts
FN:17,(anonymous_1)
FN:19,(anonymous_2)
FNF:2
FNH:2
FNDA:1,(anonymous_1)
FNDA:3,(anonymous_2)
DA:17,1
DA:19,3
LF:2
LH:2
BRDA:20,0,0,2
BRDA:20,0,1,1
BRF:2
BRH:2
end_of_record
TN:
SF:/home/griest/graycoreio/daffodil/libs/category/src/selectors/category.selector.ts
FN:31,(anonymous_1)
FN:47,(anonymous_2)
FN:53,(anonymous_3)
FN:53,(anonymous_4)
FN:53,(anonymous_5)
FN:58,(anonymous_6)
FN:64,(anonymous_7)
FN:65,(anonymous_8)
FN:72,(anonymous_9)
FN:89,(anonymous_10)
FN:91,(anonymous_11)
FNF:11
FNH:11
FNDA:1,(anonymous_1)
FNDA:3,(anonymous_2)
FNDA:6,(anonymous_3)
FNDA:8,(anonymous_4)
FNDA:8,(anonymous_5)
FNDA:2,(anonymous_6)
FNDA:6,(anonymous_7)
FNDA:6,(anonymous_8)
FNDA:2,(anonymous_9)
FNDA:1,(anonymous_10)
FNDA:47,(anonymous_11)
DA:31,1
DA:32,1
DA:36,1
DA:40,1
DA:44,1
DA:47,3
DA:50,1
DA:53,8
DA:56,1
DA:58,2
DA:61,1
DA:64,6
DA:65,6
DA:69,1
DA:72,2
DA:77,1
DA:89,1
DA:91,1
DA:96,47
LF:19
LH:19
BRDA:65,0,0,6
BRDA:65,0,1,0
BRDA:64,1,0,6
BRDA:64,1,1,6
BRDA:73,2,0,2
BRDA:73,2,1,0
BRDA:97,3,0,46
BRDA:97,3,1,1
BRF:8
BRH:6
end_of_record
TN:
SF:/home/griest/graycoreio/daffodil/libs/category/src/selectors/applied-filter/applied-filter-methods.ts
FN:6,buildAppliedFilter
FN:15,buildAppliedFilterOptions
FN:26,buildAppliedFilterOptionsFromEqualRequest
FN:30,(anonymous_4)
FN:31,(anonymous_5)
FN:39,buildAppliedFilterOptionsFromRangeRequest
FN:43,(anonymous_7)
FN:44,(anonymous_8)
FN:52,buildAppliedFilterOptionsFromMatchRequest
FN:56,(anonymous_10)
FN:57,(anonymous_11)
FNF:11
FNH:11
FNDA:7,buildAppliedFilter
FNDA:7,buildAppliedFilterOptions
FNDA:4,buildAppliedFilterOptionsFromEqualRequest
FNDA:5,(anonymous_4)
FNDA:5,(anonymous_5)
FNDA:2,buildAppliedFilterOptionsFromRangeRequest
FNDA:3,(anonymous_7)
FNDA:3,(anonymous_8)
FNDA:1,buildAppliedFilterOptionsFromMatchRequest
FNDA:1,(anonymous_10)
FNDA:1,(anonymous_11)
DA:7,7
DA:16,7
DA:18,4
DA:20,2
DA:22,1
DA:29,4
DA:30,5
DA:32,5
DA:42,2
DA:43,3
DA:45,3
DA:55,1
DA:56,1
DA:58,1
LF:14
LH:14
BRDA:17,0,0,4
BRDA:17,0,1,2
BRDA:17,0,2,1
BRF:3
BRH:3
end_of_record
TN:
SF:/home/griest/graycoreio/daffodil/libs/category/src/selectors/category-entities/category-entities.selector.ts
FN:20,(anonymous_1)
FN:29,(anonymous_2)
FN:61,(anonymous_3)
FN:63,(anonymous_4)
FNF:4
FNH:4
FNDA:1,(anonymous_1)
FNDA:13,(anonymous_2)
FNDA:1,(anonymous_3)
FNDA:3,(anonymous_4)
DA:20,1
DA:22,1
DA:23,1
DA:27,1
DA:29,13
DA:32,1
DA:37,1
DA:42,1
DA:47,1
DA:52,1
DA:61,1
DA:63,3
LF:12
LH:12
BRDA:64,0,0,2
BRDA:64,0,1,1
BRF:2
BRH:2
end_of_record
TN:
SF:/home/griest/graycoreio/daffodil/libs/category/src/selectors/category-page/category-page.selector.ts
FN:40,(anonymous_1)
FN:48,(anonymous_2)
FN:56,(anonymous_3)
FN:61,(anonymous_4)
FN:66,(anonymous_5)
FN:71,(anonymous_6)
FN:76,(anonymous_7)
FN:81,(anonymous_8)
FN:86,(anonymous_9)
FN:91,(anonymous_10)
FN:96,(anonymous_11)
FN:101,(anonymous_12)
FN:107,(anonymous_13)
FN:109,(anonymous_14)
FN:111,(anonymous_15)
FN:112,(anonymous_16)
FN:119,(anonymous_17)
FN:124,(anonymous_18)
FN:132,(anonymous_19)
FN:140,(anonymous_20)
FN:148,(anonymous_21)
FN:156,(anonymous_22)
FN:181,(anonymous_23)
FN:183,(anonymous_24)
FNF:24
FNH:24
FNDA:1,(anonymous_1)
FNDA:58,(anonymous_2)
FNDA:47,(anonymous_3)
FNDA:3,(anonymous_4)
FNDA:3,(anonymous_5)
FNDA:3,(anonymous_6)
FNDA:6,(anonymous_7)
FNDA:3,(anonymous_8)
FNDA:9,(anonymous_9)
FNDA:3,(anonymous_10)
FNDA:3,(anonymous_11)
FNDA:4,(anonymous_12)
FNDA:3,(anonymous_13)
FNDA:2,(anonymous_14)
FNDA:3,(anonymous_15)
FNDA:2,(anonymous_16)
FNDA:3,(anonymous_17)
FNDA:3,(anonymous_18)
FNDA:4,(anonymous_19)
FNDA:3,(anonymous_20)
FNDA:3,(anonymous_21)
FNDA:3,(anonymous_22)
FNDA:1,(anonymous_23)
FNDA:3,(anonymous_24)
DA:40,1
DA:41,1
DA:46,1
DA:48,58
DA:54,1
DA:56,47
DA:59,1
DA:61,3
DA:64,1
DA:66,3
DA:69,1
DA:71,3
DA:74,1
DA:76,6
DA:79,1
DA:81,3
DA:84,1
DA:86,9
DA:89,1
DA:91,3
DA:94,1
DA:96,3
DA:99,1
DA:101,4
DA:104,1
DA:108,3
DA:109,2
DA:110,2
DA:111,3
DA:112,2
DA:117,1
DA:119,3
DA:122,1
DA:124,3
DA:130,1
DA:132,4
DA:138,1
DA:140,3
DA:146,1
DA:148,3
DA:154,1
DA:156,3
DA:159,1
DA:181,1
DA:183,3
LF:45
LH:45
BRDA:108,0,0,1
BRDA:108,0,1,2
BRDA:184,1,0,2
BRDA:184,1,1,1
BRF:4
BRH:4
end_of_record
