TN:
SF:/home/griest/graycoreio/daffodil/libs/core/src/index.ts
FNF:0
FNH:0
LF:0
LH:0
BRF:0
BRH:0
end_of_record
TN:
SF:/home/griest/graycoreio/daffodil/libs/core/src/errors/inheritable-error.ts
FN:21,(anonymous_1)
FNF:1
FNH:1
FNDA:9,(anonymous_1)
DA:22,9
DA:23,9
DA:25,9
LF:3
LH:3
BRF:0
BRH:0
end_of_record
TN:
SF:/home/griest/graycoreio/daffodil/libs/core/src/errors/public_api.ts
FNF:0
FNH:0
LF:0
LH:0
BRF:0
BRH:0
end_of_record
TN:
SF:/home/griest/graycoreio/daffodil/libs/core/src/operators/backoff.pipe.ts
FN:9,backoff
FN:11,(anonymous_2)
FN:12,(anonymous_3)
FNF:3
FNH:3
FNDA:3,backoff
FNDA:2,(anonymous_2)
FNDA:7,(anonymous_3)
DA:10,3
DA:11,2
DA:13,7
DA:14,6
LF:4
LH:4
BRDA:13,0,0,1
BRDA:13,0,1,6
BRF:2
BRH:2
end_of_record
TN:
SF:/home/griest/graycoreio/daffodil/libs/core/src/operators/public_api.ts
FNF:0
FNH:0
LF:0
LH:0
BRF:0
BRH:0
end_of_record
TN:
SF:/home/griest/graycoreio/daffodil/libs/core/src/storage/persistence.interface.ts
FN:16,(anonymous_1)
FNF:1
FNH:1
FNDA:1,(anonymous_1)
DA:14,1
DA:16,1
LF:2
LH:2
BRDA:17,0,0,1
BRDA:17,0,1,0
BRF:2
BRH:1
end_of_record
TN:
SF:/home/griest/graycoreio/daffodil/libs/core/src/storage/public_api.ts
FNF:0
FNH:0
LF:0
LH:0
BRF:0
BRH:0
end_of_record
TN:
SF:/home/griest/graycoreio/daffodil/libs/core/src/storage/error/error.service.ts
FN:12,(anonymous_2)
FN:16,(anonymous_3)
FN:20,(anonymous_4)
FN:24,(anonymous_5)
FN:28,(anonymous_6)
FNF:5
FNH:5
FNDA:1,(anonymous_2)
FNDA:1,(anonymous_3)
FNDA:1,(anonymous_4)
FNDA:1,(anonymous_5)
FNDA:4,(anonymous_6)
DA:9,1
DA:10,1
DA:13,1
DA:17,1
DA:21,1
DA:25,1
DA:29,4
LF:7
LH:7
BRF:0
BRH:0
end_of_record
TN:
SF:/home/griest/graycoreio/daffodil/libs/core/src/storage/error/error.ts
FN:6,(anonymous_1)
FNF:1
FNH:1
FNDA:8,(anonymous_1)
DA:4,8
DA:6,8
DA:7,8
LF:3
LH:3
BRF:0
BRH:0
end_of_record
TN:
SF:/home/griest/graycoreio/daffodil/libs/core/src/storage/error/public_api.ts
FNF:0
FNH:0
LF:0
LH:0
BRF:0
BRH:0
end_of_record
TN:
SF:/home/griest/graycoreio/daffodil/libs/core/src/storage/localstorage/localstorage.service.ts
FN:9,(anonymous_5)
FN:18,(anonymous_6)
FN:25,(anonymous_7)
FN:32,(anonymous_8)
FN:36,(anonymous_9)
FNF:5
FNH:3
FNDA:7,(anonymous_5)
FNDA:4,(anonymous_6)
FNDA:0,(anonymous_7)
FNDA:1,(anonymous_8)
FNDA:0,(anonymous_9)
DA:8,1
DA:10,7
DA:11,1
DA:19,4
DA:26,0
DA:33,1
DA:37,0
LF:7
LH:5
BRDA:10,0,0,1
BRDA:10,0,1,6
BRF:2
BRH:2
end_of_record
TN:
SF:/home/griest/graycoreio/daffodil/libs/core/src/storage/memory/memory.service.ts
FN:3,(anonymous_2)
FN:6,(anonymous_3)
FN:10,(anonymous_4)
FN:14,(anonymous_5)
FN:22,(anonymous_6)
FNF:5
FNH:5
FNDA:7,(anonymous_2)
FNDA:6,(anonymous_3)
FNDA:7,(anonymous_4)
FNDA:1,(anonymous_5)
FNDA:1,(anonymous_6)
DA:4,7
DA:7,6
DA:11,7
DA:15,1
DA:23,2
DA:24,1
LF:6
LH:6
BRDA:23,0,0,0
BRDA:23,0,1,1
BRF:2
BRH:1
end_of_record
TN:
SF:/home/griest/graycoreio/daffodil/libs/core/src/storage/noopstorage/noopstorage.service.ts
FN:8,(anonymous_2)
FN:9,(anonymous_3)
FN:10,(anonymous_4)
FN:11,(anonymous_5)
FNF:4
FNH:4
FNDA:6,(anonymous_2)
FNDA:7,(anonymous_3)
FNDA:1,(anonymous_4)
FNDA:1,(anonymous_5)
DA:7,1
LF:1
LH:1
BRF:0
BRH:0
end_of_record
TN:
SF:/home/griest/graycoreio/daffodil/libs/core/src/storage/server-error/public_api.ts
FNF:0
FNH:0
LF:0
LH:0
BRF:0
BRH:0
end_of_record
TN:
SF:/home/griest/graycoreio/daffodil/libs/core/src/storage/server-error/server-error.service.ts
FN:16,(anonymous_2)
FN:20,(anonymous_3)
FN:24,(anonymous_4)
FN:28,(anonymous_5)
FN:32,(anonymous_6)
FNF:5
FNH:5
FNDA:1,(anonymous_2)
FNDA:1,(anonymous_3)
FNDA:1,(anonymous_4)
FNDA:1,(anonymous_5)
FNDA:4,(anonymous_6)
DA:13,1
DA:14,1
DA:17,1
DA:21,1
DA:25,1
DA:29,1
DA:33,4
LF:7
LH:7
BRF:0
BRH:0
end_of_record
TN:
SF:/home/griest/graycoreio/daffodil/libs/core/src/storage/server-error/server-error.ts
FN:10,(anonymous_1)
FNF:1
FNH:1
FNDA:4,(anonymous_1)
DA:8,4
DA:10,4
DA:11,4
LF:3
LH:3
BRF:0
BRH:0
end_of_record
TN:
SF:/home/griest/graycoreio/daffodil/libs/core/src/utils/long-arithmetic.ts
FN:8,daffAdd
FN:11,(anonymous_2)
FN:23,daffSubtract
FN:27,(anonymous_4)
FN:39,daffMultiply
FN:43,(anonymous_6)
FN:55,daffDivide
FN:59,(anonymous_8)
FN:70,daffPrecision
FNF:9
FNH:9
FNDA:3,daffAdd
FNDA:7,(anonymous_2)
FNDA:3,daffSubtract
FNDA:4,(anonymous_4)
FNDA:3,daffMultiply
FNDA:7,(anonymous_6)
FNDA:3,daffDivide
FNDA:4,(anonymous_8)
FNDA:28,daffPrecision
DA:9,3
DA:10,3
DA:11,3
DA:12,7
DA:24,3
DA:25,3
DA:26,3
DA:27,4
DA:40,3
DA:41,3
DA:42,3
DA:43,7
DA:56,3
DA:57,3
DA:58,3
DA:59,4
DA:71,28
DA:72,28
DA:73,20
DA:74,20
LF:20
LH:20
BRDA:9,0,0,0
BRDA:9,0,1,3
BRDA:24,1,0,0
BRDA:24,1,1,3
BRDA:40,2,0,0
BRDA:40,2,1,3
BRDA:56,3,0,0
BRDA:56,3,1,3
BRDA:72,4,0,8
BRDA:72,4,1,20
BRDA:72,5,0,28
BRDA:72,5,1,24
BRF:12
BRH:8
end_of_record
TN:
SF:/home/griest/graycoreio/daffodil/libs/core/src/utils/random-slice.ts
FN:5,(anonymous_1)
FNF:1
FNH:1
FNDA:2,(anonymous_1)
DA:5,1
DA:6,2
DA:7,1
DA:8,1
DA:9,1
LF:5
LH:5
BRDA:6,0,0,1
BRDA:6,0,1,1
BRF:2
BRH:2
end_of_record
TN:
SF:/home/griest/graycoreio/daffodil/libs/core/src/utils/random-subset.ts
FN:8,(anonymous_1)
FNF:1
FNH:1
FNDA:3,(anonymous_1)
DA:8,1
DA:9,3
DA:10,1
DA:12,2
DA:13,2
LF:5
LH:5
BRDA:9,0,0,1
BRDA:9,0,1,2
BRDA:12,1,0,1
BRDA:12,1,1,1
BRF:4
BRH:4
end_of_record
TN:
SF:/home/griest/graycoreio/daffodil/libs/core/src/utils/range.ts
FN:12,(anonymous_1)
FN:13,(anonymous_2)
FNF:2
FNH:2
FNDA:7,(anonymous_1)
FNDA:28,(anonymous_2)
DA:12,1
DA:13,28
LF:2
LH:2
BRF:0
BRH:0
end_of_record
TN:
SF:/home/griest/graycoreio/daffodil/libs/core/src/utils/shuffle.ts
FN:5,(anonymous_1)
FN:7,(anonymous_2)
FNF:2
FNH:2
FNDA:3,(anonymous_1)
FNDA:32,(anonymous_2)
DA:5,1
DA:6,3
DA:7,3
DA:8,32
DA:9,32
DA:10,29
DA:12,32
DA:14,3
LF:8
LH:8
BRDA:9,0,0,29
BRDA:9,0,1,3
BRF:2
BRH:2
end_of_record
