TN:
SF:/home/griest/graycoreio/daffodil/libs/design/src/test.ts
FNF:0
FNH:0
DA:15,1
DA:20,1
DA:22,1
LF:3
LH:3
BRF:0
BRH:0
end_of_record
TN:
SF:/home/griest/graycoreio/daffodil/libs/design/src/atoms/button/button.component.ts
FN:33,(anonymous_3)
FN:45,(anonymous_4)
FN:80,(anonymous_5)
FN:94,(anonymous_6)
FN:105,(anonymous_7)
FN:112,(anonymous_8)
FN:119,(anonymous_9)
FN:126,(anonymous_10)
FN:133,(anonymous_11)
FN:137,(anonymous_12)
FN:144,(anonymous_13)
FN:145,(anonymous_14)
FNF:12
FNH:12
FNDA:100,(anonymous_3)
FNDA:1,(anonymous_4)
FNDA:100,(anonymous_5)
FNDA:100,(anonymous_6)
FNDA:260,(anonymous_7)
FNDA:390,(anonymous_8)
FNDA:260,(anonymous_9)
FNDA:260,(anonymous_10)
FNDA:260,(anonymous_11)
FNDA:1000,(anonymous_12)
FNDA:1000,(anonymous_13)
FNDA:1000,(anonymous_14)
DA:21,1
DA:33,100
DA:36,1
DA:45,1
DA:46,1
DA:47,1
DA:48,1
DA:49,1
DA:50,1
DA:72,1
DA:75,1
DA:76,1
DA:80,100
DA:81,100
DA:83,100
DA:84,500
DA:85,100
DA:95,100
DA:96,500
DA:97,100
DA:105,1
DA:106,260
DA:112,1
DA:113,390
DA:119,1
DA:120,260
DA:126,1
DA:127,260
DA:133,1
DA:134,260
DA:138,1000
DA:145,1000
LF:32
LH:32
BRDA:45,0,0,1
BRDA:45,0,1,1
BRDA:84,1,0,100
BRDA:84,1,1,400
BRDA:96,2,0,100
BRDA:96,2,1,400
BRDA:106,3,0,260
BRDA:106,3,1,208
BRF:8
BRH:8
end_of_record
TN:
SF:/home/griest/graycoreio/daffodil/libs/design/src/atoms/button/button.module.ts
FNF:0
FNH:0
DA:20,1
LF:1
LH:1
BRF:0
BRH:0
end_of_record
TN:
SF:/home/griest/graycoreio/daffodil/libs/design/src/atoms/button/public_api.ts
FNF:0
FNH:0
LF:0
LH:0
BRF:0
BRH:0
end_of_record
TN:
SF:/home/griest/graycoreio/daffodil/libs/design/src/atoms/container/container.component.ts
FN:9,(anonymous_3)
FN:29,(anonymous_4)
FNF:2
FNH:2
FNDA:4,(anonymous_3)
FNDA:4,(anonymous_4)
DA:9,4
DA:12,1
DA:20,1
DA:22,1
DA:27,4
DA:29,4
DA:30,4
LF:7
LH:7
BRF:0
BRH:0
end_of_record
TN:
SF:/home/griest/graycoreio/daffodil/libs/design/src/atoms/form/checkbox/checkbox.component.ts
FN:127,(anonymous_3)
FN:41,(anonymous_4)
FN:44,(anonymous_5)
FN:99,(anonymous_6)
FN:105,(anonymous_7)
FN:111,(anonymous_8)
FN:117,(anonymous_9)
FN:123,(anonymous_10)
FN:136,(anonymous_11)
FN:143,(anonymous_12)
FNF:10
FNH:7
FNDA:31,(anonymous_3)
FNDA:32,(anonymous_4)
FNDA:23,(anonymous_5)
FNDA:0,(anonymous_6)
FNDA:60,(anonymous_7)
FNDA:60,(anonymous_8)
FNDA:0,(anonymous_9)
FNDA:0,(anonymous_10)
FNDA:13,(anonymous_11)
FNDA:10,(anonymous_12)
DA:13,1
DA:22,1
DA:26,1
DA:30,1
DA:34,1
DA:38,31
DA:41,1
DA:42,32
DA:45,23
DA:46,16
DA:48,7
DA:49,7
DA:50,7
DA:53,0
DA:54,0
DA:57,7
DA:62,31
DA:67,31
DA:72,1
DA:77,31
DA:78,31
DA:93,31
DA:100,0
DA:105,1
DA:106,60
DA:111,1
DA:112,60
DA:118,0
DA:124,0
DA:127,31
DA:131,31
DA:137,13
DA:138,13
DA:144,10
DA:145,10
LF:35
LH:30
BRDA:45,0,0,16
BRDA:45,0,1,7
BRDA:48,1,0,7
BRDA:48,1,1,0
BRDA:100,2,0,0
BRDA:100,2,1,0
BRF:6
BRH:3
end_of_record
TN:
SF:/home/griest/graycoreio/daffodil/libs/design/src/atoms/form/checkbox/checkbox.module.ts
FNF:0
FNH:0
DA:27,1
LF:1
LH:1
BRF:0
BRH:0
end_of_record
TN:
SF:/home/griest/graycoreio/daffodil/libs/design/src/atoms/form/checkbox-set/checkbox-set.component.ts
FN:14,(anonymous_3)
FN:43,(anonymous_4)
FN:45,(anonymous_5)
FN:47,(anonymous_6)
FNF:4
FNH:4
FNDA:7,(anonymous_3)
FNDA:1,(anonymous_4)
FNDA:3,(anonymous_5)
FNDA:3,(anonymous_6)
DA:21,1
DA:23,1
DA:27,1
DA:33,7
DA:39,1
DA:41,7
DA:44,1
DA:45,1
DA:46,3
DA:47,3
LF:10
LH:10
BRDA:46,0,0,2
BRDA:46,0,1,1
BRF:2
BRH:2
end_of_record
TN:
SF:/home/griest/graycoreio/daffodil/libs/design/src/atoms/form/checkbox/cva/checkbox-cva.directive.ts
FN:26,(anonymous_5)
FN:39,(anonymous_6)
FN:45,(anonymous_7)
FN:50,(anonymous_8)
FN:59,(anonymous_9)
FN:67,(anonymous_10)
FN:68,(anonymous_11)
FN:76,(anonymous_12)
FN:84,(anonymous_13)
FN:91,(anonymous_14)
FN:98,(anonymous_15)
FNF:11
FNH:10
FNDA:11,(anonymous_5)
FNDA:11,(anonymous_6)
FNDA:1,(anonymous_7)
FNDA:0,(anonymous_8)
FNDA:23,(anonymous_9)
FNDA:11,(anonymous_10)
FNDA:1,(anonymous_11)
FNDA:11,(anonymous_12)
FNDA:1,(anonymous_13)
FNDA:13,(anonymous_14)
FNDA:10,(anonymous_15)
DA:12,1
DA:19,1
DA:24,1
DA:27,11
DA:28,11
DA:30,11
DA:31,11
DA:41,11
DA:44,11
DA:46,1
DA:49,11
DA:51,0
DA:60,23
DA:61,23
DA:68,11
DA:69,1
DA:77,11
DA:85,1
DA:92,13
DA:99,10
LF:20
LH:19
BRDA:30,0,0,11
BRDA:30,0,1,0
BRDA:61,1,0,13
BRDA:61,1,1,10
BRF:4
BRH:3
end_of_record
TN:
SF:/home/griest/graycoreio/daffodil/libs/design/src/atoms/form/core/error-state-matcher/error-state-matcher.ts
FN:5,(anonymous_1)
FNF:1
FNH:1
FNDA:3,(anonymous_1)
DA:6,3
LF:1
LH:1
BRDA:6,0,0,3
BRDA:6,0,1,2
BRDA:6,0,2,1
BRF:3
BRH:3
end_of_record
TN:
SF:/home/griest/graycoreio/daffodil/libs/design/src/atoms/form/error-message/error-message.component.ts
FNF:0
FNH:0
DA:9,1
LF:1
LH:1
BRF:0
BRH:0
end_of_record
TN:
SF:/home/griest/graycoreio/daffodil/libs/design/src/atoms/form/error-message/error-message.module.ts
FNF:0
FNH:0
DA:13,1
LF:1
LH:1
BRF:0
BRH:0
end_of_record
TN:
SF:/home/griest/graycoreio/daffodil/libs/design/src/atoms/form/form-field/form-field-control.ts
FNF:0
FNH:0
LF:0
LH:0
BRF:0
BRH:0
end_of_record
TN:
SF:/home/griest/graycoreio/daffodil/libs/design/src/atoms/form/form-field/form-field-errors.ts
FNF:0
FNH:0
DA:1,1
LF:1
LH:1
BRF:0
BRH:0
end_of_record
TN:
SF:/home/griest/graycoreio/daffodil/libs/design/src/atoms/form/form-field/form-field.module.ts
FNF:0
FNH:0
DA:23,1
LF:1
LH:1
BRF:0
BRH:0
end_of_record
TN:
SF:/home/griest/graycoreio/daffodil/libs/design/src/atoms/form/form-field/public_api.ts
FNF:0
FNH:0
LF:0
LH:0
BRF:0
BRH:0
end_of_record
TN:
SF:/home/griest/graycoreio/daffodil/libs/design/src/atoms/form/form-field/form-field/form-field.component.ts
FN:7,(anonymous_3)
FN:59,(anonymous_4)
FN:70,(anonymous_5)
FN:83,(anonymous_6)
FN:94,(anonymous_7)
FNF:5
FNH:5
FNDA:29,(anonymous_3)
FNDA:42,(anonymous_4)
FNDA:70,(anonymous_5)
FNDA:29,(anonymous_6)
FNDA:41,(anonymous_7)
DA:17,1
DA:22,29
DA:31,29
DA:37,1
DA:43,29
DA:49,29
DA:60,42
DA:61,13
DA:62,13
DA:71,70
DA:72,1
DA:84,29
DA:95,41
LF:13
LH:13
BRDA:60,0,0,13
BRDA:60,0,1,29
BRDA:61,1,0,13
BRDA:61,1,1,2
BRDA:62,2,0,13
BRDA:62,2,1,11
BRDA:71,3,0,1
BRDA:71,3,1,69
BRF:8
BRH:8
end_of_record
TN:
SF:/home/griest/graycoreio/daffodil/libs/design/src/atoms/form/form-label/form-label.directive.ts
FN:3,(anonymous_3)
FNF:1
FNH:1
FNDA:2,(anonymous_3)
DA:7,1
DA:9,2
LF:2
LH:2
BRF:0
BRH:0
end_of_record
TN:
SF:/home/griest/graycoreio/daffodil/libs/design/src/atoms/form/input/input.component.ts
FN:41,(anonymous_5)
FN:30,(anonymous_6)
FN:37,(anonymous_7)
FN:49,(anonymous_8)
FNF:4
FNH:4
FNDA:17,(anonymous_5)
FNDA:2,(anonymous_6)
FNDA:1,(anonymous_7)
FNDA:1,(anonymous_8)
DA:18,1
DA:23,1
DA:25,17
DA:30,1
DA:31,2
DA:37,1
DA:38,1
DA:45,17
DA:46,17
DA:50,1
LF:10
LH:10
BRF:0
BRH:0
end_of_record
TN:
SF:/home/griest/graycoreio/daffodil/libs/design/src/atoms/form/input/input.module.ts
FNF:0
FNH:0
DA:16,1
LF:1
LH:1
BRF:0
BRH:0
end_of_record
TN:
SF:/home/griest/graycoreio/daffodil/libs/design/src/atoms/form/input/public_api.ts
FNF:0
FNH:0
LF:0
LH:0
BRF:0
BRH:0
end_of_record
TN:
SF:/home/griest/graycoreio/daffodil/libs/design/src/atoms/form/radio/radio.component.ts
FN:89,(anonymous_5)
FN:30,(anonymous_6)
FN:36,(anonymous_7)
FN:48,(anonymous_8)
FN:51,(anonymous_9)
FN:96,(anonymous_10)
FN:103,(anonymous_11)
FN:109,(anonymous_12)
FN:115,(anonymous_13)
FN:121,(anonymous_14)
FN:124,(anonymous_15)
FN:14,(anonymous_17)
FNF:12
FNH:8
FNDA:37,(anonymous_5)
FNDA:72,(anonymous_6)
FNDA:72,(anonymous_7)
FNDA:38,(anonymous_8)
FNDA:3,(anonymous_9)
FNDA:37,(anonymous_10)
FNDA:0,(anonymous_11)
FNDA:0,(anonymous_12)
FNDA:3,(anonymous_13)
FNDA:0,(anonymous_14)
FNDA:0,(anonymous_15)
FNDA:20,(anonymous_17)
DA:5,1
DA:14,20
DA:21,1
DA:26,37
DA:30,1
DA:31,72
DA:36,1
DA:37,72
DA:43,37
DA:48,1
DA:49,38
DA:52,3
DA:53,3
DA:54,3
DA:60,1
DA:64,37
DA:68,1
DA:74,37
DA:79,1
DA:84,37
DA:86,37
DA:87,37
DA:89,37
DA:90,37
DA:97,37
DA:104,0
DA:110,0
DA:116,3
DA:122,0
DA:125,0
LF:30
LH:26
BRDA:52,0,0,3
BRDA:52,0,1,0
BRDA:97,1,0,27
BRDA:97,1,1,10
BRF:4
BRH:3
end_of_record
TN:
SF:/home/griest/graycoreio/daffodil/libs/design/src/atoms/form/radio/radio.module.ts
FNF:0
FNH:0
DA:29,1
LF:1
LH:1
BRF:0
BRH:0
end_of_record
TN:
SF:/home/griest/graycoreio/daffodil/libs/design/src/atoms/form/radio-set/radio-set.component.ts
FN:14,(anonymous_3)
FNF:1
FNH:1
FNDA:9,(anonymous_3)
DA:10,1
DA:12,1
DA:19,9
LF:3
LH:3
BRF:0
BRH:0
end_of_record
TN:
SF:/home/griest/graycoreio/daffodil/libs/design/src/atoms/form/radio/cva/radio-cva.directive.ts
FN:27,(anonymous_5)
FN:37,(anonymous_6)
FN:42,(anonymous_7)
FN:49,(anonymous_8)
FN:59,(anonymous_9)
FN:60,(anonymous_10)
FN:69,(anonymous_11)
FN:76,(anonymous_12)
FN:83,(anonymous_13)
FN:90,(anonymous_14)
FNF:10
FNH:9
FNDA:28,(anonymous_5)
FNDA:28,(anonymous_6)
FNDA:1,(anonymous_7)
FNDA:60,(anonymous_8)
FNDA:28,(anonymous_9)
FNDA:4,(anonymous_10)
FNDA:28,(anonymous_11)
FNDA:3,(anonymous_12)
FNDA:3,(anonymous_13)
FNDA:0,(anonymous_14)
DA:13,1
DA:20,1
DA:25,1
DA:28,28
DA:29,28
DA:30,28
DA:32,28
DA:33,28
DA:38,28
DA:39,28
DA:41,28
DA:42,1
DA:50,60
DA:51,3
DA:52,3
DA:60,28
DA:61,4
DA:62,4
DA:70,28
DA:77,3
DA:84,3
DA:91,0
LF:22
LH:21
BRDA:32,0,0,28
BRDA:32,0,1,0
BRDA:42,1,0,1
BRDA:42,1,1,0
BRDA:50,2,0,3
BRDA:50,2,1,57
BRF:6
BRH:4
end_of_record
TN:
SF:/home/griest/graycoreio/daffodil/libs/design/src/atoms/form/radio/registry/radio-registry.ts
FN:10,(anonymous_2)
FN:18,(anonymous_3)
FN:29,(anonymous_4)
FN:42,(anonymous_5)
FN:43,(anonymous_6)
FN:50,(anonymous_7)
FNF:6
FNH:5
FNDA:11,(anonymous_2)
FNDA:28,(anonymous_3)
FNDA:0,(anonymous_4)
FNDA:4,(anonymous_5)
FNDA:2,(anonymous_6)
FNDA:2,(anonymous_7)
DA:11,1
DA:12,11
DA:19,28
DA:30,0
DA:31,0
DA:32,0
DA:33,0
DA:43,4
DA:44,2
DA:45,0
DA:53,2
DA:54,0
DA:56,2
LF:13
LH:7
BRDA:31,0,0,0
BRDA:31,0,1,0
BRDA:44,1,0,0
BRDA:44,1,1,2
BRDA:44,2,0,2
BRDA:44,2,1,2
BRDA:53,3,0,0
BRDA:53,3,1,2
BRDA:56,4,0,2
BRDA:56,4,1,2
BRF:10
BRH:6
end_of_record
TN:
SF:/home/griest/graycoreio/daffodil/libs/design/src/atoms/form/select/select.module.ts
FNF:0
FNH:0
DA:17,1
LF:1
LH:1
BRF:0
BRH:0
end_of_record
TN:
SF:/home/griest/graycoreio/daffodil/libs/design/src/atoms/form/select/select/select.component.ts
FN:44,(anonymous_5)
FN:33,(anonymous_6)
FN:40,(anonymous_7)
FN:52,(anonymous_8)
FNF:4
FNH:4
FNDA:29,(anonymous_5)
FNDA:1,(anonymous_6)
FNDA:1,(anonymous_7)
FNDA:1,(anonymous_8)
DA:18,1
DA:22,29
DA:27,1
DA:28,29
DA:33,1
DA:34,1
DA:40,1
DA:41,1
DA:48,29
DA:49,29
DA:53,1
LF:11
LH:11
BRF:0
BRH:0
end_of_record
TN:
SF:/home/griest/graycoreio/daffodil/libs/design/src/atoms/image/image.component.ts
FN:4,(anonymous_3)
FN:10,(anonymous_4)
FN:11,(anonymous_5)
FN:79,(anonymous_6)
FN:37,(anonymous_7)
FN:38,(anonymous_8)
FN:46,(anonymous_9)
FN:47,(anonymous_10)
FN:55,(anonymous_11)
FN:56,(anonymous_12)
FN:64,(anonymous_13)
FN:65,(anonymous_14)
FN:75,(anonymous_15)
FN:84,(anonymous_16)
FN:95,(anonymous_17)
FNF:15
FNH:15
FNDA:109,(anonymous_3)
FNDA:13,(anonymous_4)
FNDA:52,(anonymous_5)
FNDA:13,(anonymous_6)
FNDA:98,(anonymous_7)
FNDA:14,(anonymous_8)
FNDA:98,(anonymous_9)
FNDA:14,(anonymous_10)
FNDA:156,(anonymous_11)
FNDA:16,(anonymous_12)
FNDA:109,(anonymous_13)
FNDA:13,(anonymous_14)
FNDA:13,(anonymous_15)
FNDA:17,(anonymous_16)
FNDA:38,(anonymous_17)
DA:4,1
DA:5,109
DA:6,8
DA:10,1
DA:11,13
DA:12,52
DA:13,52
DA:16,4
DA:18,48
DA:21,13
DA:22,1
DA:32,1
DA:37,98
DA:39,14
DA:40,14
DA:46,98
DA:48,14
DA:49,14
DA:55,156
DA:57,16
DA:58,16
DA:64,109
DA:66,13
DA:67,13
DA:70,13
DA:76,13
DA:79,13
DA:85,17
DA:86,1
DA:89,16
DA:95,1
DA:96,38
LF:32
LH:32
BRDA:5,0,0,8
BRDA:5,0,1,101
BRDA:5,1,0,109
BRDA:5,1,1,107
BRDA:5,1,2,103
BRDA:21,2,0,1
BRDA:21,2,1,12
BRDA:85,3,0,1
BRDA:85,3,1,16
BRDA:85,4,0,17
BRDA:85,4,1,17
BRF:11
BRH:11
end_of_record
TN:
SF:/home/griest/graycoreio/daffodil/libs/design/src/atoms/loading-icon/loading-icon.component.ts
FN:8,(anonymous_3)
FN:39,(anonymous_4)
FN:35,(anonymous_5)
FNF:3
FNH:3
FNDA:7,(anonymous_3)
FNDA:7,(anonymous_4)
FNDA:18,(anonymous_5)
DA:8,7
DA:11,1
DA:19,1
DA:21,1
DA:26,7
DA:31,7
DA:35,1
DA:36,18
DA:39,7
DA:40,7
LF:10
LH:10
BRF:0
BRH:0
end_of_record
TN:
SF:/home/griest/graycoreio/daffodil/libs/design/src/atoms/progress-indicator/progress-indicator.component.ts
FN:11,(anonymous_3)
FN:77,(anonymous_4)
FN:57,(anonymous_5)
FN:68,(anonymous_6)
FNF:4
FNH:4
FNDA:7,(anonymous_3)
FNDA:7,(anonymous_4)
FNDA:10,(anonymous_5)
FNDA:11,(anonymous_6)
DA:11,7
DA:14,1
DA:25,1
DA:30,7
DA:36,1
DA:44,7
DA:50,7
DA:60,10
DA:61,1
DA:69,11
DA:77,7
DA:78,7
LF:12
LH:12
BRDA:60,0,0,1
BRDA:60,0,1,9
BRDA:60,1,0,10
BRDA:60,1,1,10
BRF:4
BRH:4
end_of_record
TN:
SF:/home/griest/graycoreio/daffodil/libs/design/src/atoms/progress-indicator/animation/progress-indicator-animation.ts
FNF:0
FNH:0
DA:12,1
LF:1
LH:1
BRF:0
BRH:0
end_of_record
TN:
SF:/home/griest/graycoreio/daffodil/libs/design/src/core/colorable/colorable.ts
FN:19,(anonymous_1)
FN:42,daffColorMixin
FN:47,(anonymous_3)
FN:48,(anonymous_4)
FN:70,(anonymous_5)
FN:77,colorInPalette
FNF:6
FNH:6
FNDA:1,(anonymous_1)
FNDA:19,daffColorMixin
FNDA:7,(anonymous_3)
FNDA:346,(anonymous_4)
FNDA:172,(anonymous_5)
FNDA:271,colorInPalette
DA:19,1
DA:20,1
DA:21,1
DA:22,1
DA:23,1
DA:24,1
DA:25,1
DA:26,1
DA:27,1
DA:43,19
DA:47,7
DA:50,346
DA:52,346
DA:53,1
DA:56,345
DA:58,136
DA:59,13
DA:62,136
DA:63,136
DA:66,136
DA:71,172
DA:72,172
DA:78,271
LF:23
LH:23
BRDA:19,0,0,1
BRDA:19,0,1,1
BRDA:50,1,0,346
BRDA:50,1,1,198
BRDA:52,2,0,1
BRDA:52,2,1,345
BRDA:52,3,0,346
BRDA:52,3,1,261
BRDA:56,4,0,136
BRDA:56,4,1,209
BRDA:58,5,0,13
BRDA:58,5,1,123
BRDA:62,6,0,136
BRDA:62,6,1,0
BRF:14
BRH:13
end_of_record
TN:
SF:/home/griest/graycoreio/daffodil/libs/design/src/core/prefix-suffix/prefix-suffix.module.ts
FNF:0
FNH:0
DA:17,1
LF:1
LH:1
BRF:0
BRH:0
end_of_record
TN:
SF:/home/griest/graycoreio/daffodil/libs/design/src/core/prefix-suffix/prefix.directive.ts
FN:8,(anonymous_3)
FNF:1
FNH:1
FNDA:2,(anonymous_3)
DA:12,1
DA:14,2
LF:2
LH:2
BRF:0
BRH:0
end_of_record
TN:
SF:/home/griest/graycoreio/daffodil/libs/design/src/core/prefix-suffix/public_api.ts
FNF:0
FNH:0
LF:0
LH:0
BRF:0
BRH:0
end_of_record
TN:
SF:/home/griest/graycoreio/daffodil/libs/design/src/core/prefix-suffix/suffix.directive.ts
FN:8,(anonymous_3)
FNF:1
FNH:1
FNDA:2,(anonymous_3)
DA:12,1
DA:14,2
LF:2
LH:2
BRF:0
BRH:0
end_of_record
TN:
SF:/home/griest/graycoreio/daffodil/libs/design/src/core/prefix-suffix/prefixable/prefixable.ts
FN:8,daffPrefixableMixin
FN:13,(anonymous_4)
FNF:2
FNH:2
FNDA:2,daffPrefixableMixin
FNDA:102,(anonymous_4)
DA:11,2
DA:14,102
DA:18,2
LF:3
LH:3
BRF:0
BRH:0
end_of_record
TN:
SF:/home/griest/graycoreio/daffodil/libs/design/src/core/prefix-suffix/suffixable/suffixable.ts
FN:8,daffSuffixableMixin
FN:13,(anonymous_4)
FNF:2
FNH:2
FNDA:2,daffSuffixableMixin
FNDA:102,(anonymous_4)
DA:11,2
DA:14,102
DA:18,2
LF:3
LH:3
BRF:0
BRH:0
end_of_record
TN:
SF:/home/griest/graycoreio/daffodil/libs/design/src/core/sizeable/sizeable-mixin.ts
FN:11,daffSizeMixin
FN:16,(anonymous_2)
FN:17,(anonymous_3)
FN:35,(anonymous_4)
FNF:4
FNH:4
FNDA:12,daffSizeMixin
FNDA:3,(anonymous_2)
FNDA:239,(anonymous_3)
FNDA:114,(anonymous_4)
DA:12,12
DA:16,3
DA:19,239
DA:21,239
DA:23,108
DA:24,2
DA:27,108
DA:28,108
DA:31,108
DA:36,114
DA:37,114
LF:11
LH:11
BRDA:19,0,0,239
BRDA:19,0,1,121
BRDA:21,1,0,108
BRDA:21,1,1,131
BRDA:23,2,0,2
BRDA:23,2,1,106
BRDA:27,3,0,108
BRDA:27,3,1,0
BRF:8
BRH:7
end_of_record
TN:
SF:/home/griest/graycoreio/daffodil/libs/design/src/core/statusable/statusable-mixin.ts
FN:11,daffStatusMixin
FN:16,(anonymous_2)
FN:20,(anonymous_3)
FN:40,(anonymous_4)
FNF:4
FNH:4
FNDA:10,daffStatusMixin
FNDA:3,(anonymous_2)
FNDA:20,(anonymous_3)
FNDA:10,(anonymous_4)
DA:12,10
DA:17,3
DA:22,20
DA:24,20
DA:25,13
DA:29,7
DA:30,2
DA:33,7
DA:34,7
DA:37,7
DA:41,10
DA:42,10
LF:12
LH:12
BRDA:22,0,0,20
BRDA:22,0,1,13
BRDA:24,1,0,13
BRDA:24,1,1,7
BRDA:29,2,0,2
BRDA:29,2,1,5
BRDA:33,3,0,7
BRDA:33,3,1,0
BRF:8
BRH:7
end_of_record
TN:
SF:/home/griest/graycoreio/daffodil/libs/design/src/molecules/accordion/accordion/accordion.component.ts
FNF:0
FNH:0
DA:9,1
LF:1
LH:1
BRF:0
BRH:0
end_of_record
TN:
SF:/home/griest/graycoreio/daffodil/libs/design/src/molecules/accordion/accordion-item/accordion-item.component.ts
FN:8,(anonymous_3)
FN:45,(anonymous_4)
FN:50,(anonymous_5)
FNF:3
FNH:3
FNDA:9,(anonymous_3)
FNDA:11,(anonymous_4)
FNDA:4,(anonymous_5)
DA:17,1
DA:21,9
DA:25,9
DA:30,9
DA:32,1
DA:36,9
DA:46,11
DA:47,11
DA:51,4
DA:52,4
LF:10
LH:10
BRDA:46,0,0,1
BRDA:46,0,1,10
BRF:2
BRH:2
end_of_record
TN:
SF:/home/griest/graycoreio/daffodil/libs/design/src/molecules/accordion/accordion-item-content/accordion-item-content.directive.ts
FN:3,(anonymous_3)
FNF:1
FNH:1
FNDA:2,(anonymous_3)
DA:6,1
DA:11,2
LF:2
LH:2
BRF:0
BRH:0
end_of_record
TN:
SF:/home/griest/graycoreio/daffodil/libs/design/src/molecules/accordion/accordion-item-title/accordion-item-title.directive.ts
FN:3,(anonymous_3)
FNF:1
FNH:1
FNDA:2,(anonymous_3)
DA:6,1
DA:11,2
LF:2
LH:2
BRF:0
BRH:0
end_of_record
TN:
SF:/home/griest/graycoreio/daffodil/libs/design/src/molecules/accordion/animation/accordion-animation-state.ts
FN:1,(anonymous_1)
FNF:1
FNH:1
FNDA:17,(anonymous_1)
DA:1,1
DA:2,17
DA:3,4
DA:6,13
LF:4
LH:4
BRDA:2,0,0,4
BRDA:2,0,1,13
BRF:2
BRH:2
end_of_record
TN:
SF:/home/griest/graycoreio/daffodil/libs/design/src/molecules/accordion/animation/accordion-animation.ts
FNF:0
FNH:0
DA:12,1
LF:1
LH:1
BRF:0
BRH:0
end_of_record
TN:
SF:/home/griest/graycoreio/daffodil/libs/design/src/molecules/article/article/article.component.ts
FN:6,(anonymous_3)
FNF:1
FNH:1
FNDA:2,(anonymous_3)
DA:12,1
DA:17,2
DA:22,2
LF:3
LH:3
BRF:0
BRH:0
end_of_record
TN:
SF:/home/griest/graycoreio/daffodil/libs/design/src/molecules/backdrop/backdrop.module.ts
FNF:0
FNH:0
DA:20,1
LF:1
LH:1
BRF:0
BRH:0
end_of_record
TN:
SF:/home/griest/graycoreio/daffodil/libs/design/src/molecules/backdrop/public_api.ts
FNF:0
FNH:0
LF:0
LH:0
BRF:0
BRH:0
end_of_record
TN:
SF:/home/griest/graycoreio/daffodil/libs/design/src/molecules/backdrop/animation/backdrop-animation.ts
FNF:0
FNH:0
DA:10,1
DA:11,1
DA:12,1
DA:16,1
LF:4
LH:4
BRF:0
BRH:0
end_of_record
TN:
SF:/home/griest/graycoreio/daffodil/libs/design/src/molecules/backdrop/backdrop/backdrop.component.ts
FN:5,(anonymous_3)
FN:45,(anonymous_4)
FNF:2
FNH:2
FNDA:9,(anonymous_3)
FNDA:1,(anonymous_4)
DA:14,1
DA:20,9
DA:27,9
DA:32,9
DA:45,1
DA:46,1
LF:6
LH:6
BRF:0
BRH:0
end_of_record
TN:
SF:/home/griest/graycoreio/daffodil/libs/design/src/molecules/button-set/button-set.component.ts
FN:3,(anonymous_3)
FNF:1
FNH:1
FNDA:2,(anonymous_3)
DA:9,1
DA:13,2
LF:2
LH:2
BRF:0
BRH:0
end_of_record
TN:
SF:/home/griest/graycoreio/daffodil/libs/design/src/molecules/callout/callout/callout.component.ts
FN:7,(anonymous_3)
FN:13,(anonymous_4)
FN:21,(anonymous_5)
FN:38,(anonymous_6)
FN:51,(anonymous_7)
FN:59,(anonymous_8)
FNF:6
FNH:6
FNDA:1,(anonymous_3)
FNDA:1,(anonymous_4)
FNDA:8,(anonymous_5)
FNDA:8,(anonymous_6)
FNDA:22,(anonymous_7)
FNDA:22,(anonymous_8)
DA:7,1
DA:8,1
DA:13,1
DA:14,1
DA:21,8
DA:24,1
DA:33,1
DA:34,1
DA:35,1
DA:36,1
DA:38,8
DA:39,8
DA:45,8
DA:51,1
DA:52,22
DA:59,1
DA:60,22
LF:17
LH:17
BRDA:7,0,0,1
BRDA:7,0,1,1
BRDA:13,1,0,1
BRDA:13,1,1,1
BRF:4
BRH:4
end_of_record
TN:
SF:/home/griest/graycoreio/daffodil/libs/design/src/molecules/callout/callout-subtitle/callout-subtitle.directive.ts
FN:3,(anonymous_3)
FNF:1
FNH:1
FNDA:2,(anonymous_3)
DA:7,1
DA:12,2
LF:2
LH:2
BRF:0
BRH:0
end_of_record
TN:
SF:/home/griest/graycoreio/daffodil/libs/design/src/molecules/callout/callout-title/callout-title.directive.ts
FN:3,(anonymous_3)
FNF:1
FNH:1
FNDA:2,(anonymous_3)
DA:7,1
DA:12,2
LF:2
LH:2
BRF:0
BRH:0
end_of_record
TN:
SF:/home/griest/graycoreio/daffodil/libs/design/src/molecules/card/card/card.component.ts
FN:17,(anonymous_3)
FN:38,(anonymous_4)
FNF:2
FNH:2
FNDA:4,(anonymous_3)
FNDA:4,(anonymous_4)
DA:17,4
DA:20,1
DA:30,1
DA:32,1
DA:36,4
DA:38,4
DA:39,4
LF:7
LH:7
BRF:0
BRH:0
end_of_record
TN:
SF:/home/griest/graycoreio/daffodil/libs/design/src/molecules/card/card-image/card-image.directive.ts
FN:3,(anonymous_3)
FNF:1
FNH:1
FNDA:2,(anonymous_3)
DA:6,1
DA:11,2
LF:2
LH:2
BRF:0
BRH:0
end_of_record
TN:
SF:/home/griest/graycoreio/daffodil/libs/design/src/molecules/card/card-title/card-title.directive.ts
FN:3,(anonymous_3)
FNF:1
FNH:1
FNDA:2,(anonymous_3)
DA:6,1
DA:11,2
LF:2
LH:2
BRF:0
BRH:0
end_of_record
TN:
SF:/home/griest/graycoreio/daffodil/libs/design/src/molecules/feature/feature/feature.component.ts
FN:4,(anonymous_3)
FN:9,(anonymous_4)
FN:29,(anonymous_5)
FN:36,(anonymous_6)
FNF:4
FNH:4
FNDA:1,(anonymous_3)
FNDA:5,(anonymous_4)
FNDA:16,(anonymous_5)
FNDA:16,(anonymous_6)
DA:4,1
DA:5,1
DA:6,1
DA:17,1
DA:22,5
DA:24,5
DA:29,1
DA:30,16
DA:36,1
DA:37,16
LF:10
LH:10
BRDA:4,0,0,1
BRDA:4,0,1,1
BRF:2
BRH:2
end_of_record
TN:
SF:/home/griest/graycoreio/daffodil/libs/design/src/molecules/feature/feature-icon/feature-icon.directive.ts
FN:3,(anonymous_3)
FNF:1
FNH:1
FNDA:2,(anonymous_3)
DA:6,1
DA:11,2
LF:2
LH:2
BRF:0
BRH:0
end_of_record
TN:
SF:/home/griest/graycoreio/daffodil/libs/design/src/molecules/feature/feature-subheader/feature-subheader.directive.ts
FN:3,(anonymous_3)
FNF:1
FNH:1
FNDA:2,(anonymous_3)
DA:6,1
DA:11,2
LF:2
LH:2
BRF:0
BRH:0
end_of_record
TN:
SF:/home/griest/graycoreio/daffodil/libs/design/src/molecules/feature/feature-subtitle/feature-subtitle.directive.ts
FN:3,(anonymous_3)
FNF:1
FNH:1
FNDA:2,(anonymous_3)
DA:6,1
DA:11,2
LF:2
LH:2
BRF:0
BRH:0
end_of_record
TN:
SF:/home/griest/graycoreio/daffodil/libs/design/src/molecules/feature/feature-title/feature-title.directive.ts
FN:3,(anonymous_3)
FNF:1
FNH:1
FNDA:2,(anonymous_3)
DA:6,1
DA:11,2
LF:2
LH:2
BRF:0
BRH:0
end_of_record
TN:
SF:/home/griest/graycoreio/daffodil/libs/design/src/molecules/hero/hero/hero.component.ts
FN:7,(anonymous_3)
FN:13,(anonymous_4)
FN:22,(anonymous_5)
FN:40,(anonymous_6)
FN:53,(anonymous_7)
FN:61,(anonymous_8)
FN:69,(anonymous_9)
FNF:7
FNH:7
FNDA:1,(anonymous_3)
FNDA:1,(anonymous_4)
FNDA:9,(anonymous_5)
FNDA:9,(anonymous_6)
FNDA:26,(anonymous_7)
FNDA:26,(anonymous_8)
FNDA:26,(anonymous_9)
DA:7,1
DA:8,1
DA:13,1
DA:14,1
DA:15,1
DA:22,9
DA:25,1
DA:34,1
DA:36,1
DA:37,1
DA:38,1
DA:40,9
DA:41,9
DA:47,9
DA:53,1
DA:54,26
DA:61,1
DA:62,26
DA:69,1
DA:70,26
LF:20
LH:20
BRDA:7,0,0,1
BRDA:7,0,1,1
BRDA:13,1,0,1
BRDA:13,1,1,1
BRF:4
BRH:4
end_of_record
TN:
SF:/home/griest/graycoreio/daffodil/libs/design/src/molecules/hero/hero-subtitle/hero-subtitle.directive.ts
FN:3,(anonymous_3)
FNF:1
FNH:1
FNDA:2,(anonymous_3)
DA:7,1
DA:12,2
LF:2
LH:2
BRF:0
BRH:0
end_of_record
TN:
SF:/home/griest/graycoreio/daffodil/libs/design/src/molecules/hero/hero-title/hero-title.directive.ts
FN:3,(anonymous_3)
FNF:1
FNH:1
FNDA:2,(anonymous_3)
DA:7,1
DA:12,2
LF:2
LH:2
BRF:0
BRH:0
end_of_record
TN:
SF:/home/griest/graycoreio/daffodil/libs/design/src/molecules/image-gallery/gallery-image/gallery-image.component.ts
FNF:0
FNH:0
DA:11,1
DA:12,1
LF:2
LH:2
BRF:0
BRH:0
end_of_record
TN:
SF:/home/griest/graycoreio/daffodil/libs/design/src/molecules/image-gallery/image-gallery/image-gallery.component.ts
FNF:0
FNH:0
DA:9,1
LF:1
LH:1
BRF:0
BRH:0
end_of_record
TN:
SF:/home/griest/graycoreio/daffodil/libs/design/src/molecules/image-list/image-list.component.ts
FN:3,(anonymous_3)
FNF:1
FNH:1
FNDA:5,(anonymous_3)
DA:9,1
DA:14,5
LF:2
LH:2
BRF:0
BRH:0
end_of_record
TN:
SF:/home/griest/graycoreio/daffodil/libs/design/src/molecules/image-list/image-list.module.ts
FNF:0
FNH:0
DA:17,1
LF:1
LH:1
BRF:0
BRH:0
end_of_record
TN:
SF:/home/griest/graycoreio/daffodil/libs/design/src/molecules/image-list/public_api.ts
FNF:0
FNH:0
LF:0
LH:0
BRF:0
BRH:0
end_of_record
TN:
SF:/home/griest/graycoreio/daffodil/libs/design/src/molecules/link-set/link-set/link-set.component.ts
FN:6,(anonymous_3)
FNF:1
FNH:1
FNDA:2,(anonymous_3)
DA:13,1
DA:18,2
LF:2
LH:2
BRF:0
BRH:0
end_of_record
TN:
SF:/home/griest/graycoreio/daffodil/libs/design/src/molecules/link-set/link-set-heading/link-set-heading.directive.ts
FN:6,(anonymous_3)
FNF:1
FNH:1
FNDA:2,(anonymous_3)
DA:9,1
DA:14,2
LF:2
LH:2
BRF:0
BRH:0
end_of_record
TN:
SF:/home/griest/graycoreio/daffodil/libs/design/src/molecules/link-set/link-set-item/link-set-item.component.ts
FN:3,(anonymous_3)
FNF:1
FNH:1
FNDA:2,(anonymous_3)
DA:10,1
DA:15,2
LF:2
LH:2
BRF:0
BRH:0
end_of_record
TN:
SF:/home/griest/graycoreio/daffodil/libs/design/src/molecules/link-set/link-set-subheading/link-set-subheading.directive.ts
FN:6,(anonymous_3)
FNF:1
FNH:1
FNDA:2,(anonymous_3)
DA:9,1
DA:14,2
LF:2
LH:2
BRF:0
BRH:0
end_of_record
TN:
SF:/home/griest/graycoreio/daffodil/libs/design/src/molecules/list/list/list.component.ts
FN:8,(anonymous_3)
FN:16,(anonymous_4)
FN:75,(anonymous_5)
FN:40,(anonymous_6)
FN:48,(anonymous_7)
FN:56,(anonymous_8)
FN:64,(anonymous_9)
FN:71,(anonymous_10)
FN:80,(anonymous_11)
FN:88,(anonymous_12)
FN:92,(anonymous_13)
FNF:11
FNH:11
FNDA:1,(anonymous_3)
FNDA:1,(anonymous_4)
FNDA:20,(anonymous_5)
FNDA:52,(anonymous_6)
FNDA:52,(anonymous_7)
FNDA:52,(anonymous_8)
FNDA:52,(anonymous_9)
FNDA:158,(anonymous_10)
FNDA:52,(anonymous_11)
FNDA:54,(anonymous_12)
FNDA:158,(anonymous_13)
DA:8,1
DA:9,1
DA:10,1
DA:11,1
DA:16,1
DA:17,1
DA:18,1
DA:31,1
DA:35,1
DA:40,1
DA:41,52
DA:48,1
DA:49,52
DA:56,1
DA:57,52
DA:64,1
DA:65,52
DA:72,158
DA:75,20
DA:80,1
DA:81,52
DA:88,1
DA:89,54
DA:93,158
LF:24
LH:24
BRDA:8,0,0,1
BRDA:8,0,1,1
BRDA:16,1,0,1
BRDA:16,1,1,1
BRDA:89,2,0,27
BRDA:89,2,1,27
BRF:6
BRH:6
end_of_record
TN:
SF:/home/griest/graycoreio/daffodil/libs/design/src/molecules/list/list-item/list-item.component.ts
FN:28,(anonymous_3)
FN:34,(anonymous_4)
FN:38,(anonymous_5)
FN:43,(anonymous_6)
FNF:4
FNH:3
FNDA:8,(anonymous_3)
FNDA:18,(anonymous_4)
FNDA:0,(anonymous_5)
FNDA:18,(anonymous_6)
DA:12,1
DA:17,8
DA:22,1
DA:26,1
DA:28,8
DA:34,1
DA:35,18
DA:39,0
DA:44,18
LF:9
LH:8
BRDA:35,0,0,9
BRDA:35,0,1,9
BRF:2
BRH:2
end_of_record
TN:
SF:/home/griest/graycoreio/daffodil/libs/design/src/molecules/list/list-subheader/list-subheader.directive.ts
FN:6,(anonymous_3)
FNF:1
FNH:1
FNDA:2,(anonymous_3)
DA:9,1
DA:14,2
LF:2
LH:2
BRF:0
BRH:0
end_of_record
TN:
SF:/home/griest/graycoreio/daffodil/libs/design/src/molecules/modal/modal.module.ts
FNF:0
FNH:0
DA:38,1
LF:1
LH:1
BRF:0
BRH:0
end_of_record
TN:
SF:/home/griest/graycoreio/daffodil/libs/design/src/molecules/modal/animations/modal-animation-state.ts
FN:1,(anonymous_1)
FNF:1
FNH:1
FNDA:26,(anonymous_1)
DA:1,1
DA:2,26
LF:2
LH:2
BRDA:2,0,0,12
BRDA:2,0,1,14
BRF:2
BRH:2
end_of_record
TN:
SF:/home/griest/graycoreio/daffodil/libs/design/src/molecules/modal/animations/modal-animation.ts
FNF:0
FNH:0
DA:12,1
LF:1
LH:1
BRF:0
BRH:0
end_of_record
TN:
SF:/home/griest/graycoreio/daffodil/libs/design/src/molecules/modal/modal/modal.component.ts
FN:18,(anonymous_3)
FN:63,(anonymous_4)
FN:71,(anonymous_5)
FN:82,(anonymous_6)
FNF:4
FNH:4
FNDA:10,(anonymous_3)
FNDA:8,(anonymous_4)
FNDA:24,(anonymous_5)
FNDA:8,(anonymous_6)
DA:25,1
DA:29,10
DA:34,1
DA:39,10
DA:44,10
DA:52,10
DA:58,10
DA:64,8
DA:71,1
DA:72,24
DA:82,1
DA:83,8
DA:84,8
DA:85,5
LF:14
LH:14
BRDA:84,0,0,5
BRDA:84,0,1,3
BRF:2
BRH:2
end_of_record
TN:
SF:/home/griest/graycoreio/daffodil/libs/design/src/molecules/modal/modal-actions/modal-actions.component.ts
FNF:0
FNH:0
DA:8,1
LF:1
LH:1
BRF:0
BRH:0
end_of_record
TN:
SF:/home/griest/graycoreio/daffodil/libs/design/src/molecules/modal/modal-content/modal-content.component.ts
FNF:0
FNH:0
DA:9,1
LF:1
LH:1
BRF:0
BRH:0
end_of_record
TN:
SF:/home/griest/graycoreio/daffodil/libs/design/src/molecules/modal/modal-header/modal-header.component.ts
FN:3,(anonymous_3)
FNF:1
FNH:1
FNDA:2,(anonymous_3)
DA:10,1
DA:14,2
LF:2
LH:2
BRF:0
BRH:0
end_of_record
TN:
SF:/home/griest/graycoreio/daffodil/libs/design/src/molecules/modal/modal-title/modal-title.directive.ts
FN:3,(anonymous_3)
FNF:1
FNH:1
FNDA:2,(anonymous_3)
DA:6,1
DA:10,2
LF:2
LH:2
BRF:0
BRH:0
end_of_record
TN:
SF:/home/griest/graycoreio/daffodil/libs/design/src/molecules/modal/service/modal.service.ts
FN:21,(anonymous_3)
FN:25,(anonymous_4)
FN:33,(anonymous_5)
FN:40,(anonymous_6)
FN:50,(anonymous_7)
FN:60,(anonymous_8)
FN:63,(anonymous_9)
FN:81,(anonymous_10)
FN:89,(anonymous_11)
FN:93,(anonymous_12)
FNF:10
FNH:10
FNDA:6,(anonymous_3)
FNDA:7,(anonymous_4)
FNDA:7,(anonymous_5)
FNDA:7,(anonymous_6)
FNDA:2,(anonymous_7)
FNDA:3,(anonymous_8)
FNDA:7,(anonymous_9)
FNDA:2,(anonymous_10)
FNDA:2,(anonymous_11)
FNDA:2,(anonymous_12)
DA:18,1
DA:19,6
DA:21,6
DA:23,6
DA:28,7
DA:29,7
DA:30,7
DA:37,7
DA:41,7
DA:51,2
DA:52,2
DA:53,0
DA:58,2
DA:60,3
DA:67,7
DA:68,7
DA:69,7
DA:70,7
DA:72,7
DA:77,7
DA:79,7
DA:82,2
DA:86,7
DA:90,2
DA:91,2
DA:92,2
DA:93,2
LF:27
LH:26
BRDA:52,0,0,0
BRDA:52,0,1,2
BRDA:83,1,0,1
BRDA:83,1,1,1
BRF:4
BRH:3
end_of_record
TN:
SF:/home/griest/graycoreio/daffodil/libs/design/src/molecules/navbar/navbar.component.ts
FN:8,(anonymous_3)
FN:40,(anonymous_4)
FN:31,(anonymous_5)
FNF:3
FNH:3
FNDA:5,(anonymous_3)
FNDA:5,(anonymous_4)
FNDA:15,(anonymous_5)
DA:8,5
DA:11,1
DA:19,1
DA:24,1
DA:26,5
DA:31,1
DA:32,15
DA:38,5
DA:40,5
DA:41,5
LF:10
LH:10
BRF:0
BRH:0
end_of_record
TN:
SF:/home/griest/graycoreio/daffodil/libs/design/src/molecules/paginator/paginator-errors.ts
FNF:0
FNH:0
DA:1,1
DA:2,1
LF:2
LH:2
BRF:0
BRH:0
end_of_record
TN:
SF:/home/griest/graycoreio/daffodil/libs/design/src/molecules/paginator/paginator.component.ts
FN:12,(anonymous_3)
FN:54,(anonymous_4)
FN:84,(anonymous_5)
FN:91,(anonymous_6)
FN:98,(anonymous_7)
FN:106,(anonymous_8)
FN:115,(anonymous_9)
FN:124,(anonymous_10)
FN:132,(anonymous_11)
FN:140,(anonymous_12)
FN:150,(anonymous_13)
FN:160,(anonymous_14)
FN:168,(anonymous_15)
FNF:13
FNH:13
FNDA:21,(anonymous_3)
FNDA:21,(anonymous_4)
FNDA:33,(anonymous_5)
FNDA:530,(anonymous_6)
FNDA:1,(anonymous_7)
FNDA:1,(anonymous_8)
FNDA:1,(anonymous_9)
FNDA:151,(anonymous_10)
FNDA:31,(anonymous_11)
FNDA:31,(anonymous_12)
FNDA:530,(anonymous_13)
FNDA:31,(anonymous_14)
FNDA:31,(anonymous_15)
DA:12,21
DA:15,1
DA:17,1
DA:25,1
DA:30,21
DA:34,21
DA:39,21
DA:43,21
DA:48,1
DA:54,21
DA:55,21
DA:56,21
DA:57,21
DA:64,1
DA:69,1
DA:79,21
DA:85,33
DA:86,1
DA:87,32
DA:88,1
DA:91,530
DA:99,1
DA:107,1
DA:116,1
DA:125,151
DA:133,31
DA:141,31
DA:151,530
DA:161,31
DA:169,31
LF:30
LH:30
BRDA:57,0,0,21
BRDA:57,0,1,0
BRDA:85,1,0,1
BRDA:85,1,1,32
BRDA:87,2,0,1
BRDA:87,2,1,31
BRDA:91,3,0,1
BRDA:91,3,1,30
BRDA:151,4,0,530
BRDA:151,4,1,471
BRDA:151,4,2,376
BRDA:151,4,3,445
BRDA:151,4,4,50
BRF:13
BRH:12
end_of_record
TN:
SF:/home/griest/graycoreio/daffodil/libs/design/src/molecules/paginator/paginator.module.ts
FNF:0
FNH:0
DA:22,1
LF:1
LH:1
BRF:0
BRH:0
end_of_record
TN:
SF:/home/griest/graycoreio/daffodil/libs/design/src/molecules/qty-dropdown/qty-dropdown.component.ts
FN:33,(anonymous_3)
FN:27,(anonymous_4)
FN:31,(anonymous_5)
FN:38,(anonymous_6)
FN:39,(anonymous_7)
FN:49,(anonymous_8)
FN:57,(anonymous_9)
FN:64,(anonymous_10)
FN:71,(anonymous_11)
FN:82,(anonymous_12)
FN:94,(anonymous_13)
FN:103,(anonymous_14)
FN:107,(anonymous_15)
FN:109,(anonymous_16)
FNF:14
FNH:13
FNDA:22,(anonymous_3)
FNDA:3,(anonymous_4)
FNDA:0,(anonymous_5)
FNDA:22,(anonymous_6)
FNDA:198,(anonymous_7)
FNDA:2,(anonymous_8)
FNDA:1,(anonymous_9)
FNDA:1,(anonymous_10)
FNDA:4,(anonymous_11)
FNDA:128,(anonymous_12)
FNDA:4,(anonymous_13)
FNDA:128,(anonymous_14)
FNDA:1,(anonymous_15)
FNDA:1,(anonymous_16)
DA:8,1
DA:10,22
DA:12,1
DA:13,1
DA:14,22
DA:27,22
DA:31,22
DA:33,22
DA:39,198
DA:41,22
DA:42,1
DA:50,2
DA:51,2
DA:58,1
DA:65,1
DA:72,4
DA:73,2
DA:75,2
DA:83,128
DA:84,101
DA:86,27
DA:87,27
DA:95,4
DA:96,4
DA:97,1
DA:99,4
DA:100,4
DA:104,128
DA:108,1
DA:109,1
DA:110,1
DA:111,1
LF:32
LH:32
BRDA:41,0,0,1
BRDA:41,0,1,21
BRDA:72,1,0,2
BRDA:72,1,1,2
BRDA:83,2,0,101
BRDA:83,2,1,27
BRDA:83,3,0,128
BRDA:83,3,1,118
BRDA:96,4,0,1
BRDA:96,4,1,3
BRF:10
BRH:10
end_of_record
TN:
SF:/home/griest/graycoreio/daffodil/libs/design/src/molecules/sidebar/animation/sidebar-animation-state.ts
FN:1,(anonymous_1)
FNF:1
FNH:1
FNDA:49,(anonymous_1)
DA:1,1
DA:2,49
DA:3,9
DA:4,3
DA:7,6
LF:5
LH:5
BRDA:1,0,0,1
BRDA:2,1,0,40
BRDA:2,1,1,9
BRDA:3,2,0,3
BRDA:3,2,1,6
BRDA:3,3,0,9
BRDA:3,3,1,3
BRF:7
BRH:7
end_of_record
TN:
SF:/home/griest/graycoreio/daffodil/libs/design/src/molecules/sidebar/animation/sidebar-animation.ts
FN:38,(anonymous_1)
FNF:1
FNH:1
FNDA:1,(anonymous_1)
DA:10,1
DA:11,1
DA:12,1
DA:13,1
DA:18,1
DA:38,1
DA:39,1
DA:40,1
LF:8
LH:8
BRDA:38,0,0,1
BRDA:38,0,1,1
BRF:2
BRH:2
end_of_record
TN:
SF:/home/griest/graycoreio/daffodil/libs/design/src/molecules/sidebar/sidebar/sidebar.component.ts
FN:27,(anonymous_3)
FN:37,(anonymous_4)
FN:39,(anonymous_5)
FN:40,(anonymous_6)
FN:40,(anonymous_7)
FNF:5
FNH:5
FNDA:5,(anonymous_3)
FNDA:5,(anonymous_4)
FNDA:1,(anonymous_5)
FNDA:1,(anonymous_6)
FNDA:1,(anonymous_7)
DA:21,1
DA:25,5
DA:28,5
DA:29,5
DA:37,5
DA:38,5
DA:39,1
DA:40,1
DA:41,1
DA:42,1
LF:10
LH:10
BRF:0
BRH:0
end_of_record
TN:
SF:/home/griest/graycoreio/daffodil/libs/design/src/molecules/sidebar/sidebar-viewport/sidebar-viewport.component.ts
FN:20,(anonymous_3)
FN:46,(anonymous_4)
FN:47,(anonymous_5)
FN:63,(anonymous_6)
FN:64,(anonymous_7)
FN:77,(anonymous_8)
FN:84,(anonymous_9)
FN:91,(anonymous_10)
FN:93,(anonymous_11)
FN:102,(anonymous_12)
FN:109,(anonymous_13)
FN:116,(anonymous_14)
FNF:12
FNH:10
FNDA:14,(anonymous_3)
FNDA:160,(anonymous_4)
FNDA:17,(anonymous_5)
FNDA:54,(anonymous_6)
FNDA:14,(anonymous_7)
FNDA:45,(anonymous_8)
FNDA:14,(anonymous_9)
FNDA:14,(anonymous_10)
FNDA:0,(anonymous_11)
FNDA:1,(anonymous_12)
FNDA:24,(anonymous_13)
FNDA:0,(anonymous_14)
DA:18,1
DA:20,14
DA:30,1
DA:35,14
DA:40,14
DA:46,160
DA:48,17
DA:49,17
DA:57,14
DA:63,54
DA:65,14
DA:66,14
DA:72,14
DA:78,45
DA:85,14
DA:92,14
DA:93,0
DA:94,0
DA:103,1
DA:110,24
DA:117,0
DA:118,0
DA:119,0
LF:23
LH:18
BRDA:78,0,0,7
BRDA:78,0,1,38
BRDA:78,1,0,45
BRDA:78,1,1,40
BRDA:92,2,0,0
BRDA:92,2,1,14
BRDA:110,3,0,24
BRDA:110,3,1,21
BRDA:117,4,0,0
BRDA:117,4,1,0
BRF:10
BRH:7
end_of_record
TN:
SF:/home/griest/graycoreio/daffodil/libs/design/src/testing/factories/image.factory.ts
FN:5,(anonymous_2)
FN:13,(anonymous_3)
FNF:2
FNH:2
FNDA:3,(anonymous_2)
FNDA:3,(anonymous_3)
DA:6,3
DA:7,3
DA:11,1
DA:14,3
LF:4
LH:4
BRF:0
BRH:0
end_of_record
