TN:
SF:/home/griest/graycoreio/daffodil/libs/branding/src/test.ts
FNF:0
FNH:0
DA:15,1
DA:20,1
DA:22,1
LF:3
LH:3
BRF:0
BRH:0
end_of_record
TN:
SF:/home/griest/graycoreio/daffodil/libs/branding/src/lib/copyright/copyright.component.ts
FN:3,(anonymous_2)
FNF:1
FNH:1
FNDA:1,(anonymous_2)
DA:7,1
DA:8,1
LF:2
LH:2
BRF:0
BRH:0
end_of_record
TN:
SF:/home/griest/graycoreio/daffodil/libs/branding/src/lib/license/license.component.ts
FNF:0
FNH:0
DA:7,1
LF:1
LH:1
BRF:0
BRH:0
end_of_record
TN:
SF:/home/griest/graycoreio/daffodil/libs/branding/src/lib/logo/logo.component.ts
FN:4,(anonymous_3)
FN:10,(anonymous_4)
FN:17,(anonymous_5)
FN:52,(anonymous_6)
FNF:4
FNH:4
FNDA:1,(anonymous_3)
FNDA:1,(anonymous_4)
FNDA:1,(anonymous_5)
FNDA:2,(anonymous_6)
DA:4,1
DA:5,1
DA:6,1
DA:10,1
DA:11,1
DA:12,1
DA:13,1
DA:14,1
DA:23,1
DA:30,1
DA:39,1
DA:47,1
DA:53,2
LF:13
LH:13
BRDA:4,0,0,1
BRDA:4,0,1,1
BRDA:10,1,0,1
BRDA:10,1,1,1
BRF:4
BRH:4
end_of_record
