TN:
SF:/home/griest/graycoreio/daffodil/libs/checkout/src/checkout.module.ts
FNF:0
FNH:0
DA:24,1
LF:1
LH:1
BRF:0
BRH:0
end_of_record
TN:
SF:/home/griest/graycoreio/daffodil/libs/checkout/src/index.ts
FNF:0
FNH:0
LF:0
LH:0
BRF:0
BRH:0
end_of_record
TN:
SF:/home/griest/graycoreio/daffodil/libs/checkout/src/billing/billing-state.module.ts
FNF:0
FNH:0
DA:11,1
LF:1
LH:1
BRF:0
BRH:0
end_of_record
TN:
SF:/home/griest/graycoreio/daffodil/libs/checkout/src/billing/billing.module.ts
FNF:0
FNH:0
DA:23,1
LF:1
LH:1
BRF:0
BRH:0
end_of_record
TN:
SF:/home/griest/graycoreio/daffodil/libs/checkout/src/billing/actions/billing.actions.ts
FN:7,(anonymous_1)
FN:16,(anonymous_2)
FN:22,(anonymous_3)
FN:25,(anonymous_4)
FNF:4
FNH:4
FNDA:1,(anonymous_1)
FNDA:8,(anonymous_2)
FNDA:8,(anonymous_3)
FNDA:5,(anonymous_4)
DA:7,1
DA:8,1
DA:9,1
DA:10,1
DA:14,8
DA:16,8
DA:20,8
DA:22,8
DA:26,5
LF:9
LH:9
BRDA:7,0,0,1
BRDA:7,0,1,1
BRF:2
BRH:2
end_of_record
TN:
SF:/home/griest/graycoreio/daffodil/libs/checkout/src/billing/containers/billing.component.ts
FN:23,(anonymous_3)
FN:27,(anonymous_4)
FN:33,(anonymous_5)
FN:37,(anonymous_6)
FN:41,(anonymous_7)
FNF:5
FNH:5
FNDA:7,(anonymous_3)
FNDA:7,(anonymous_4)
FNDA:1,(anonymous_5)
FNDA:1,(anonymous_6)
FNDA:1,(anonymous_7)
DA:17,1
DA:24,7
DA:28,7
DA:29,7
DA:30,7
DA:34,1
DA:38,1
DA:42,1
LF:8
LH:8
BRF:0
BRH:0
end_of_record
TN:
SF:/home/griest/graycoreio/daffodil/libs/checkout/src/billing/facades/billing.facade.ts
FN:37,(anonymous_3)
FN:47,(anonymous_4)
FNF:2
FNH:2
FNDA:5,(anonymous_3)
FNDA:1,(anonymous_4)
DA:23,1
DA:37,5
DA:38,5
DA:39,5
DA:40,5
DA:48,1
LF:6
LH:6
BRF:0
BRH:0
end_of_record
TN:
SF:/home/griest/graycoreio/daffodil/libs/checkout/src/billing/reducers/billing-reducers.ts
FNF:0
FNH:0
DA:6,1
LF:1
LH:1
BRF:0
BRH:0
end_of_record
TN:
SF:/home/griest/graycoreio/daffodil/libs/checkout/src/billing/reducers/billing/billing.reducer.ts
FN:10,daffBillingReducer
FNF:1
FNH:1
FNDA:25,daffBillingReducer
DA:4,1
DA:11,25
DA:13,6
DA:15,3
DA:17,6
DA:19,10
LF:6
LH:6
BRDA:10,0,0,9
BRDA:12,1,0,6
BRDA:12,1,1,3
BRDA:12,1,2,6
BRDA:12,1,3,10
BRF:5
BRH:5
end_of_record
TN:
SF:/home/griest/graycoreio/daffodil/libs/checkout/src/billing/selectors/billing.selector.ts
FN:19,(anonymous_1)
FN:24,(anonymous_2)
FN:29,(anonymous_3)
FN:34,(anonymous_4)
FNF:4
FNH:4
FNDA:7,(anonymous_1)
FNDA:2,(anonymous_2)
FNDA:2,(anonymous_3)
FNDA:2,(anonymous_4)
DA:12,1
DA:17,1
DA:19,7
DA:22,1
DA:24,2
DA:27,1
DA:29,2
DA:32,1
DA:34,2
LF:9
LH:9
BRF:0
BRH:0
end_of_record
TN:
SF:/home/griest/graycoreio/daffodil/libs/checkout/src/drivers/injection-tokens/driver-checkout.token.ts
FNF:0
FNH:0
DA:3,1
LF:1
LH:1
BRF:0
BRH:0
end_of_record
TN:
SF:/home/griest/graycoreio/daffodil/libs/checkout/src/drivers/injection-tokens/payment-driver.token.ts
FNF:0
FNH:0
DA:3,1
LF:1
LH:1
BRF:0
BRH:0
end_of_record
TN:
SF:/home/griest/graycoreio/daffodil/libs/checkout/src/drivers/injection-tokens/payment-transformer.token.ts
FNF:0
FNH:0
DA:3,1
LF:1
LH:1
BRF:0
BRH:0
end_of_record
TN:
SF:/home/griest/graycoreio/daffodil/libs/checkout/src/drivers/interfaces/order-service.interface.ts
FNF:0
FNH:0
DA:6,1
LF:1
LH:1
BRF:0
BRH:0
end_of_record
TN:
SF:/home/griest/graycoreio/daffodil/libs/checkout/src/order/order-state.module.ts
FNF:0
FNH:0
DA:19,1
LF:1
LH:1
BRF:0
BRH:0
end_of_record
TN:
SF:/home/griest/graycoreio/daffodil/libs/checkout/src/order/order.module.ts
FNF:0
FNH:0
DA:25,1
LF:1
LH:1
BRF:0
BRH:0
end_of_record
TN:
SF:/home/griest/graycoreio/daffodil/libs/checkout/src/order/actions/order.actions.ts
FN:9,(anonymous_1)
FN:18,(anonymous_2)
FN:30,(anonymous_3)
FN:39,(anonymous_4)
FN:48,(anonymous_5)
FN:57,(anonymous_6)
FNF:6
FNH:5
FNDA:1,(anonymous_1)
FNDA:1,(anonymous_2)
FNDA:0,(anonymous_3)
FNDA:3,(anonymous_4)
FNDA:10,(anonymous_5)
FNDA:4,(anonymous_6)
DA:9,1
DA:10,1
DA:11,1
DA:12,1
DA:18,1
DA:19,1
DA:20,1
DA:21,1
DA:28,0
DA:30,0
DA:37,3
DA:39,3
DA:46,10
DA:48,10
DA:55,4
DA:57,4
LF:16
LH:14
BRDA:9,0,0,1
BRDA:9,0,1,1
BRDA:18,1,0,1
BRDA:18,1,1,1
BRF:4
BRH:4
end_of_record
TN:
SF:/home/griest/graycoreio/daffodil/libs/checkout/src/order/containers/order.component.ts
FN:22,(anonymous_3)
FN:26,(anonymous_4)
FNF:2
FNH:2
FNDA:3,(anonymous_3)
FNDA:3,(anonymous_4)
DA:17,1
DA:23,3
DA:27,3
DA:28,3
LF:4
LH:4
BRF:0
BRH:0
end_of_record
TN:
SF:/home/griest/graycoreio/daffodil/libs/checkout/src/order/effects/order.effects.ts
FN:21,(anonymous_5)
FN:29,(anonymous_6)
FN:32,(anonymous_7)
FN:35,(anonymous_8)
FNF:4
FNH:4
FNDA:3,(anonymous_5)
FNDA:2,(anonymous_6)
FNDA:1,(anonymous_7)
FNDA:1,(anonymous_8)
DA:19,1
DA:22,3
DA:23,3
DA:27,4
DA:30,2
DA:33,1
DA:36,1
LF:7
LH:7
BRF:0
BRH:0
end_of_record
TN:
SF:/home/griest/graycoreio/daffodil/libs/checkout/src/order/facades/order.facade.ts
FN:34,(anonymous_3)
FN:44,(anonymous_4)
FNF:2
FNH:2
FNDA:5,(anonymous_3)
FNDA:1,(anonymous_4)
DA:20,1
DA:34,5
DA:35,5
DA:36,5
DA:37,5
DA:45,1
LF:6
LH:6
BRF:0
BRH:0
end_of_record
TN:
SF:/home/griest/graycoreio/daffodil/libs/checkout/src/order/reducers/order-reducers.ts
FNF:0
FNH:0
DA:9,1
LF:1
LH:1
BRF:0
BRH:0
end_of_record
TN:
SF:/home/griest/graycoreio/daffodil/libs/checkout/src/order/reducers/order/order.reducer.ts
FN:16,daffOrderReducer
FNF:1
FNH:1
FNDA:21,daffOrderReducer
DA:7,1
DA:17,21
DA:19,1
DA:21,8
DA:23,2
DA:25,10
LF:6
LH:6
BRDA:16,0,0,9
BRDA:18,1,0,1
BRDA:18,1,1,8
BRDA:18,1,2,2
BRDA:18,1,3,10
BRF:5
BRH:5
end_of_record
TN:
SF:/home/griest/graycoreio/daffodil/libs/checkout/src/order/selectors/order.selector.ts
FN:19,(anonymous_1)
FN:27,(anonymous_2)
FN:35,(anonymous_3)
FN:43,(anonymous_4)
FNF:4
FNH:4
FNDA:7,(anonymous_1)
FNDA:2,(anonymous_2)
FNDA:2,(anonymous_3)
FNDA:2,(anonymous_4)
DA:11,1
DA:17,1
DA:19,7
DA:25,1
DA:27,2
DA:33,1
DA:35,2
DA:41,1
DA:43,2
LF:9
LH:9
BRF:0
BRH:0
end_of_record
TN:
SF:/home/griest/graycoreio/daffodil/libs/checkout/src/payment/payment-state.module.ts
FNF:0
FNH:0
DA:11,1
LF:1
LH:1
BRF:0
BRH:0
end_of_record
TN:
SF:/home/griest/graycoreio/daffodil/libs/checkout/src/payment/payment.module.ts
FNF:0
FNH:0
DA:16,1
LF:1
LH:1
BRF:0
BRH:0
end_of_record
TN:
SF:/home/griest/graycoreio/daffodil/libs/checkout/src/payment/actions/payment.actions.ts
FN:5,(anonymous_1)
FN:12,(anonymous_2)
FNF:2
FNH:2
FNDA:1,(anonymous_1)
FNDA:4,(anonymous_2)
DA:5,1
DA:6,1
DA:10,4
DA:12,4
LF:4
LH:4
BRDA:5,0,0,1
BRDA:5,0,1,1
BRF:2
BRH:2
end_of_record
TN:
SF:/home/griest/graycoreio/daffodil/libs/checkout/src/payment/facades/payment.facade.ts
FN:24,(anonymous_3)
FN:32,(anonymous_4)
FNF:2
FNH:2
FNDA:3,(anonymous_3)
FNDA:1,(anonymous_4)
DA:18,1
DA:24,3
DA:25,3
DA:33,1
LF:4
LH:4
BRF:0
BRH:0
end_of_record
TN:
SF:/home/griest/graycoreio/daffodil/libs/checkout/src/payment/reducers/payment-reducers.ts
FNF:0
FNH:0
DA:6,1
LF:1
LH:1
BRF:0
BRH:0
end_of_record
TN:
SF:/home/griest/graycoreio/daffodil/libs/checkout/src/payment/reducers/payment/payment.reducer.ts
FN:8,daffPaymentReducer
FNF:1
FNH:1
FNDA:10,daffPaymentReducer
DA:4,1
DA:9,10
DA:11,4
DA:13,6
LF:4
LH:4
BRDA:8,0,0,5
BRDA:10,1,0,4
BRDA:10,1,1,6
BRF:3
BRH:3
end_of_record
TN:
SF:/home/griest/graycoreio/daffodil/libs/checkout/src/payment/selectors/payment.selector.ts
FN:16,(anonymous_1)
FN:21,(anonymous_2)
FNF:2
FNH:2
FNDA:3,(anonymous_1)
FNDA:2,(anonymous_2)
DA:9,1
DA:14,1
DA:16,3
DA:19,1
DA:21,2
LF:5
LH:5
BRF:0
BRH:0
end_of_record
TN:
SF:/home/griest/graycoreio/daffodil/libs/checkout/src/shipping/shipping-state.module.ts
FNF:0
FNH:0
DA:11,1
LF:1
LH:1
BRF:0
BRH:0
end_of_record
TN:
SF:/home/griest/graycoreio/daffodil/libs/checkout/src/shipping/shipping.module.ts
FNF:0
FNH:0
DA:23,1
LF:1
LH:1
BRF:0
BRH:0
end_of_record
TN:
SF:/home/griest/graycoreio/daffodil/libs/checkout/src/shipping/actions/shipping.actions.ts
FN:5,(anonymous_1)
FN:13,(anonymous_2)
FN:19,(anonymous_3)
FNF:3
FNH:3
FNDA:1,(anonymous_1)
FNDA:9,(anonymous_2)
FNDA:8,(anonymous_3)
DA:5,1
DA:6,1
DA:7,1
DA:11,9
DA:13,9
DA:17,8
DA:19,8
LF:7
LH:7
BRDA:5,0,0,1
BRDA:5,0,1,1
BRF:2
BRH:2
end_of_record
TN:
SF:/home/griest/graycoreio/daffodil/libs/checkout/src/shipping/containers/shipping.component.ts
FN:23,(anonymous_3)
FN:27,(anonymous_4)
FN:33,(anonymous_5)
FN:37,(anonymous_6)
FNF:4
FNH:4
FNDA:6,(anonymous_3)
FNDA:6,(anonymous_4)
FNDA:1,(anonymous_5)
FNDA:1,(anonymous_6)
DA:16,1
DA:24,6
DA:28,6
DA:29,6
DA:30,6
DA:34,1
DA:38,1
LF:7
LH:7
BRF:0
BRH:0
end_of_record
TN:
SF:/home/griest/graycoreio/daffodil/libs/checkout/src/shipping/facades/shipping.facade.ts
FN:32,(anonymous_3)
FN:42,(anonymous_4)
FNF:2
FNH:2
FNDA:5,(anonymous_3)
FNDA:1,(anonymous_4)
DA:18,1
DA:32,5
DA:33,5
DA:34,5
DA:35,5
DA:43,1
LF:6
LH:6
BRF:0
BRH:0
end_of_record
TN:
SF:/home/griest/graycoreio/daffodil/libs/checkout/src/shipping/reducers/shipping-reducers.ts
FNF:0
FNH:0
DA:6,1
LF:1
LH:1
BRF:0
BRH:0
end_of_record
TN:
SF:/home/griest/graycoreio/daffodil/libs/checkout/src/shipping/reducers/shipping/shipping.reducer.ts
FN:9,daffShippingReducer
FNF:1
FNH:1
FNDA:23,daffShippingReducer
DA:4,1
DA:10,23
DA:12,7
DA:14,6
DA:16,10
LF:5
LH:5
BRDA:9,0,0,9
BRDA:11,1,0,7
BRDA:11,1,1,6
BRDA:11,1,2,10
BRF:4
BRH:4
end_of_record
TN:
SF:/home/griest/graycoreio/daffodil/libs/checkout/src/shipping/selectors/shipping.selectors.ts
FN:18,(anonymous_1)
FN:23,(anonymous_2)
FN:28,(anonymous_3)
FN:33,(anonymous_4)
FNF:4
FNH:4
FNDA:7,(anonymous_1)
FNDA:4,(anonymous_2)
FNDA:2,(anonymous_3)
FNDA:2,(anonymous_4)
DA:11,1
DA:16,1
DA:18,7
DA:21,1
DA:23,4
DA:26,1
DA:28,2
DA:31,1
DA:33,2
LF:9
LH:9
BRF:0
BRH:0
end_of_record
