TN:
SF:/home/griest/graycoreio/daffodil/apps/demo/src/polyfills.ts
FNF:0
FNH:0
LF:0
LH:0
BRF:0
BRH:0
end_of_record
TN:
SF:/home/griest/graycoreio/daffodil/apps/demo/src/test.ts
FNF:0
FNH:0
DA:13,1
DA:18,1
DA:20,1
LF:3
LH:3
BRF:0
BRH:0
end_of_record
TN:
SF:/home/griest/graycoreio/daffodil/apps/demo/src/app/app.component.ts
FN:3,(anonymous_2)
FNF:1
FNH:1
FNDA:1,(anonymous_2)
DA:8,1
DA:9,1
LF:2
LH:2
BRF:0
BRH:0
end_of_record
TN:
SF:/home/griest/graycoreio/daffodil/apps/demo/src/app/auth/effects/auth.effects.ts
FN:13,(anonymous_3)
FN:25,(anonymous_4)
FNF:2
FNH:2
FNDA:2,(anonymous_3)
FNDA:1,(anonymous_4)
DA:12,1
DA:14,2
DA:15,2
DA:21,3
DA:25,1
LF:5
LH:5
BRF:0
BRH:0
end_of_record
TN:
SF:/home/griest/graycoreio/daffodil/apps/demo/src/app/cart/components/add-to-cart-notification/actions/add-to-cart-notification.actions.ts
FN:3,(anonymous_1)
FN:11,(anonymous_2)
FN:17,(anonymous_3)
FNF:3
FNH:3
FNDA:1,(anonymous_1)
FNDA:14,(anonymous_2)
FNDA:8,(anonymous_3)
DA:3,1
DA:4,1
DA:5,1
DA:9,14
DA:15,8
LF:5
LH:5
BRDA:3,0,0,1
BRDA:3,0,1,1
BRF:2
BRH:2
end_of_record
TN:
SF:/home/griest/graycoreio/daffodil/apps/demo/src/app/cart/components/add-to-cart-notification/components/add-to-cart-notification/add-to-cart-notification.component.ts
FN:29,(anonymous_3)
FN:31,(anonymous_4)
FN:50,(anonymous_5)
FN:57,(anonymous_6)
FNF:4
FNH:4
FNDA:18,(anonymous_3)
FNDA:24,(anonymous_4)
FNDA:30,(anonymous_5)
FNDA:1,(anonymous_6)
DA:18,1
DA:19,18
DA:20,18
DA:29,18
DA:32,24
DA:34,24
DA:38,24
DA:42,24
DA:46,24
DA:50,30
DA:54,24
DA:58,1
LF:12
LH:12
BRF:0
BRH:0
end_of_record
TN:
SF:/home/griest/graycoreio/daffodil/apps/demo/src/app/cart/components/add-to-cart-notification/components/product-added/product-added.component.ts
FNF:0
FNH:0
DA:10,1
DA:12,1
DA:13,1
LF:3
LH:3
BRF:0
BRH:0
end_of_record
TN:
SF:/home/griest/graycoreio/daffodil/apps/demo/src/app/cart/components/add-to-cart-notification/effects/add-to-cart-notification.effects.ts
FN:16,(anonymous_3)
FN:25,(anonymous_4)
FN:31,(anonymous_5)
FN:32,(anonymous_6)
FN:42,(anonymous_7)
FNF:5
FNH:2
FNDA:2,(anonymous_3)
FNDA:1,(anonymous_4)
FNDA:0,(anonymous_5)
FNDA:0,(anonymous_6)
FNDA:0,(anonymous_7)
DA:13,1
DA:17,2
DA:18,2
DA:19,2
DA:23,3
DA:25,1
DA:29,3
DA:31,0
DA:33,0
DA:40,3
DA:43,0
LF:11
LH:8
BRF:0
BRH:0
end_of_record
TN:
SF:/home/griest/graycoreio/daffodil/apps/demo/src/app/cart/components/add-to-cart-notification/reducers/add-to-cart-notification.reducer.ts
FN:19,(anonymous_1)
FN:28,reducer
FN:43,(anonymous_3)
FN:45,(anonymous_4)
FN:47,(anonymous_5)
FN:49,(anonymous_6)
FNF:6
FNH:6
FNDA:14,(anonymous_1)
FNDA:68,reducer
FNDA:3,(anonymous_3)
FNDA:42,(anonymous_4)
FNDA:41,(anonymous_5)
FNDA:42,(anonymous_6)
DA:12,1
DA:19,1
DA:20,14
DA:29,68
DA:31,12
DA:33,6
DA:35,14
DA:37,8
DA:39,28
DA:43,3
DA:45,42
DA:47,41
DA:49,42
LF:13
LH:13
BRDA:28,0,0,23
BRDA:30,1,0,12
BRDA:30,1,1,6
BRDA:30,1,2,14
BRDA:30,1,3,8
BRDA:30,1,4,28
BRF:6
BRH:6
end_of_record
TN:
SF:/home/griest/graycoreio/daffodil/apps/demo/src/app/cart/components/add-to-cart-notification/reducers/index.ts
FN:25,(anonymous_1)
FN:50,(anonymous_2)
FN:53,(anonymous_3)
FNF:3
FNH:3
FNDA:51,(anonymous_1)
FNDA:15,(anonymous_2)
FNDA:2,(anonymous_3)
DA:11,1
DA:18,1
DA:23,1
DA:25,51
DA:28,1
DA:33,1
DA:38,1
DA:43,1
DA:48,1
DA:51,15
DA:52,15
DA:53,15
DA:54,2
DA:57,15
LF:14
LH:14
BRDA:52,0,0,15
BRDA:52,0,1,0
BRF:2
BRH:1
end_of_record
TN:
SF:/home/griest/graycoreio/daffodil/apps/demo/src/app/cart/components/cart/cart.component.ts
FN:20,(anonymous_3)
FN:24,(anonymous_4)
FN:26,(anonymous_5)
FNF:3
FNH:3
FNDA:6,(anonymous_3)
FNDA:6,(anonymous_4)
FNDA:6,(anonymous_5)
DA:13,1
DA:15,1
DA:21,6
DA:25,6
DA:26,6
DA:28,6
LF:6
LH:6
BRF:0
BRH:0
end_of_record
TN:
SF:/home/griest/graycoreio/daffodil/apps/demo/src/app/cart/components/cart-item/cart-item.component.ts
FN:15,(anonymous_3)
FN:19,(anonymous_4)
FN:22,(anonymous_5)
FNF:3
FNH:3
FNDA:8,(anonymous_3)
FNDA:8,(anonymous_4)
FNDA:1,(anonymous_5)
DA:11,1
DA:13,1
DA:16,8
DA:23,1
LF:4
LH:4
BRF:0
BRH:0
end_of_record
TN:
SF:/home/griest/graycoreio/daffodil/apps/demo/src/app/cart/components/cart-item-count/cart-item-count.component.ts
FNF:0
FNH:0
DA:8,1
DA:10,1
LF:2
LH:2
BRF:0
BRH:0
end_of_record
TN:
SF:/home/griest/graycoreio/daffodil/apps/demo/src/app/cart/components/cart-items/cart-items.component.ts
FNF:0
FNH:0
DA:9,1
DA:11,1
LF:2
LH:2
BRF:0
BRH:0
end_of_record
TN:
SF:/home/griest/graycoreio/daffodil/apps/demo/src/app/cart/components/cart-sidebar/cart-sidebar.component.ts
FNF:0
FNH:0
DA:10,1
DA:12,1
DA:13,1
LF:3
LH:3
BRF:0
BRH:0
end_of_record
TN:
SF:/home/griest/graycoreio/daffodil/apps/demo/src/app/cart/components/cart-summary/cart-summary.component.ts
FN:16,(anonymous_3)
FN:20,(anonymous_4)
FNF:2
FNH:2
FNDA:8,(anonymous_3)
FNDA:1,(anonymous_4)
DA:11,1
DA:13,1
DA:14,1
DA:17,8
DA:20,8
DA:21,1
LF:6
LH:6
BRF:0
BRH:0
end_of_record
TN:
SF:/home/griest/graycoreio/daffodil/apps/demo/src/app/cart/components/cart-summary-wrapper/cart-summary-wrapper.component.ts
FNF:0
FNH:0
DA:11,1
DA:13,1
DA:14,1
DA:15,1
LF:4
LH:4
BRF:0
BRH:0
end_of_record
TN:
SF:/home/griest/graycoreio/daffodil/apps/demo/src/app/cart/components/cart-totals/cart-totals.component.ts
FNF:0
FNH:0
DA:10,1
DA:11,1
LF:2
LH:2
BRF:0
BRH:0
end_of_record
TN:
SF:/home/griest/graycoreio/daffodil/apps/demo/src/app/cart/components/cart-totals-item/cart-totals-item.component.ts
FNF:0
FNH:0
DA:8,1
DA:10,1
LF:2
LH:2
BRF:0
BRH:0
end_of_record
TN:
SF:/home/griest/graycoreio/daffodil/apps/demo/src/app/cart/components/cart-totals-item/cart-totals-item.module.ts
FNF:0
FNH:0
DA:16,1
LF:1
LH:1
BRF:0
BRH:0
end_of_record
TN:
SF:/home/griest/graycoreio/daffodil/apps/demo/src/app/cart/components/minicart-item/minicart-item.component.ts
FN:16,(anonymous_3)
FN:20,(anonymous_4)
FNF:2
FNH:2
FNDA:5,(anonymous_3)
FNDA:1,(anonymous_4)
DA:12,1
DA:14,1
DA:17,5
DA:21,1
LF:4
LH:4
BRF:0
BRH:0
end_of_record
TN:
SF:/home/griest/graycoreio/daffodil/apps/demo/src/app/cart/components/proceed-to-checkout/proceed-to-checkout.directive.ts
FN:14,(anonymous_3)
FN:10,(anonymous_4)
FN:18,(anonymous_5)
FNF:3
FNH:3
FNDA:2,(anonymous_3)
FNDA:1,(anonymous_4)
FNDA:1,(anonymous_5)
DA:8,1
DA:10,1
DA:11,1
DA:15,2
DA:19,1
LF:5
LH:5
BRF:0
BRH:0
end_of_record
TN:
SF:/home/griest/graycoreio/daffodil/apps/demo/src/app/cart/components/view-cart/view-cart.directive.ts
FN:13,(anonymous_3)
FN:9,(anonymous_4)
FNF:2
FNH:2
FNDA:2,(anonymous_3)
FNDA:1,(anonymous_4)
DA:7,1
DA:9,1
DA:10,1
DA:14,2
LF:4
LH:4
BRF:0
BRH:0
end_of_record
TN:
SF:/home/griest/graycoreio/daffodil/apps/demo/src/app/cart/pages/cart-view/cart-view.component.ts
FN:16,(anonymous_3)
FN:18,(anonymous_4)
FNF:2
FNH:2
FNDA:7,(anonymous_3)
FNDA:7,(anonymous_4)
DA:11,1
DA:16,7
DA:19,7
DA:20,7
LF:4
LH:4
BRF:0
BRH:0
end_of_record
TN:
SF:/home/griest/graycoreio/daffodil/apps/demo/src/app/cart/routing-resolvers/actions/cart-resolver.actions.ts
FN:5,(anonymous_1)
FN:14,(anonymous_2)
FN:20,(anonymous_3)
FN:26,(anonymous_4)
FNF:4
FNH:4
FNDA:1,(anonymous_1)
FNDA:12,(anonymous_2)
FNDA:17,(anonymous_3)
FNDA:10,(anonymous_4)
DA:5,1
DA:6,1
DA:7,1
DA:8,1
DA:12,12
DA:18,17
DA:20,17
DA:24,10
DA:26,10
LF:9
LH:9
BRDA:5,0,0,1
BRDA:5,0,1,1
BRF:2
BRH:2
end_of_record
TN:
SF:/home/griest/graycoreio/daffodil/apps/demo/src/app/cart/routing-resolvers/effects/cart-resolver.effects.ts
FN:23,(anonymous_5)
FN:33,(anonymous_6)
FN:36,(anonymous_7)
FN:47,(anonymous_8)
FN:51,(anonymous_9)
FN:53,(anonymous_10)
FN:54,(anonymous_11)
FNF:7
FNH:6
FNDA:4,(anonymous_5)
FNDA:3,(anonymous_6)
FNDA:3,(anonymous_7)
FNDA:0,(anonymous_8)
FNDA:2,(anonymous_9)
FNDA:1,(anonymous_10)
FNDA:1,(anonymous_11)
DA:22,1
DA:24,4
DA:25,4
DA:26,4
DA:27,4
DA:31,4
DA:34,3
DA:37,3
DA:38,1
DA:40,2
DA:48,0
DA:52,2
DA:53,1
DA:55,1
LF:14
LH:13
BRDA:37,0,0,1
BRDA:37,0,1,2
BRF:2
BRH:2
end_of_record
TN:
SF:/home/griest/graycoreio/daffodil/apps/demo/src/app/cart/routing-resolvers/resolvers/cart-resolver.service.ts
FN:15,(anonymous_3)
FN:21,(anonymous_4)
FN:25,(anonymous_5)
FN:27,(anonymous_6)
FNF:4
FNH:4
FNDA:12,(anonymous_3)
FNDA:10,(anonymous_4)
FNDA:19,(anonymous_5)
FNDA:9,(anonymous_6)
DA:14,1
DA:16,12
DA:17,12
DA:18,12
DA:22,10
DA:24,10
DA:25,19
DA:28,9
DA:29,4
DA:30,4
DA:32,5
LF:11
LH:11
BRDA:25,0,0,19
BRDA:25,0,1,12
BRDA:28,1,0,4
BRDA:28,1,1,5
BRF:4
BRH:4
end_of_record
TN:
SF:/home/griest/graycoreio/daffodil/apps/demo/src/app/cart/routing-resolvers/resolvers/empty-cart-resolver.service.ts
FN:15,(anonymous_3)
FN:20,(anonymous_4)
FN:22,(anonymous_5)
FN:23,(anonymous_6)
FNF:4
FNH:4
FNDA:4,(anonymous_3)
FNDA:3,(anonymous_4)
FNDA:3,(anonymous_5)
FNDA:3,(anonymous_6)
DA:14,1
DA:16,4
DA:17,4
DA:21,3
DA:22,3
DA:24,3
DA:25,2
DA:27,3
LF:8
LH:8
BRDA:24,0,0,2
BRDA:24,0,1,1
BRF:2
BRH:2
end_of_record
TN:
SF:/home/griest/graycoreio/daffodil/apps/demo/src/app/cart/selectors/cart-selector.ts
FN:21,(anonymous_1)
FN:23,(anonymous_2)
FN:32,(anonymous_3)
FNF:3
FNH:3
FNDA:1,(anonymous_1)
FNDA:2,(anonymous_2)
FNDA:2,(anonymous_3)
DA:9,1
DA:15,1
DA:19,1
DA:22,1
DA:23,1
DA:24,2
DA:26,1
DA:30,1
DA:33,2
LF:9
LH:9
BRF:0
BRH:0
end_of_record
TN:
SF:/home/griest/graycoreio/daffodil/apps/demo/src/app/checkout/actions/checkout.actions.ts
FN:3,(anonymous_1)
FN:8,(anonymous_2)
FN:12,(anonymous_3)
FNF:3
FNH:3
FNDA:1,(anonymous_1)
FNDA:9,(anonymous_2)
FNDA:3,(anonymous_3)
DA:3,1
DA:4,1
DA:5,1
DA:9,9
DA:13,3
LF:5
LH:5
BRDA:3,0,0,1
BRDA:3,0,1,1
BRF:2
BRH:2
end_of_record
TN:
SF:/home/griest/graycoreio/daffodil/apps/demo/src/app/checkout/actions/payment.actions.ts
FN:3,(anonymous_1)
FN:13,(anonymous_2)
FN:19,(anonymous_3)
FN:25,(anonymous_4)
FN:31,(anonymous_5)
FNF:5
FNH:5
FNDA:1,(anonymous_1)
FNDA:4,(anonymous_2)
FNDA:4,(anonymous_3)
FNDA:29,(anonymous_4)
FNDA:5,(anonymous_5)
DA:3,1
DA:4,1
DA:5,1
DA:6,1
DA:7,1
DA:11,4
DA:17,4
DA:23,29
DA:29,5
LF:9
LH:9
BRDA:3,0,0,1
BRDA:3,0,1,1
BRF:2
BRH:2
end_of_record
TN:
SF:/home/griest/graycoreio/daffodil/apps/demo/src/app/checkout/actions/shipping.actions.ts
FN:3,(anonymous_1)
FN:11,(anonymous_2)
FN:17,(anonymous_3)
FNF:3
FNH:3
FNDA:1,(anonymous_1)
FNDA:3,(anonymous_2)
FNDA:32,(anonymous_3)
DA:3,1
DA:4,1
DA:5,1
DA:9,3
DA:15,32
DA:17,32
LF:6
LH:6
BRDA:3,0,0,1
BRDA:3,0,1,1
BRF:2
BRH:2
end_of_record
TN:
SF:/home/griest/graycoreio/daffodil/apps/demo/src/app/checkout/components/forms/address-form/components/address-form/address-form.component.ts
FN:19,(anonymous_3)
FNF:1
FNH:1
FNDA:7,(anonymous_3)
DA:14,1
DA:16,1
DA:17,1
DA:21,7
LF:4
LH:4
BRF:0
BRH:0
end_of_record
TN:
SF:/home/griest/graycoreio/daffodil/apps/demo/src/app/checkout/components/forms/address-form/factories/address-form.factory.ts
FN:9,(anonymous_3)
FN:13,(anonymous_4)
FNF:2
FNH:2
FNDA:45,(anonymous_3)
FNDA:44,(anonymous_4)
DA:7,1
DA:10,45
DA:14,44
LF:3
LH:3
BRDA:15,0,0,16
BRDA:15,0,1,28
BRDA:16,1,0,16
BRDA:16,1,1,28
BRDA:17,2,0,16
BRDA:17,2,1,28
BRDA:18,3,0,16
BRDA:18,3,1,28
BRDA:19,4,0,16
BRDA:19,4,1,28
BRDA:20,5,0,16
BRDA:20,5,1,28
BRDA:21,6,0,16
BRDA:21,6,1,28
BRF:14
BRH:14
end_of_record
TN:
SF:/home/griest/graycoreio/daffodil/apps/demo/src/app/checkout/components/payment/address-summary/address-summary.component.ts
FNF:0
FNH:0
DA:8,1
DA:10,1
LF:2
LH:2
BRF:0
BRH:0
end_of_record
TN:
SF:/home/griest/graycoreio/daffodil/apps/demo/src/app/checkout/components/payment/billing-summary/billing-summary.component.ts
FNF:0
FNH:0
DA:9,1
DA:11,1
DA:12,1
LF:3
LH:3
BRF:0
BRH:0
end_of_record
TN:
SF:/home/griest/graycoreio/daffodil/apps/demo/src/app/checkout/components/payment/payment/payment.component.ts
FN:25,(anonymous_3)
FN:29,(anonymous_4)
FN:43,(anonymous_5)
FN:49,(anonymous_6)
FN:54,(anonymous_7)
FN:58,(anonymous_8)
FNF:6
FNH:6
FNDA:26,(anonymous_3)
FNDA:28,(anonymous_4)
FNDA:2,(anonymous_5)
FNDA:2,(anonymous_6)
FNDA:1,(anonymous_7)
FNDA:1,(anonymous_8)
DA:15,1
DA:17,1
DA:18,1
DA:19,1
DA:20,26
DA:21,26
DA:22,26
DA:26,26
DA:30,28
DA:31,27
DA:35,1
DA:40,28
DA:44,2
DA:50,2
DA:51,2
DA:55,1
DA:59,1
LF:17
LH:17
BRDA:30,0,0,27
BRDA:30,0,1,1
BRF:2
BRH:2
end_of_record
TN:
SF:/home/griest/graycoreio/daffodil/apps/demo/src/app/checkout/components/payment/payment-form/payment-form.component.ts
FN:29,(anonymous_3)
FN:36,(anonymous_4)
FN:43,(anonymous_5)
FNF:3
FNH:3
FNDA:27,(anonymous_3)
FNDA:27,(anonymous_4)
FNDA:9,(anonymous_5)
DA:18,1
DA:20,1
DA:21,1
DA:22,1
DA:23,27
DA:24,27
DA:25,27
DA:30,27
DA:31,27
DA:32,27
DA:33,27
DA:37,27
DA:44,9
DA:45,3
DA:48,3
DA:49,6
DA:50,3
DA:54,3
DA:57,3
LF:19
LH:19
BRDA:44,0,0,3
BRDA:44,0,1,6
BRDA:44,1,0,9
BRDA:44,1,1,3
BRDA:49,2,0,3
BRDA:49,2,1,3
BRF:6
BRH:6
end_of_record
TN:
SF:/home/griest/graycoreio/daffodil/apps/demo/src/app/checkout/components/payment/payment-info-form/components/payment-info-form/payment-info-form.component.ts
FN:24,(anonymous_3)
FNF:1
FNH:1
FNDA:9,(anonymous_3)
DA:19,1
DA:21,1
DA:22,1
DA:26,9
DA:42,9
LF:5
LH:5
BRF:0
BRH:0
end_of_record
TN:
SF:/home/griest/graycoreio/daffodil/apps/demo/src/app/checkout/components/payment/payment-info-form/factories/payment-info-form.factory.ts
FN:9,(anonymous_3)
FN:13,(anonymous_4)
FNF:2
FNH:2
FNDA:31,(anonymous_3)
FNDA:30,(anonymous_4)
DA:7,1
DA:10,31
DA:14,30
LF:3
LH:3
BRDA:15,0,0,1
BRDA:15,0,1,29
BRDA:16,1,0,1
BRDA:16,1,1,29
BRDA:17,2,0,1
BRDA:17,2,1,29
BRDA:18,3,0,1
BRDA:18,3,1,29
BRDA:19,4,0,1
BRDA:19,4,1,29
BRF:10
BRH:10
end_of_record
TN:
SF:/home/griest/graycoreio/daffodil/apps/demo/src/app/checkout/components/payment/payment-summary/payment-summary.component.ts
FN:15,(anonymous_3)
FN:17,(anonymous_4)
FNF:2
FNH:2
FNDA:5,(anonymous_3)
FNDA:1,(anonymous_4)
DA:10,1
DA:12,1
DA:13,5
DA:18,1
LF:4
LH:4
BRF:0
BRH:0
end_of_record
TN:
SF:/home/griest/graycoreio/daffodil/apps/demo/src/app/checkout/components/place-order/place-order.component.ts
FN:22,(anonymous_3)
FN:27,(anonymous_4)
FN:32,(anonymous_5)
FN:33,(anonymous_6)
FNF:4
FNH:4
FNDA:7,(anonymous_3)
FNDA:7,(anonymous_4)
FNDA:1,(anonymous_5)
FNDA:1,(anonymous_6)
DA:17,1
DA:23,7
DA:24,7
DA:28,7
DA:29,7
DA:33,1
DA:34,1
LF:7
LH:7
BRF:0
BRH:0
end_of_record
TN:
SF:/home/griest/graycoreio/daffodil/apps/demo/src/app/checkout/components/shipping/shipping/shipping.component.ts
FN:26,(anonymous_3)
FN:30,(anonymous_4)
FN:38,(anonymous_5)
FN:44,(anonymous_6)
FNF:4
FNH:4
FNDA:20,(anonymous_3)
FNDA:21,(anonymous_4)
FNDA:1,(anonymous_5)
FNDA:3,(anonymous_6)
DA:15,1
DA:17,1
DA:18,1
DA:19,1
DA:20,1
DA:21,20
DA:22,20
DA:27,20
DA:31,21
DA:35,21
DA:39,1
DA:45,3
DA:46,3
DA:48,3
LF:14
LH:14
BRF:0
BRH:0
end_of_record
TN:
SF:/home/griest/graycoreio/daffodil/apps/demo/src/app/checkout/components/shipping/shipping-form/shipping-form.component.ts
FN:22,(anonymous_3)
FN:28,(anonymous_4)
FN:35,(anonymous_5)
FN:39,(anonymous_6)
FNF:4
FNH:4
FNDA:15,(anonymous_3)
FNDA:18,(anonymous_4)
FNDA:34,(anonymous_5)
FNDA:2,(anonymous_6)
DA:14,1
DA:16,1
DA:17,1
DA:18,15
DA:23,15
DA:24,15
DA:25,15
DA:29,18
DA:36,34
DA:40,2
DA:41,1
LF:11
LH:11
BRDA:40,0,0,1
BRDA:40,0,1,1
BRF:2
BRH:2
end_of_record
TN:
SF:/home/griest/graycoreio/daffodil/apps/demo/src/app/checkout/components/shipping/shipping-options/components/factories/shipping-option-form.factory.ts
FN:9,(anonymous_3)
FN:13,(anonymous_4)
FNF:2
FNH:2
FNDA:19,(anonymous_3)
FNDA:19,(anonymous_4)
DA:7,1
DA:10,19
DA:14,19
LF:3
LH:3
BRF:0
BRH:0
end_of_record
TN:
SF:/home/griest/graycoreio/daffodil/apps/demo/src/app/checkout/components/shipping/shipping-options/components/factories/shipping-options.factory.ts
FN:10,(anonymous_3)
FN:12,(anonymous_4)
FNF:2
FNH:2
FNDA:21,(anonymous_3)
FNDA:21,(anonymous_4)
DA:8,1
DA:13,21
LF:2
LH:2
BRF:0
BRH:0
end_of_record
TN:
SF:/home/griest/graycoreio/daffodil/apps/demo/src/app/checkout/components/shipping/shipping-options/components/services/shipping-option-form.service.ts
FN:13,(anonymous_3)
FN:19,(anonymous_4)
FNF:2
FNH:2
FNDA:17,(anonymous_3)
FNDA:20,(anonymous_4)
DA:9,1
DA:16,17
DA:20,20
LF:3
LH:3
BRF:0
BRH:0
end_of_record
TN:
SF:/home/griest/graycoreio/daffodil/apps/demo/src/app/checkout/components/shipping/shipping-options/components/services/shipping-options.service.ts
FN:14,(anonymous_3)
FN:18,(anonymous_4)
FNF:2
FNH:2
FNDA:19,(anonymous_3)
FNDA:20,(anonymous_4)
DA:10,1
DA:15,19
DA:19,20
LF:3
LH:3
BRF:0
BRH:0
end_of_record
TN:
SF:/home/griest/graycoreio/daffodil/apps/demo/src/app/checkout/components/shipping/shipping-options/components/shipping-options/shipping-options.component.ts
FN:22,(anonymous_3)
FN:28,(anonymous_4)
FN:32,(anonymous_5)
FNF:3
FNH:3
FNDA:9,(anonymous_3)
FNDA:9,(anonymous_4)
FNDA:14,(anonymous_5)
DA:14,1
DA:15,1
DA:16,1
DA:23,9
DA:25,9
DA:29,9
DA:33,14
LF:7
LH:7
BRF:0
BRH:0
end_of_record
TN:
SF:/home/griest/graycoreio/daffodil/apps/demo/src/app/checkout/components/shipping/shipping-summary/shipping-summary.component.ts
FN:21,(anonymous_3)
FN:27,(anonymous_4)
FN:35,(anonymous_5)
FNF:3
FNH:3
FNDA:8,(anonymous_3)
FNDA:16,(anonymous_4)
FNDA:1,(anonymous_5)
DA:13,1
DA:15,1
DA:16,1
DA:17,8
DA:22,8
DA:24,8
DA:28,16
DA:29,16
DA:30,16
DA:36,1
LF:10
LH:10
BRDA:29,0,0,16
BRDA:29,0,1,0
BRF:2
BRH:1
end_of_record
TN:
SF:/home/griest/graycoreio/daffodil/apps/demo/src/app/checkout/effects/checkout.effects.ts
FN:15,(anonymous_3)
FN:23,(anonymous_4)
FN:31,(anonymous_5)
FNF:3
FNH:3
FNDA:3,(anonymous_3)
FNDA:1,(anonymous_4)
FNDA:1,(anonymous_5)
DA:13,1
DA:16,3
DA:17,3
DA:21,3
DA:24,1
DA:29,3
DA:32,1
LF:7
LH:7
BRF:0
BRH:0
end_of_record
TN:
SF:/home/griest/graycoreio/daffodil/apps/demo/src/app/checkout/pages/checkout-view/checkout-view.component.ts
FN:22,(anonymous_3)
FN:27,(anonymous_4)
FN:34,(anonymous_5)
FNF:3
FNH:3
FNDA:37,(anonymous_3)
FNDA:37,(anonymous_4)
FNDA:2,(anonymous_5)
DA:15,1
DA:23,37
DA:24,37
DA:28,37
DA:29,37
DA:30,37
DA:31,37
DA:35,2
LF:8
LH:8
BRF:0
BRH:0
end_of_record
TN:
SF:/home/griest/graycoreio/daffodil/apps/demo/src/app/checkout/reducers/checkout.reducer.ts
FN:13,reducer
FN:24,(anonymous_2)
FN:26,(anonymous_3)
FNF:3
FNH:3
FNDA:86,reducer
FNDA:2,(anonymous_2)
FNDA:2,(anonymous_3)
DA:8,1
DA:14,86
DA:16,1
DA:18,1
DA:20,84
DA:24,2
DA:26,2
LF:7
LH:7
BRDA:13,0,0,55
BRDA:15,1,0,1
BRDA:15,1,1,1
BRDA:15,1,2,84
BRF:4
BRH:4
end_of_record
TN:
SF:/home/griest/graycoreio/daffodil/apps/demo/src/app/checkout/reducers/index.ts
FN:33,(anonymous_1)
FN:46,(anonymous_2)
FN:64,(anonymous_3)
FNF:3
FNH:3
FNDA:22,(anonymous_1)
FNDA:3,(anonymous_2)
FNDA:3,(anonymous_3)
DA:17,1
DA:26,1
DA:31,1
DA:33,22
DA:36,1
DA:44,1
DA:46,3
DA:49,1
DA:54,1
DA:62,1
DA:64,3
DA:67,1
DA:72,1
LF:13
LH:13
BRF:0
BRH:0
end_of_record
TN:
SF:/home/griest/graycoreio/daffodil/apps/demo/src/app/checkout/reducers/payment.reducer.ts
FN:13,reducer
FN:28,(anonymous_2)
FN:30,(anonymous_3)
FNF:3
FNH:3
FNDA:89,reducer
FNDA:2,(anonymous_2)
FNDA:2,(anonymous_3)
DA:8,1
DA:14,89
DA:16,1
DA:18,2
DA:20,1
DA:22,1
DA:24,84
DA:28,2
DA:30,2
LF:9
LH:9
BRDA:13,0,0,55
BRDA:15,1,0,1
BRDA:15,1,1,2
BRDA:15,1,2,1
BRDA:15,1,3,1
BRDA:15,1,4,84
BRF:6
BRH:6
end_of_record
TN:
SF:/home/griest/graycoreio/daffodil/apps/demo/src/app/checkout/reducers/shipping.reducer.ts
FN:11,reducer
FN:22,(anonymous_2)
FNF:2
FNH:2
FNDA:87,reducer
FNDA:22,(anonymous_2)
DA:7,1
DA:12,87
DA:14,1
DA:16,30
DA:18,56
DA:22,22
LF:6
LH:6
BRDA:11,0,0,55
BRDA:13,1,0,1
BRDA:13,1,1,30
BRDA:13,1,2,56
BRF:4
BRH:4
end_of_record
TN:
SF:/home/griest/graycoreio/daffodil/apps/demo/src/app/core/footer/footer.component.ts
FN:5,(anonymous_2)
FNF:1
FNH:1
FNDA:3,(anonymous_2)
DA:10,1
DA:11,3
DA:12,3
DA:13,3
DA:15,3
LF:5
LH:5
BRF:0
BRH:0
end_of_record
TN:
SF:/home/griest/graycoreio/daffodil/apps/demo/src/app/core/header/components/header/header.component.ts
FN:11,(anonymous_3)
FN:15,(anonymous_4)
FNF:2
FNH:2
FNDA:4,(anonymous_3)
FNDA:1,(anonymous_4)
DA:9,1
DA:12,4
DA:16,1
LF:3
LH:3
BRF:0
BRH:0
end_of_record
TN:
SF:/home/griest/graycoreio/daffodil/apps/demo/src/app/core/header/containers/header/header.component.ts
FN:17,(anonymous_3)
FN:19,(anonymous_4)
FNF:2
FNH:2
FNDA:2,(anonymous_3)
FNDA:1,(anonymous_4)
DA:13,1
DA:14,2
DA:15,2
DA:17,2
DA:20,1
LF:5
LH:5
BRF:0
BRH:0
end_of_record
TN:
SF:/home/griest/graycoreio/daffodil/apps/demo/src/app/core/image-gallery/actions/image-gallery.actions.ts
FN:3,(anonymous_1)
FN:10,(anonymous_2)
FNF:2
FNH:2
FNDA:1,(anonymous_1)
FNDA:13,(anonymous_2)
DA:3,1
DA:4,1
DA:8,13
DA:10,13
LF:4
LH:4
BRDA:3,0,0,1
BRDA:3,0,1,1
BRF:2
BRH:2
end_of_record
TN:
SF:/home/griest/graycoreio/daffodil/apps/demo/src/app/core/image-gallery/components/image-gallery.component.ts
FN:18,(anonymous_3)
FN:22,(anonymous_4)
FN:27,(anonymous_5)
FNF:3
FNH:3
FNDA:9,(anonymous_3)
FNDA:11,(anonymous_4)
FNDA:10,(anonymous_5)
DA:13,1
DA:15,1
DA:19,9
DA:23,11
DA:24,11
DA:28,10
LF:6
LH:6
BRF:0
BRH:0
end_of_record
TN:
SF:/home/griest/graycoreio/daffodil/apps/demo/src/app/core/image-gallery/reducers/image-gallery.reducer.ts
FN:11,reducer
FN:20,(anonymous_2)
FNF:2
FNH:2
FNDA:5,reducer
FNDA:2,(anonymous_2)
DA:7,1
DA:12,5
DA:14,2
DA:16,3
DA:20,2
LF:5
LH:5
BRDA:11,0,0,2
BRDA:13,1,0,2
BRDA:13,1,1,3
BRF:3
BRH:3
end_of_record
TN:
SF:/home/griest/graycoreio/daffodil/apps/demo/src/app/core/image-gallery/reducers/index.ts
FN:27,(anonymous_1)
FNF:1
FNH:1
FNDA:2,(anonymous_1)
DA:13,1
DA:20,1
DA:25,1
DA:27,2
DA:30,1
LF:5
LH:5
BRF:0
BRH:0
end_of_record
TN:
SF:/home/griest/graycoreio/daffodil/apps/demo/src/app/core/logo/logo.component.ts
FN:3,(anonymous_3)
FN:10,(anonymous_4)
FNF:2
FNH:2
FNDA:1,(anonymous_3)
FNDA:3,(anonymous_4)
DA:3,1
DA:4,1
DA:5,1
DA:6,1
DA:7,1
DA:16,1
DA:17,3
LF:7
LH:7
BRDA:3,0,0,1
BRDA:3,0,1,1
BRF:2
BRH:2
end_of_record
TN:
SF:/home/griest/graycoreio/daffodil/apps/demo/src/app/core/logo/logo.module.ts
FNF:0
FNH:0
DA:16,1
LF:1
LH:1
BRF:0
BRH:0
end_of_record
TN:
SF:/home/griest/graycoreio/daffodil/apps/demo/src/app/core/sidebar/actions/sidebar.actions.ts
FN:3,(anonymous_1)
FN:10,(anonymous_2)
FN:14,(anonymous_3)
FN:18,(anonymous_4)
FN:25,(anonymous_5)
FNF:5
FNH:5
FNDA:1,(anonymous_1)
FNDA:5,(anonymous_2)
FNDA:3,(anonymous_3)
FNDA:3,(anonymous_4)
FNDA:4,(anonymous_5)
DA:3,1
DA:4,1
DA:5,1
DA:6,1
DA:7,1
DA:11,5
DA:15,3
DA:19,3
DA:23,4
DA:25,4
LF:10
LH:10
BRDA:3,0,0,1
BRDA:3,0,1,1
BRF:2
BRH:2
end_of_record
TN:
SF:/home/griest/graycoreio/daffodil/apps/demo/src/app/core/sidebar/components/sidebar-list/sidebar-list.component.ts
FN:5,(anonymous_3)
FN:15,(anonymous_4)
FN:19,(anonymous_5)
FNF:3
FNH:3
FNDA:113,(anonymous_3)
FNDA:194,(anonymous_4)
FNDA:436,(anonymous_5)
DA:10,1
DA:11,1
DA:13,113
DA:16,194
DA:20,436
LF:5
LH:5
BRF:0
BRH:0
end_of_record
TN:
SF:/home/griest/graycoreio/daffodil/apps/demo/src/app/core/sidebar/containers/sidebar/sidebar.component.ts
FN:23,(anonymous_3)
FN:28,(anonymous_4)
FN:35,(anonymous_5)
FNF:3
FNH:2
FNDA:11,(anonymous_3)
FNDA:15,(anonymous_4)
FNDA:0,(anonymous_5)
DA:17,1
DA:18,11
DA:24,11
DA:25,11
DA:29,15
DA:30,15
DA:31,15
DA:32,15
DA:36,0
LF:9
LH:8
BRF:0
BRH:0
end_of_record
TN:
SF:/home/griest/graycoreio/daffodil/apps/demo/src/app/core/sidebar/containers/sidebar-viewport/sidebar-viewport.component.ts
FN:16,(anonymous_3)
FN:20,(anonymous_4)
FN:24,(anonymous_5)
FN:28,(anonymous_6)
FN:32,(anonymous_7)
FN:36,(anonymous_8)
FNF:6
FNH:6
FNDA:8,(anonymous_3)
FNDA:9,(anonymous_4)
FNDA:1,(anonymous_5)
FNDA:1,(anonymous_6)
FNDA:1,(anonymous_7)
FNDA:1,(anonymous_8)
DA:12,1
DA:17,8
DA:21,9
DA:25,1
DA:29,1
DA:33,1
DA:37,1
LF:7
LH:7
BRF:0
BRH:0
end_of_record
TN:
SF:/home/griest/graycoreio/daffodil/apps/demo/src/app/core/sidebar/reducers/index.ts
FN:27,(anonymous_1)
FNF:1
FNH:1
FNDA:2,(anonymous_1)
DA:13,1
DA:20,1
DA:25,1
DA:27,2
DA:30,1
LF:5
LH:5
BRF:0
BRH:0
end_of_record
TN:
SF:/home/griest/graycoreio/daffodil/apps/demo/src/app/core/sidebar/reducers/sidebar.reducer.ts
FN:11,reducer
FN:26,(anonymous_2)
FNF:2
FNH:2
FNDA:8,reducer
FNDA:2,(anonymous_2)
DA:7,1
DA:12,8
DA:14,1
DA:16,1
DA:18,1
DA:20,2
DA:22,3
DA:26,2
LF:8
LH:8
BRDA:11,0,0,2
BRDA:13,1,0,1
BRDA:13,1,1,1
BRDA:13,1,2,1
BRDA:13,1,3,2
BRDA:13,1,4,3
BRF:6
BRH:6
end_of_record
TN:
SF:/home/griest/graycoreio/daffodil/apps/demo/src/app/core/template/template/template.component.ts
FNF:0
FNH:0
DA:7,1
LF:1
LH:1
BRF:0
BRH:0
end_of_record
TN:
SF:/home/griest/graycoreio/daffodil/apps/demo/src/app/drivers/in-memory/backend/backend.service.ts
FN:23,(anonymous_3)
FN:31,(anonymous_4)
FN:35,(anonymous_5)
FN:48,(anonymous_6)
FN:57,(anonymous_7)
FNF:5
FNH:4
FNDA:14,(anonymous_3)
FNDA:0,(anonymous_4)
FNDA:3,(anonymous_5)
FNDA:5,(anonymous_6)
FNDA:5,(anonymous_7)
DA:22,1
DA:24,14
DA:25,14
DA:26,14
DA:27,14
DA:28,14
DA:32,0
DA:36,3
DA:37,3
DA:38,2
DA:39,1
DA:40,0
DA:41,1
DA:42,0
DA:45,1
DA:49,5
DA:50,5
DA:51,2
DA:52,3
DA:53,2
DA:58,5
LF:21
LH:18
BRDA:37,0,0,2
BRDA:37,0,1,1
BRDA:39,1,0,0
BRDA:39,1,1,1
BRDA:41,2,0,0
BRDA:41,2,1,1
BRDA:50,3,0,2
BRDA:50,3,1,3
BRDA:52,4,0,2
BRDA:52,4,1,1
BRF:10
BRH:8
end_of_record
TN:
SF:/home/griest/graycoreio/daffodil/apps/demo/src/app/misc/help-box/help-box.component.ts
FNF:0
FNH:0
DA:8,1
LF:1
LH:1
BRF:0
BRH:0
end_of_record
TN:
SF:/home/griest/graycoreio/daffodil/apps/demo/src/app/misc/not-found/not-found.component.ts
FN:3,(anonymous_2)
FNF:1
FNH:1
FNDA:2,(anonymous_2)
DA:8,1
DA:9,2
LF:2
LH:2
BRF:0
BRH:0
end_of_record
TN:
SF:/home/griest/graycoreio/daffodil/apps/demo/src/app/newsletter/newsletter.component.ts
FN:21,(anonymous_3)
FN:23,(anonymous_4)
FN:28,(anonymous_5)
FN:31,(anonymous_6)
FN:35,(anonymous_7)
FNF:5
FNH:1
FNDA:9,(anonymous_3)
FNDA:0,(anonymous_4)
FNDA:0,(anonymous_5)
FNDA:0,(anonymous_6)
FNDA:0,(anonymous_7)
DA:13,1
DA:15,9
DA:16,9
DA:17,9
DA:19,9
DA:21,9
DA:24,0
DA:25,0
DA:29,0
DA:32,0
DA:36,0
LF:11
LH:6
BRDA:24,0,0,0
BRDA:24,0,1,0
BRF:2
BRH:0
end_of_record
TN:
SF:/home/griest/graycoreio/daffodil/apps/demo/src/app/product/components/add-to-cart/add-to-cart.component.ts
FN:3,(anonymous_3)
FN:17,(anonymous_4)
FN:21,(anonymous_5)
FNF:3
FNH:3
FNDA:5,(anonymous_3)
FNDA:1,(anonymous_4)
FNDA:1,(anonymous_5)
DA:12,1
DA:13,1
DA:14,1
DA:15,5
DA:18,1
DA:22,1
LF:6
LH:6
BRF:0
BRH:0
end_of_record
TN:
SF:/home/griest/graycoreio/daffodil/apps/demo/src/app/product/components/product/product.component.ts
FN:17,(anonymous_3)
FN:21,(anonymous_4)
FN:27,(anonymous_5)
FNF:3
FNH:3
FNDA:12,(anonymous_3)
FNDA:12,(anonymous_4)
FNDA:2,(anonymous_5)
DA:12,1
DA:13,1
DA:14,1
DA:15,12
DA:18,12
DA:22,12
DA:23,1
DA:28,2
LF:8
LH:8
BRDA:22,0,0,1
BRDA:22,0,1,11
BRF:2
BRH:2
end_of_record
TN:
SF:/home/griest/graycoreio/daffodil/apps/demo/src/app/product/components/product-card/product-card.component.ts
FN:15,(anonymous_3)
FN:19,(anonymous_4)
FNF:2
FNH:2
FNDA:3,(anonymous_3)
FNDA:1,(anonymous_4)
DA:11,1
DA:13,1
DA:16,3
DA:20,1
LF:4
LH:4
BRF:0
BRH:0
end_of_record
TN:
SF:/home/griest/graycoreio/daffodil/apps/demo/src/app/product/components/product-card/product-card.module.ts
FNF:0
FNH:0
DA:17,1
LF:1
LH:1
BRF:0
BRH:0
end_of_record
TN:
SF:/home/griest/graycoreio/daffodil/apps/demo/src/app/product/components/product-grid/product-grid.component.ts
FNF:0
FNH:0
DA:10,1
DA:11,1
LF:2
LH:2
BRF:0
BRH:0
end_of_record
TN:
SF:/home/griest/graycoreio/daffodil/apps/demo/src/app/product/components/product-grid/product-grid.module.ts
FNF:0
FNH:0
DA:21,1
LF:1
LH:1
BRF:0
BRH:0
end_of_record
TN:
SF:/home/griest/graycoreio/daffodil/apps/demo/src/app/product/containers/best-sellers/best-sellers.component.ts
FN:13,(anonymous_3)
FN:18,(anonymous_4)
FNF:2
FNH:2
FNDA:6,(anonymous_3)
FNDA:6,(anonymous_4)
DA:11,1
DA:13,6
DA:19,6
DA:20,6
LF:4
LH:4
BRF:0
BRH:0
end_of_record
TN:
SF:/home/griest/graycoreio/daffodil/apps/demo/src/app/product/pages/product-grid-view/product-grid-view.component.ts
FN:14,(anonymous_3)
FN:16,(anonymous_4)
FNF:2
FNH:2
FNDA:10,(anonymous_3)
FNDA:13,(anonymous_4)
DA:9,1
DA:14,10
DA:17,13
DA:18,13
DA:19,13
LF:5
LH:5
BRF:0
BRH:0
end_of_record
TN:
SF:/home/griest/graycoreio/daffodil/apps/demo/src/app/product/pages/product-view/product-view.component.ts
FN:19,(anonymous_3)
FN:25,(anonymous_4)
FN:29,(anonymous_5)
FN:31,(anonymous_6)
FN:33,(anonymous_7)
FN:36,(anonymous_8)
FN:45,(anonymous_9)
FNF:7
FNH:6
FNDA:12,(anonymous_3)
FNDA:0,(anonymous_4)
FNDA:16,(anonymous_5)
FNDA:32,(anonymous_6)
FNDA:16,(anonymous_7)
FNDA:16,(anonymous_8)
FNDA:1,(anonymous_9)
DA:13,1
DA:20,12
DA:21,12
DA:22,12
DA:30,16
DA:31,32
DA:33,16
DA:36,16
DA:37,16
DA:41,16
DA:42,16
DA:46,1
LF:12
LH:12
BRF:0
BRH:0
end_of_record
TN:
SF:/home/griest/graycoreio/daffodil/apps/demo/src/app/routing/router-percent-enum.ts
FN:1,(anonymous_1)
FNF:1
FNH:1
FNDA:1,(anonymous_1)
DA:1,1
DA:2,1
DA:3,1
DA:4,1
DA:5,1
DA:6,1
DA:7,1
DA:8,1
DA:9,1
DA:10,1
DA:11,1
DA:12,1
LF:12
LH:12
BRDA:1,0,0,1
BRDA:1,0,1,1
BRF:2
BRH:2
end_of_record
TN:
SF:/home/griest/graycoreio/daffodil/apps/demo/src/app/routing/routing-component.module.ts
FNF:0
FNH:0
DA:19,1
LF:1
LH:1
BRF:0
BRH:0
end_of_record
TN:
SF:/home/griest/graycoreio/daffodil/apps/demo/src/app/routing/indicator/indicator.component.ts
FN:17,(anonymous_3)
FN:19,(anonymous_4)
FN:21,(anonymous_5)
FN:22,(anonymous_6)
FN:23,(anonymous_7)
FN:24,(anonymous_8)
FN:25,(anonymous_9)
FN:29,(anonymous_10)
FNF:8
FNH:7
FNDA:4,(anonymous_3)
FNDA:3,(anonymous_4)
FNDA:2,(anonymous_5)
FNDA:2,(anonymous_6)
FNDA:2,(anonymous_7)
FNDA:2,(anonymous_8)
FNDA:1,(anonymous_9)
FNDA:0,(anonymous_10)
DA:12,1
DA:14,4
DA:15,4
DA:17,4
DA:20,3
DA:21,2
DA:22,2
DA:23,2
DA:24,2
DA:25,1
DA:30,0
LF:11
LH:10
BRF:0
BRH:0
end_of_record
TN:
SF:/home/griest/graycoreio/daffodil/apps/demo/src/app/testing/ActivatedRouteStub.ts
FN:13,(anonymous_1)
FN:21,(anonymous_2)
FNF:2
FNH:2
FNDA:1,(anonymous_1)
FNDA:15,(anonymous_2)
DA:11,1
DA:14,1
DA:18,1
DA:22,15
LF:4
LH:4
BRF:0
BRH:0
end_of_record
TN:
SF:/home/griest/graycoreio/daffodil/apps/demo/src/app/thank-you/components/print-order-summary/print-order-summary.component.ts
FN:9,(anonymous_2)
FNF:1
FNH:0
FNDA:0,(anonymous_2)
DA:7,1
DA:10,0
LF:2
LH:1
BRF:0
BRH:0
end_of_record
TN:
SF:/home/griest/graycoreio/daffodil/apps/demo/src/app/thank-you/components/thank-you/thank-you.component.ts
FNF:0
FNH:0
DA:8,1
LF:1
LH:1
BRF:0
BRH:0
end_of_record
TN:
SF:/home/griest/graycoreio/daffodil/apps/demo/src/app/thank-you/pages/thank-you-view.component.ts
FNF:0
FNH:0
DA:7,1
LF:1
LH:1
BRF:0
BRH:0
end_of_record
