TN:
SF:/home/griest/graycoreio/daffodil/libs/cart/src/index.ts
FNF:0
FNH:0
LF:0
LH:0
BRF:0
BRH:0
end_of_record
TN:
SF:/home/griest/graycoreio/daffodil/libs/cart/src/public_api.ts
FNF:0
FNH:0
LF:0
LH:0
BRF:0
BRH:0
end_of_record
TN:
SF:/home/griest/graycoreio/daffodil/libs/cart/src/injection-tokens/error-matcher.token.ts
FN:9,(anonymous_1)
FNF:1
FNH:1
FNDA:96,(anonymous_1)
DA:9,96
LF:1
LH:1
BRF:0
BRH:0
end_of_record
TN:
SF:/home/griest/graycoreio/daffodil/libs/cart/src/injection-tokens/payment-method-map.ts
FN:11,(anonymous_1)
FNF:1
FNH:1
FNDA:20,(anonymous_1)
DA:10,1
DA:11,20
LF:2
LH:2
BRF:0
BRH:0
end_of_record
TN:
SF:/home/griest/graycoreio/daffodil/libs/cart/src/injection-tokens/public_api.ts
FNF:0
FNH:0
LF:0
LH:0
BRF:0
BRH:0
end_of_record
TN:
SF:/home/griest/graycoreio/daffodil/libs/cart/src/models/cart-item-input.ts
FN:3,(anonymous_1)
FNF:1
FNH:1
FNDA:1,(anonymous_1)
DA:3,1
DA:4,1
DA:5,1
DA:6,1
LF:4
LH:4
BRDA:3,0,0,1
BRDA:3,0,1,1
BRF:2
BRH:2
end_of_record
TN:
SF:/home/griest/graycoreio/daffodil/libs/cart/src/models/cart-total.ts
FN:1,(anonymous_1)
FNF:1
FNH:1
FNDA:1,(anonymous_1)
DA:1,1
DA:2,1
DA:3,1
DA:4,1
DA:5,1
DA:6,1
DA:7,1
DA:8,1
DA:9,1
LF:9
LH:9
BRDA:1,0,0,1
BRDA:1,0,1,1
BRF:2
BRH:2
end_of_record
TN:
SF:/home/griest/graycoreio/daffodil/libs/cart/src/models/public_api.ts
FNF:0
FNH:0
LF:0
LH:0
BRF:0
BRH:0
end_of_record
TN:
SF:/home/griest/graycoreio/daffodil/libs/cart/src/storage/cart-storage.service.ts
FN:29,(anonymous_3)
FN:31,(anonymous_4)
FN:35,(anonymous_5)
FN:39,(anonymous_6)
FN:47,daffCartStorageServiceFactory
FNF:5
FNH:5
FNDA:6,(anonymous_3)
FNDA:5,(anonymous_4)
FNDA:4,(anonymous_5)
FNDA:6,(anonymous_6)
FNDA:6,daffCartStorageServiceFactory
DA:26,1
DA:27,6
DA:29,6
DA:32,5
DA:36,4
DA:40,6
DA:51,6
LF:7
LH:7
BRDA:52,0,0,4
BRDA:52,0,1,2
BRF:2
BRH:2
end_of_record
